<!DOCTYPE html PUBLIC "-//W3C//DTD XHTML 1.1//EN" "https://www.w3.org/TR/xhtml11/DTD/xhtml11.dtd">
<html xmlns="https://www.w3.org/1999/xhtml">
<head>
<meta http-equiv="content-type" content="text/html; charset=UTF-8"/>
<title>TestNG Report</title>
<style type="text/css">table {margin-bottom:10px;border-collapse:collapse;empty-cells:show}th,td {border:1px solid #009;padding:.25em .5em}th {vertical-align:bottom}td {vertical-align:top}table a {font-weight:bold}.stripe td {background-color: #E6EBF9}.num {text-align:right}.passedodd td {background-color: #3F3}.passedeven td {background-color: #0A0}.skippedodd td {background-color: #DDD}.skippedeven td {background-color: #CCC}.failedodd td,.attn {background-color: #F33}.failedeven td,.stripe .attn {background-color: #D00}.stacktrace {white-space:pre;font-family:monospace}.totop {font-size:85%;text-align:center;border-bottom:2px solid #000}.invisible {display:none}</style>
</head>
<body>
<table>
<tr><th>Test</th><th># Passed</th><th># Skipped</th><th># Retried</th><th># Failed</th><th>Time (ms)</th><th>Included Groups</th><th>Excluded Groups</th></tr>
<tr><th colspan="8">Surefire suite</th></tr>
<tr><td><a href="#t0">Surefire test</a></td><td class="num">0</td><td class="num attn">99</td><td class="num">0</td><td class="num">0</td><td class="num">20,252</td><td></td><td></td></tr>
</table>
<table id='summary'><thead><tr><th>Class</th><th>Method</th><th>Start</th><th>Time (ms)</th></tr></thead><tbody><tr><th colspan="4">Surefire suite</th></tr></tbody><tbody id="t0"><tr><th colspan="4">Surefire test &#8212; failed (configuration methods)</th></tr><tr class="failedeven"><td rowspan="1">practice.elementsTests.ButtonTest</td><td><a href="#m0">launch</a></td><td rowspan="1">1754127156638</td><td rowspan="1">-1754127156638</td></tr><tr><th colspan="4">Surefire test &#8212; skipped (configuration methods)</th></tr><tr class="skippedeven"><td rowspan="1">practice.elementsTests.CheckBoxTest</td><td><a href="#m1">launch</a></td><td rowspan="1">1754127156652</td><td rowspan="1">0</td></tr><tr class="skippedodd"><td rowspan="1">practice.elementsTests.LinksTest</td><td><a href="#m2">launch</a></td><td rowspan="1">1754127156653</td><td rowspan="1">0</td></tr><tr class="skippedeven"><td rowspan="1">practice.elementsTests.LoginTest</td><td><a href="#m3">launch</a></td><td rowspan="1">1754127156653</td><td rowspan="1">0</td></tr><tr class="skippedodd"><td rowspan="1">practice.elementsTests.RadioButtonTest</td><td><a href="#m4">launch</a></td><td rowspan="1">1754127156654</td><td rowspan="1">0</td></tr><tr class="skippedeven"><td rowspan="1">practice.elementsTests.TextBoxTest</td><td><a href="#m5">launch</a></td><td rowspan="1">1754127156654</td><td rowspan="1">0</td></tr><tr class="skippedodd"><td rowspan="1">practice.elementsTests.UploadAndDownloadTest</td><td><a href="#m6">launch</a></td><td rowspan="1">1754127156655</td><td rowspan="1">0</td></tr><tr class="skippedeven"><td rowspan="1">practice.elementsTests.WebTableTest</td><td><a href="#m7">launch</a></td><td rowspan="1">1754127156655</td><td rowspan="1">0</td></tr><tr class="skippedodd"><td rowspan="1">practice.widgetsTests.MenuTest</td><td><a href="#m8">launch</a></td><td rowspan="1">1754127156655</td><td rowspan="1">0</td></tr><tr class="skippedeven"><td rowspan="1">practice.widgetsTests.SelectMenuTest</td><td><a href="#m9">launch</a></td><td rowspan="1">1754127156655</td><td rowspan="1">0</td></tr><tr class="skippedodd"><td rowspan="1">practice.widgetsTests.SliderTest</td><td><a href="#m10">launch</a></td><td rowspan="1">1754127156656</td><td rowspan="1">0</td></tr><tr><th colspan="4">Surefire test &#8212; skipped</th></tr><tr class="skippedeven"><td rowspan="10">practice.alertsFrameAndWindowsTests.AlertsTest</td><td><a href="#m11">clickOnAlertAndAcceptButton</a></td><td rowspan="1">1754127156689</td><td rowspan="1">0</td></tr><tr class="skippedeven"><td><a href="#m12">clickOnAlertAndCancelButton</a></td><td rowspan="1">1754127156690</td><td rowspan="1">0</td></tr><tr class="skippedeven"><td><a href="#m13">clickOnAlerts</a></td><td rowspan="1">1754127156686</td><td rowspan="1">0</td></tr><tr class="skippedeven"><td><a href="#m14">clickOnAlertsFrameAndWindows</a></td><td rowspan="1">1754127156684</td><td rowspan="1">0</td></tr><tr class="skippedeven"><td><a href="#m15">clickOnClose</a></td><td rowspan="1">1754127156678</td><td rowspan="1">0</td></tr><tr class="skippedeven"><td><a href="#m16">clickOnPractice</a></td><td rowspan="1">1754127156684</td><td rowspan="1">0</td></tr><tr class="skippedeven"><td><a href="#m17">clickOnPromptAndCancel</a></td><td rowspan="1">1754127156691</td><td rowspan="1">0</td></tr><tr class="skippedeven"><td><a href="#m18">clickOnPromptInputAndAccept</a></td><td rowspan="1">1754127156691</td><td rowspan="1">0</td></tr><tr class="skippedeven"><td><a href="#m19">clickOnSeeAlertAndAcceptButton</a></td><td rowspan="1">1754127156687</td><td rowspan="1">0</td></tr><tr class="skippedeven"><td><a href="#m20">clickOnWaitAlertAndAcceptButton</a></td><td rowspan="1">1754127156688</td><td rowspan="1">0</td></tr><tr class="skippedodd"><td rowspan="7">practice.alertsFrameAndWindowsTests.BrowserWindowsTest</td><td><a href="#m21">clickOnAlerts</a></td><td rowspan="1">1754127156694</td><td rowspan="1">0</td></tr><tr class="skippedodd"><td><a href="#m22">clickOnAlertsFrameAndWindows</a></td><td rowspan="1">1754127156694</td><td rowspan="1">0</td></tr><tr class="skippedodd"><td><a href="#m23">clickOnClose</a></td><td rowspan="1">1754127156693</td><td rowspan="1">0</td></tr><tr class="skippedodd"><td><a href="#m24">clickOnNewTabButton</a></td><td rowspan="1">1754127156695</td><td rowspan="1">0</td></tr><tr class="skippedodd"><td><a href="#m25">clickOnNewWindowButton</a></td><td rowspan="1">1754127156695</td><td rowspan="1">0</td></tr><tr class="skippedodd"><td><a href="#m26">clickOnNewWindowMessageButton</a></td><td rowspan="1">1754127156696</td><td rowspan="1">0</td></tr><tr class="skippedodd"><td><a href="#m27">clickOnPractice</a></td><td rowspan="1">1754127156693</td><td rowspan="1">0</td></tr><tr class="skippedeven"><td rowspan="6">practice.alertsFrameAndWindowsTests.FramesTest</td><td><a href="#m28">clickOnAlerts</a></td><td rowspan="1">1754127156697</td><td rowspan="1">1</td></tr><tr class="skippedeven"><td><a href="#m29">clickOnAlertsFrameAndWindows</a></td><td rowspan="1">1754127156697</td><td rowspan="1">0</td></tr><tr class="skippedeven"><td><a href="#m30">clickOnClose</a></td><td rowspan="1">1754127156696</td><td rowspan="1">0</td></tr><tr class="skippedeven"><td><a href="#m31">clickOnPractice</a></td><td rowspan="1">1754127156697</td><td rowspan="1">0</td></tr><tr class="skippedeven"><td><a href="#m32">enterInFrame1</a></td><td rowspan="1">1754127156698</td><td rowspan="1">0</td></tr><tr class="skippedeven"><td><a href="#m33">enterInFrame2</a></td><td rowspan="1">1754127156698</td><td rowspan="1">0</td></tr><tr class="skippedodd"><td rowspan="6">practice.alertsFrameAndWindowsTests.ModalDialogsTest</td><td><a href="#m34">clickOnAlertsFrameAndWindows</a></td><td rowspan="1">1754127156699</td><td rowspan="1">0</td></tr><tr class="skippedodd"><td><a href="#m35">clickOnClose</a></td><td rowspan="1">1754127156699</td><td rowspan="1">0</td></tr><tr class="skippedodd"><td><a href="#m36">clickOnModalDialogs</a></td><td rowspan="1">1754127156700</td><td rowspan="1">0</td></tr><tr class="skippedodd"><td><a href="#m37">clickOnPractice</a></td><td rowspan="1">1754127156699</td><td rowspan="1">0</td></tr><tr class="skippedodd"><td><a href="#m38">largeDialogModal</a></td><td rowspan="1">1754127156701</td><td rowspan="1">0</td></tr><tr class="skippedodd"><td><a href="#m39">smallDialogModal</a></td><td rowspan="1">1754127156700</td><td rowspan="1">0</td></tr><tr class="skippedeven"><td rowspan="5">practice.alertsFrameAndWindowsTests.NestedFramesTest</td><td><a href="#m40">clickOnAlertsFrameAndWindows</a></td><td rowspan="1">1754127156702</td><td rowspan="1">0</td></tr><tr class="skippedeven"><td><a href="#m41">clickOnClose</a></td><td rowspan="1">1754127156701</td><td rowspan="1">0</td></tr><tr class="skippedeven"><td><a href="#m42">clickOnNestedFrames</a></td><td rowspan="1">1754127156703</td><td rowspan="1">0</td></tr><tr class="skippedeven"><td><a href="#m43">clickOnPractice</a></td><td rowspan="1">1754127156702</td><td rowspan="1">0</td></tr><tr class="skippedeven"><td><a href="#m44">getInnerFrameText</a></td><td rowspan="1">1754127156704</td><td rowspan="1">0</td></tr><tr class="skippedodd"><td rowspan="7">practice.elementsTests.ButtonTest</td><td><a href="#m45">clickOnButtons</a></td><td rowspan="1">1754127156712</td><td rowspan="1">0</td></tr><tr class="skippedodd"><td><a href="#m46">clickOnClose</a></td><td rowspan="1">1754127156706</td><td rowspan="1">0</td></tr><tr class="skippedodd"><td><a href="#m47">clickOnDoubleClickButton</a></td><td rowspan="1">1754127156713</td><td rowspan="1">0</td></tr><tr class="skippedodd"><td><a href="#m48">clickOnElements</a></td><td rowspan="1">1754127156711</td><td rowspan="1">0</td></tr><tr class="skippedodd"><td><a href="#m49">clickOnPractice</a></td><td rowspan="1">1754127156710</td><td rowspan="1">0</td></tr><tr class="skippedodd"><td><a href="#m50">clickOnRightClickButton</a></td><td rowspan="1">1754127156714</td><td rowspan="1">0</td></tr><tr class="skippedodd"><td><a href="#m51">clickOnSingleClickButton</a></td><td rowspan="1">1754127156715</td><td rowspan="1">0</td></tr><tr class="skippedeven"><td rowspan="7">practice.elementsTests.CheckBoxTest</td><td><a href="#m52">clickCheckBox</a></td><td rowspan="1">1754127156717</td><td rowspan="1">0</td></tr><tr class="skippedeven"><td><a href="#m53">clickDesktopCheckBox</a></td><td rowspan="1">1754127156718</td><td rowspan="1">0</td></tr><tr class="skippedeven"><td><a href="#m54">clickLaptopCheckBox</a></td><td rowspan="1">1754127156718</td><td rowspan="1">0</td></tr><tr class="skippedeven"><td><a href="#m55">clickMobileCheckBox</a></td><td rowspan="1">1754127156718</td><td rowspan="1">0</td></tr><tr class="skippedeven"><td><a href="#m56">clickOnClose</a></td><td rowspan="1">1754127156716</td><td rowspan="1">0</td></tr><tr class="skippedeven"><td><a href="#m57">clickOnElements</a></td><td rowspan="1">1754127156717</td><td rowspan="1">0</td></tr><tr class="skippedeven"><td><a href="#m58">clickOnPractice</a></td><td rowspan="1">1754127156716</td><td rowspan="1">0</td></tr><tr class="skippedodd"><td rowspan="6">practice.elementsTests.LinksTest</td><td><a href="#m59">clickOnClose</a></td><td rowspan="1">1754127156719</td><td rowspan="1">0</td></tr><tr class="skippedodd"><td><a href="#m60">clickOnDemoPageLink</a></td><td rowspan="1">1754127156721</td><td rowspan="1">0</td></tr><tr class="skippedodd"><td><a href="#m61">clickOnElements</a></td><td rowspan="1">1754127156719</td><td rowspan="1">0</td></tr><tr class="skippedodd"><td><a href="#m62">clickOnLinksButton</a></td><td rowspan="1">1754127156720</td><td rowspan="1">0</td></tr><tr class="skippedodd"><td><a href="#m63">clickOnPractice</a></td><td rowspan="1">1754127156719</td><td rowspan="1">0</td></tr><tr class="skippedodd"><td><a href="#m64">validateOpenTabsTitle</a></td><td rowspan="1">1754127156723</td><td rowspan="1">0</td></tr><tr class="skippedeven"><td rowspan="3">practice.elementsTests.LoginTest</td><td><a href="#m65">userLogin</a></td><td rowspan="3">1754127156726</td><td rowspan="3">0</td></tr><tr class="skippedeven"><td><a href="#m66">userLogin</a></td></tr><tr class="skippedeven"><td><a href="#m67">userLogin</a></td></tr><tr class="skippedodd"><td rowspan="7">practice.elementsTests.RadioButtonTest</td><td><a href="#m68">clickOnClose</a></td><td rowspan="1">1754127156729</td><td rowspan="1">0</td></tr><tr class="skippedodd"><td><a href="#m69">clickOnElements</a></td><td rowspan="1">1754127156730</td><td rowspan="1">0</td></tr><tr class="skippedodd"><td><a href="#m70">clickOnImpressiveRadioButton</a></td><td rowspan="1">1754127156732</td><td rowspan="1">1</td></tr><tr class="skippedodd"><td><a href="#m71">clickOnNoRadioButton</a></td><td rowspan="1">1754127156733</td><td rowspan="1">0</td></tr><tr class="skippedodd"><td><a href="#m72">clickOnPractice</a></td><td rowspan="1">1754127156730</td><td rowspan="1">0</td></tr><tr class="skippedodd"><td><a href="#m73">clickOnRadioButtons</a></td><td rowspan="1">1754127156731</td><td rowspan="1">0</td></tr><tr class="skippedodd"><td><a href="#m74">clickOnYesRadioButton</a></td><td rowspan="1">1754127156732</td><td rowspan="1">0</td></tr><tr class="skippedeven"><td rowspan="5">practice.elementsTests.TextBoxTest</td><td><a href="#m75">clickOnClose</a></td><td rowspan="1">1754127156734</td><td rowspan="1">0</td></tr><tr class="skippedeven"><td><a href="#m76">clickOnElements</a></td><td rowspan="1">1754127156736</td><td rowspan="1">0</td></tr><tr class="skippedeven"><td><a href="#m77">clickOnPractice</a></td><td rowspan="1">1754127156735</td><td rowspan="1">0</td></tr><tr class="skippedeven"><td><a href="#m78">clickOnTextBox</a></td><td rowspan="1">1754127156737</td><td rowspan="1">0</td></tr><tr class="skippedeven"><td><a href="#m79">formFillUp</a></td><td rowspan="1">1754127156738</td><td rowspan="1">0</td></tr><tr class="skippedodd"><td rowspan="5">practice.elementsTests.UploadAndDownloadTest</td><td><a href="#m80">clickOnClose</a></td><td rowspan="1">1754127156739</td><td rowspan="1">0</td></tr><tr class="skippedodd"><td><a href="#m81">clickOnElements</a></td><td rowspan="1">1754127156740</td><td rowspan="1">0</td></tr><tr class="skippedodd"><td><a href="#m82">clickOnPractice</a></td><td rowspan="1">1754127156739</td><td rowspan="1">0</td></tr><tr class="skippedodd"><td><a href="#m83">clickOnUploadAndDownloadButton</a></td><td rowspan="1">1754127156741</td><td rowspan="1">0</td></tr><tr class="skippedodd"><td><a href="#m84">performUpload</a></td><td rowspan="1">1754127156742</td><td rowspan="1">0</td></tr><tr class="skippedeven"><td rowspan="7">practice.elementsTests.WebTableTest</td><td><a href="#m85">clicOnCancel</a></td><td rowspan="1">1754127156748</td><td rowspan="1">0</td></tr><tr class="skippedeven"><td><a href="#m86">clickOnClose</a></td><td rowspan="1">1754127156743</td><td rowspan="1">0</td></tr><tr class="skippedeven"><td><a href="#m87">clickOnEdit</a></td><td rowspan="1">1754127156747</td><td rowspan="1">0</td></tr><tr class="skippedeven"><td><a href="#m88">clickOnElements</a></td><td rowspan="1">1754127156745</td><td rowspan="1">0</td></tr><tr class="skippedeven"><td><a href="#m89">clickOnPractice</a></td><td rowspan="1">1754127156744</td><td rowspan="1">0</td></tr><tr class="skippedeven"><td><a href="#m90">clickOnWebTable</a></td><td rowspan="1">1754127156746</td><td rowspan="1">0</td></tr><tr class="skippedeven"><td><a href="#m91">enterDataInWebTable</a></td><td rowspan="1">1754127156746</td><td rowspan="1">0</td></tr><tr class="skippedodd"><td rowspan="5">practice.widgetsTests.MenuTest</td><td><a href="#m92">chooseServicesUITest</a></td><td rowspan="1">1754127156752</td><td rowspan="1">0</td></tr><tr class="skippedodd"><td><a href="#m93">clickOnClose</a></td><td rowspan="1">1754127156749</td><td rowspan="1">0</td></tr><tr class="skippedodd"><td><a href="#m94">clickOnMenu</a></td><td rowspan="1">1754127156751</td><td rowspan="1">0</td></tr><tr class="skippedodd"><td><a href="#m95">clickOnPractice</a></td><td rowspan="1">1754127156750</td><td rowspan="1">0</td></tr><tr class="skippedodd"><td><a href="#m96">clickOnWidgets</a></td><td rowspan="1">1754127156750</td><td rowspan="1">0</td></tr><tr class="skippedeven"><td rowspan="7">practice.widgetsTests.SelectMenuTest</td><td><a href="#m97">chooseMultipleOptions</a></td><td rowspan="1">1754127156759</td><td rowspan="1">0</td></tr><tr class="skippedeven"><td><a href="#m98">chooseSelectOneOption</a></td><td rowspan="1">1754127156758</td><td rowspan="1">0</td></tr><tr class="skippedeven"><td><a href="#m99">chooseSelectValueOptions</a></td><td rowspan="1">1754127156757</td><td rowspan="1">0</td></tr><tr class="skippedeven"><td><a href="#m100">clickOnClose</a></td><td rowspan="1">1754127156753</td><td rowspan="1">0</td></tr><tr class="skippedeven"><td><a href="#m101">clickOnPractice</a></td><td rowspan="1">1754127156754</td><td rowspan="1">0</td></tr><tr class="skippedeven"><td><a href="#m102">clickOnSelectMenu</a></td><td rowspan="1">1754127156756</td><td rowspan="1">0</td></tr><tr class="skippedeven"><td><a href="#m103">clickOnWidgets</a></td><td rowspan="1">1754127156755</td><td rowspan="1">0</td></tr><tr class="skippedodd"><td rowspan="6">practice.widgetsTests.SliderTest</td><td><a href="#m104">clickOnClose</a></td><td rowspan="1">1754127156759</td><td rowspan="1">0</td></tr><tr class="skippedodd"><td><a href="#m105">clickOnPractice</a></td><td rowspan="1">1754127156760</td><td rowspan="1">0</td></tr><tr class="skippedodd"><td><a href="#m106">clickOnSlider</a></td><td rowspan="1">1754127156762</td><td rowspan="1">0</td></tr><tr class="skippedodd"><td><a href="#m107">clickOnWidgets</a></td><td rowspan="1">1754127156761</td><td rowspan="1">0</td></tr><tr class="skippedodd"><td><a href="#m108">colorSlide</a></td><td rowspan="1">1754127156763</td><td rowspan="1">0</td></tr><tr class="skippedodd"><td><a href="#m109">slidePointer</a></td><td rowspan="1">1754127156763</td><td rowspan="1">0</td></tr></tbody>
</table>
<h2>Surefire test</h2><h3 id="m0">practice.elementsTests.ButtonTest#launch</h3><table class="result"><tr><th>Exception</th></tr><tr><td><div class="stacktrace">org.testng.TestNGException: 
Parameter &apos;browser&apos; is required by BeforeTest on method launch but has not been marked @Optional or defined

... Removed 26 stack frames</div></td></tr></table><p class="totop"><a href="#summary">back to summary</a></p>
<h3 id="m1">practice.elementsTests.CheckBoxTest#launch</h3><table class="result"><tr><th class="invisible"/></tr></table><p class="totop"><a href="#summary">back to summary</a></p>
<h3 id="m2">practice.elementsTests.LinksTest#launch</h3><table class="result"><tr><th class="invisible"/></tr></table><p class="totop"><a href="#summary">back to summary</a></p>
<h3 id="m3">practice.elementsTests.LoginTest#launch</h3><table class="result"><tr><th class="invisible"/></tr></table><p class="totop"><a href="#summary">back to summary</a></p>
<h3 id="m4">practice.elementsTests.RadioButtonTest#launch</h3><table class="result"><tr><th class="invisible"/></tr></table><p class="totop"><a href="#summary">back to summary</a></p>
<h3 id="m5">practice.elementsTests.TextBoxTest#launch</h3><table class="result"><tr><th class="invisible"/></tr></table><p class="totop"><a href="#summary">back to summary</a></p>
<h3 id="m6">practice.elementsTests.UploadAndDownloadTest#launch</h3><table class="result"><tr><th class="invisible"/></tr></table><p class="totop"><a href="#summary">back to summary</a></p>
<h3 id="m7">practice.elementsTests.WebTableTest#launch</h3><table class="result"><tr><th class="invisible"/></tr></table><p class="totop"><a href="#summary">back to summary</a></p>
<h3 id="m8">practice.widgetsTests.MenuTest#launch</h3><table class="result"><tr><th class="invisible"/></tr></table><p class="totop"><a href="#summary">back to summary</a></p>
<h3 id="m9">practice.widgetsTests.SelectMenuTest#launch</h3><table class="result"><tr><th class="invisible"/></tr></table><p class="totop"><a href="#summary">back to summary</a></p>
<h3 id="m10">practice.widgetsTests.SliderTest#launch</h3><table class="result"><tr><th class="invisible"/></tr></table><p class="totop"><a href="#summary">back to summary</a></p>
<h3 id="m11">practice.alertsFrameAndWindowsTests.AlertsTest#clickOnAlertAndAcceptButton</h3><table class="result"><tr><th>Exception</th></tr><tr><td><div class="stacktrace">org.testng.TestNGException: 
Parameter &apos;browser&apos; is required by BeforeTest on method launch but has not been marked @Optional or defined

... Removed 26 stack frames</div></td></tr></table><p class="totop"><a href="#summary">back to summary</a></p>
<h3 id="m12">practice.alertsFrameAndWindowsTests.AlertsTest#clickOnAlertAndCancelButton</h3><table class="result"><tr><th>Exception</th></tr><tr><td><div class="stacktrace">org.testng.TestNGException: 
Parameter &apos;browser&apos; is required by BeforeTest on method launch but has not been marked @Optional or defined

... Removed 26 stack frames</div></td></tr></table><p class="totop"><a href="#summary">back to summary</a></p>
<h3 id="m13">practice.alertsFrameAndWindowsTests.AlertsTest#clickOnAlerts</h3><table class="result"><tr><th>Exception</th></tr><tr><td><div class="stacktrace">java.lang.Throwable: Method practice.alertsFrameAndWindowsTests.AlertsTest.clickOnAlerts() on instance practice.alertsFrameAndWindowsTests.AlertsTest@52b1beb6 depends on not successfully finished methods 
[practice.alertsFrameAndWindowsTests.AlertsTest.clickOnAlertsFrameAndWindows() on instance practice.alertsFrameAndWindowsTests.AlertsTest@52b1beb6]
	at java.base/java.util.ArrayList.forEach(ArrayList.java:1541)
... Removed 23 stack frames</div></td></tr></table><p class="totop"><a href="#summary">back to summary</a></p>
<h3 id="m14">practice.alertsFrameAndWindowsTests.AlertsTest#clickOnAlertsFrameAndWindows</h3><table class="result"><tr><th>Exception</th></tr><tr><td><div class="stacktrace">java.lang.Throwable: Method practice.alertsFrameAndWindowsTests.AlertsTest.clickOnAlertsFrameAndWindows() on instance practice.alertsFrameAndWindowsTests.AlertsTest@52b1beb6 depends on not successfully finished methods 
[practice.alertsFrameAndWindowsTests.AlertsTest.clickOnPractice() on instance practice.alertsFrameAndWindowsTests.AlertsTest@52b1beb6]
	at java.base/java.util.ArrayList.forEach(ArrayList.java:1541)
... Removed 23 stack frames</div></td></tr></table><p class="totop"><a href="#summary">back to summary</a></p>
<h3 id="m15">practice.alertsFrameAndWindowsTests.AlertsTest#clickOnClose</h3><table class="result"><tr><th>Exception</th></tr><tr><td><div class="stacktrace">org.testng.TestNGException: 
Parameter &apos;browser&apos; is required by BeforeTest on method launch but has not been marked @Optional or defined

... Removed 26 stack frames</div></td></tr></table><p class="totop"><a href="#summary">back to summary</a></p>
<h3 id="m16">practice.alertsFrameAndWindowsTests.AlertsTest#clickOnPractice</h3><table class="result"><tr><th>Exception</th></tr><tr><td><div class="stacktrace">java.lang.Throwable: Method practice.alertsFrameAndWindowsTests.AlertsTest.clickOnPractice() on instance practice.alertsFrameAndWindowsTests.AlertsTest@52b1beb6 depends on not successfully finished methods 
[practice.alertsFrameAndWindowsTests.AlertsTest.clickOnClose() on instance practice.alertsFrameAndWindowsTests.AlertsTest@52b1beb6]
	at java.base/java.util.ArrayList.forEach(ArrayList.java:1541)
... Removed 23 stack frames</div></td></tr></table><p class="totop"><a href="#summary">back to summary</a></p>
<h3 id="m17">practice.alertsFrameAndWindowsTests.AlertsTest#clickOnPromptAndCancel</h3><table class="result"><tr><th>Exception</th></tr><tr><td><div class="stacktrace">org.testng.TestNGException: 
Parameter &apos;browser&apos; is required by BeforeTest on method launch but has not been marked @Optional or defined

... Removed 26 stack frames</div></td></tr></table><p class="totop"><a href="#summary">back to summary</a></p>
<h3 id="m18">practice.alertsFrameAndWindowsTests.AlertsTest#clickOnPromptInputAndAccept</h3><table class="result"><tr><th>Exception</th></tr><tr><td><div class="stacktrace">org.testng.TestNGException: 
Parameter &apos;browser&apos; is required by BeforeTest on method launch but has not been marked @Optional or defined

... Removed 26 stack frames</div></td></tr></table><p class="totop"><a href="#summary">back to summary</a></p>
<h3 id="m19">practice.alertsFrameAndWindowsTests.AlertsTest#clickOnSeeAlertAndAcceptButton</h3><table class="result"><tr><th>Exception</th></tr><tr><td><div class="stacktrace">org.testng.TestNGException: 
Parameter &apos;browser&apos; is required by BeforeTest on method launch but has not been marked @Optional or defined

... Removed 26 stack frames</div></td></tr></table><p class="totop"><a href="#summary">back to summary</a></p>
<h3 id="m20">practice.alertsFrameAndWindowsTests.AlertsTest#clickOnWaitAlertAndAcceptButton</h3><table class="result"><tr><th>Exception</th></tr><tr><td><div class="stacktrace">org.testng.TestNGException: 
Parameter &apos;browser&apos; is required by BeforeTest on method launch but has not been marked @Optional or defined

... Removed 26 stack frames</div></td></tr></table><p class="totop"><a href="#summary">back to summary</a></p>
<h3 id="m21">practice.alertsFrameAndWindowsTests.BrowserWindowsTest#clickOnAlerts</h3><table class="result"><tr><th>Exception</th></tr><tr><td><div class="stacktrace">java.lang.Throwable: Method practice.alertsFrameAndWindowsTests.BrowserWindowsTest.clickOnAlerts() on instance practice.alertsFrameAndWindowsTests.BrowserWindowsTest@771a660 depends on not successfully finished methods 
[practice.alertsFrameAndWindowsTests.BrowserWindowsTest.clickOnAlertsFrameAndWindows() on instance practice.alertsFrameAndWindowsTests.BrowserWindowsTest@771a660]
	at java.base/java.util.ArrayList.forEach(ArrayList.java:1541)
... Removed 23 stack frames</div></td></tr></table><p class="totop"><a href="#summary">back to summary</a></p>
<h3 id="m22">practice.alertsFrameAndWindowsTests.BrowserWindowsTest#clickOnAlertsFrameAndWindows</h3><table class="result"><tr><th>Exception</th></tr><tr><td><div class="stacktrace">java.lang.Throwable: Method practice.alertsFrameAndWindowsTests.BrowserWindowsTest.clickOnAlertsFrameAndWindows() on instance practice.alertsFrameAndWindowsTests.BrowserWindowsTest@771a660 depends on not successfully finished methods 
[practice.alertsFrameAndWindowsTests.BrowserWindowsTest.clickOnPractice() on instance practice.alertsFrameAndWindowsTests.BrowserWindowsTest@771a660]
	at java.base/java.util.ArrayList.forEach(ArrayList.java:1541)
... Removed 23 stack frames</div></td></tr></table><p class="totop"><a href="#summary">back to summary</a></p>
<h3 id="m23">practice.alertsFrameAndWindowsTests.BrowserWindowsTest#clickOnClose</h3><table class="result"><tr><th>Exception</th></tr><tr><td><div class="stacktrace">org.testng.TestNGException: 
Parameter &apos;browser&apos; is required by BeforeTest on method launch but has not been marked @Optional or defined

... Removed 26 stack frames</div></td></tr></table><p class="totop"><a href="#summary">back to summary</a></p>
<h3 id="m24">practice.alertsFrameAndWindowsTests.BrowserWindowsTest#clickOnNewTabButton</h3><table class="result"><tr><th>Exception</th></tr><tr><td><div class="stacktrace">org.testng.TestNGException: 
Parameter &apos;browser&apos; is required by BeforeTest on method launch but has not been marked @Optional or defined

... Removed 26 stack frames</div></td></tr></table><p class="totop"><a href="#summary">back to summary</a></p>
<h3 id="m25">practice.alertsFrameAndWindowsTests.BrowserWindowsTest#clickOnNewWindowButton</h3><table class="result"><tr><th>Exception</th></tr><tr><td><div class="stacktrace">org.testng.TestNGException: 
Parameter &apos;browser&apos; is required by BeforeTest on method launch but has not been marked @Optional or defined

... Removed 26 stack frames</div></td></tr></table><p class="totop"><a href="#summary">back to summary</a></p>
<h3 id="m26">practice.alertsFrameAndWindowsTests.BrowserWindowsTest#clickOnNewWindowMessageButton</h3><table class="result"><tr><th>Exception</th></tr><tr><td><div class="stacktrace">org.testng.TestNGException: 
Parameter &apos;browser&apos; is required by BeforeTest on method launch but has not been marked @Optional or defined

... Removed 26 stack frames</div></td></tr></table><p class="totop"><a href="#summary">back to summary</a></p>
<h3 id="m27">practice.alertsFrameAndWindowsTests.BrowserWindowsTest#clickOnPractice</h3><table class="result"><tr><th>Exception</th></tr><tr><td><div class="stacktrace">java.lang.Throwable: Method practice.alertsFrameAndWindowsTests.BrowserWindowsTest.clickOnPractice() on instance practice.alertsFrameAndWindowsTests.BrowserWindowsTest@771a660 depends on not successfully finished methods 
[practice.alertsFrameAndWindowsTests.BrowserWindowsTest.clickOnClose() on instance practice.alertsFrameAndWindowsTests.BrowserWindowsTest@771a660]
	at java.base/java.util.ArrayList.forEach(ArrayList.java:1541)
... Removed 23 stack frames</div></td></tr></table><p class="totop"><a href="#summary">back to summary</a></p>
<h3 id="m28">practice.alertsFrameAndWindowsTests.FramesTest#clickOnAlerts</h3><table class="result"><tr><th>Exception</th></tr><tr><td><div class="stacktrace">java.lang.Throwable: Method practice.alertsFrameAndWindowsTests.FramesTest.clickOnAlerts() on instance practice.alertsFrameAndWindowsTests.FramesTest@2d52216b depends on not successfully finished methods 
[practice.alertsFrameAndWindowsTests.FramesTest.clickOnAlertsFrameAndWindows() on instance practice.alertsFrameAndWindowsTests.FramesTest@2d52216b]
	at java.base/java.util.ArrayList.forEach(ArrayList.java:1541)
... Removed 23 stack frames</div></td></tr></table><p class="totop"><a href="#summary">back to summary</a></p>
<h3 id="m29">practice.alertsFrameAndWindowsTests.FramesTest#clickOnAlertsFrameAndWindows</h3><table class="result"><tr><th>Exception</th></tr><tr><td><div class="stacktrace">java.lang.Throwable: Method practice.alertsFrameAndWindowsTests.FramesTest.clickOnAlertsFrameAndWindows() on instance practice.alertsFrameAndWindowsTests.FramesTest@2d52216b depends on not successfully finished methods 
[practice.alertsFrameAndWindowsTests.FramesTest.clickOnPractice() on instance practice.alertsFrameAndWindowsTests.FramesTest@2d52216b]
	at java.base/java.util.ArrayList.forEach(ArrayList.java:1541)
... Removed 23 stack frames</div></td></tr></table><p class="totop"><a href="#summary">back to summary</a></p>
<h3 id="m30">practice.alertsFrameAndWindowsTests.FramesTest#clickOnClose</h3><table class="result"><tr><th>Exception</th></tr><tr><td><div class="stacktrace">org.testng.TestNGException: 
Parameter &apos;browser&apos; is required by BeforeTest on method launch but has not been marked @Optional or defined

... Removed 26 stack frames</div></td></tr></table><p class="totop"><a href="#summary">back to summary</a></p>
<h3 id="m31">practice.alertsFrameAndWindowsTests.FramesTest#clickOnPractice</h3><table class="result"><tr><th>Exception</th></tr><tr><td><div class="stacktrace">java.lang.Throwable: Method practice.alertsFrameAndWindowsTests.FramesTest.clickOnPractice() on instance practice.alertsFrameAndWindowsTests.FramesTest@2d52216b depends on not successfully finished methods 
[practice.alertsFrameAndWindowsTests.FramesTest.clickOnClose() on instance practice.alertsFrameAndWindowsTests.FramesTest@2d52216b]
	at java.base/java.util.ArrayList.forEach(ArrayList.java:1541)
... Removed 23 stack frames</div></td></tr></table><p class="totop"><a href="#summary">back to summary</a></p>
<h3 id="m32">practice.alertsFrameAndWindowsTests.FramesTest#enterInFrame1</h3><table class="result"><tr><th>Exception</th></tr><tr><td><div class="stacktrace">org.testng.TestNGException: 
Parameter &apos;browser&apos; is required by BeforeTest on method launch but has not been marked @Optional or defined

... Removed 26 stack frames</div></td></tr></table><p class="totop"><a href="#summary">back to summary</a></p>
<h3 id="m33">practice.alertsFrameAndWindowsTests.FramesTest#enterInFrame2</h3><table class="result"><tr><th>Exception</th></tr><tr><td><div class="stacktrace">org.testng.TestNGException: 
Parameter &apos;browser&apos; is required by BeforeTest on method launch but has not been marked @Optional or defined

... Removed 26 stack frames</div></td></tr></table><p class="totop"><a href="#summary">back to summary</a></p>
<h3 id="m34">practice.alertsFrameAndWindowsTests.ModalDialogsTest#clickOnAlertsFrameAndWindows</h3><table class="result"><tr><th>Exception</th></tr><tr><td><div class="stacktrace">java.lang.Throwable: Method practice.alertsFrameAndWindowsTests.ModalDialogsTest.clickOnAlertsFrameAndWindows() on instance practice.alertsFrameAndWindowsTests.ModalDialogsTest@242b836 depends on not successfully finished methods 
[practice.alertsFrameAndWindowsTests.ModalDialogsTest.clickOnPractice() on instance practice.alertsFrameAndWindowsTests.ModalDialogsTest@242b836]
	at java.base/java.util.ArrayList.forEach(ArrayList.java:1541)
... Removed 23 stack frames</div></td></tr></table><p class="totop"><a href="#summary">back to summary</a></p>
<h3 id="m35">practice.alertsFrameAndWindowsTests.ModalDialogsTest#clickOnClose</h3><table class="result"><tr><th>Exception</th></tr><tr><td><div class="stacktrace">org.testng.TestNGException: 
Parameter &apos;browser&apos; is required by BeforeTest on method launch but has not been marked @Optional or defined

... Removed 26 stack frames</div></td></tr></table><p class="totop"><a href="#summary">back to summary</a></p>
<h3 id="m36">practice.alertsFrameAndWindowsTests.ModalDialogsTest#clickOnModalDialogs</h3><table class="result"><tr><th>Exception</th></tr><tr><td><div class="stacktrace">java.lang.Throwable: Method practice.alertsFrameAndWindowsTests.ModalDialogsTest.clickOnModalDialogs() on instance practice.alertsFrameAndWindowsTests.ModalDialogsTest@242b836 depends on not successfully finished methods 
[practice.alertsFrameAndWindowsTests.ModalDialogsTest.clickOnAlertsFrameAndWindows() on instance practice.alertsFrameAndWindowsTests.ModalDialogsTest@242b836]
	at java.base/java.util.ArrayList.forEach(ArrayList.java:1541)
... Removed 23 stack frames</div></td></tr></table><p class="totop"><a href="#summary">back to summary</a></p>
<h3 id="m37">practice.alertsFrameAndWindowsTests.ModalDialogsTest#clickOnPractice</h3><table class="result"><tr><th>Exception</th></tr><tr><td><div class="stacktrace">java.lang.Throwable: Method practice.alertsFrameAndWindowsTests.ModalDialogsTest.clickOnPractice() on instance practice.alertsFrameAndWindowsTests.ModalDialogsTest@242b836 depends on not successfully finished methods 
[practice.alertsFrameAndWindowsTests.ModalDialogsTest.clickOnClose() on instance practice.alertsFrameAndWindowsTests.ModalDialogsTest@242b836]
	at java.base/java.util.ArrayList.forEach(ArrayList.java:1541)
... Removed 23 stack frames</div></td></tr></table><p class="totop"><a href="#summary">back to summary</a></p>
<h3 id="m38">practice.alertsFrameAndWindowsTests.ModalDialogsTest#largeDialogModal</h3><table class="result"><tr><th>Exception</th></tr><tr><td><div class="stacktrace">org.testng.TestNGException: 
Parameter &apos;browser&apos; is required by BeforeTest on method launch but has not been marked @Optional or defined

... Removed 26 stack frames</div></td></tr></table><p class="totop"><a href="#summary">back to summary</a></p>
<h3 id="m39">practice.alertsFrameAndWindowsTests.ModalDialogsTest#smallDialogModal</h3><table class="result"><tr><th>Exception</th></tr><tr><td><div class="stacktrace">java.lang.Throwable: Method practice.alertsFrameAndWindowsTests.ModalDialogsTest.smallDialogModal() on instance practice.alertsFrameAndWindowsTests.ModalDialogsTest@242b836 depends on not successfully finished methods 
[practice.alertsFrameAndWindowsTests.ModalDialogsTest.clickOnModalDialogs() on instance practice.alertsFrameAndWindowsTests.ModalDialogsTest@242b836]
	at java.base/java.util.ArrayList.forEach(ArrayList.java:1541)
... Removed 23 stack frames</div></td></tr></table><p class="totop"><a href="#summary">back to summary</a></p>
<h3 id="m40">practice.alertsFrameAndWindowsTests.NestedFramesTest#clickOnAlertsFrameAndWindows</h3><table class="result"><tr><th>Exception</th></tr><tr><td><div class="stacktrace">java.lang.Throwable: Method practice.alertsFrameAndWindowsTests.NestedFramesTest.clickOnAlertsFrameAndWindows() on instance practice.alertsFrameAndWindowsTests.NestedFramesTest@3f6f6701 depends on not successfully finished methods 
[practice.alertsFrameAndWindowsTests.NestedFramesTest.clickOnPractice() on instance practice.alertsFrameAndWindowsTests.NestedFramesTest@3f6f6701]
	at java.base/java.util.ArrayList.forEach(ArrayList.java:1541)
... Removed 23 stack frames</div></td></tr></table><p class="totop"><a href="#summary">back to summary</a></p>
<h3 id="m41">practice.alertsFrameAndWindowsTests.NestedFramesTest#clickOnClose</h3><table class="result"><tr><th>Exception</th></tr><tr><td><div class="stacktrace">org.testng.TestNGException: 
Parameter &apos;browser&apos; is required by BeforeTest on method launch but has not been marked @Optional or defined

... Removed 26 stack frames</div></td></tr></table><p class="totop"><a href="#summary">back to summary</a></p>
<h3 id="m42">practice.alertsFrameAndWindowsTests.NestedFramesTest#clickOnNestedFrames</h3><table class="result"><tr><th>Exception</th></tr><tr><td><div class="stacktrace">java.lang.Throwable: Method practice.alertsFrameAndWindowsTests.NestedFramesTest.clickOnNestedFrames() on instance practice.alertsFrameAndWindowsTests.NestedFramesTest@3f6f6701 depends on not successfully finished methods 
[practice.alertsFrameAndWindowsTests.NestedFramesTest.clickOnAlertsFrameAndWindows() on instance practice.alertsFrameAndWindowsTests.NestedFramesTest@3f6f6701]
	at java.base/java.util.ArrayList.forEach(ArrayList.java:1541)
... Removed 23 stack frames</div></td></tr></table><p class="totop"><a href="#summary">back to summary</a></p>
<h3 id="m43">practice.alertsFrameAndWindowsTests.NestedFramesTest#clickOnPractice</h3><table class="result"><tr><th>Exception</th></tr><tr><td><div class="stacktrace">java.lang.Throwable: Method practice.alertsFrameAndWindowsTests.NestedFramesTest.clickOnPractice() on instance practice.alertsFrameAndWindowsTests.NestedFramesTest@3f6f6701 depends on not successfully finished methods 
[practice.alertsFrameAndWindowsTests.NestedFramesTest.clickOnClose() on instance practice.alertsFrameAndWindowsTests.NestedFramesTest@3f6f6701]
	at java.base/java.util.ArrayList.forEach(ArrayList.java:1541)
... Removed 23 stack frames</div></td></tr></table><p class="totop"><a href="#summary">back to summary</a></p>
<h3 id="m44">practice.alertsFrameAndWindowsTests.NestedFramesTest#getInnerFrameText</h3><table class="result"><tr><th>Exception</th></tr><tr><td><div class="stacktrace">java.lang.Throwable: Method practice.alertsFrameAndWindowsTests.NestedFramesTest.getInnerFrameText() on instance practice.alertsFrameAndWindowsTests.NestedFramesTest@3f6f6701 depends on not successfully finished methods 
[practice.alertsFrameAndWindowsTests.NestedFramesTest.clickOnNestedFrames() on instance practice.alertsFrameAndWindowsTests.NestedFramesTest@3f6f6701]
	at java.base/java.util.ArrayList.forEach(ArrayList.java:1541)
... Removed 23 stack frames</div></td></tr></table><p class="totop"><a href="#summary">back to summary</a></p>
<h3 id="m45">practice.elementsTests.ButtonTest#clickOnButtons</h3><table class="result"><tr><th>Exception</th></tr><tr><td><div class="stacktrace">org.testng.TestNGException: 
Parameter &apos;browser&apos; is required by BeforeTest on method launch but has not been marked @Optional or defined

... Removed 26 stack frames</div></td></tr></table><p class="totop"><a href="#summary">back to summary</a></p>
<h3 id="m46">practice.elementsTests.ButtonTest#clickOnClose</h3><table class="result"><tr><th>Exception</th></tr><tr><td><div class="stacktrace">org.testng.TestNGException: 
Parameter &apos;browser&apos; is required by BeforeTest on method launch but has not been marked @Optional or defined

... Removed 26 stack frames</div></td></tr></table><p class="totop"><a href="#summary">back to summary</a></p>
<h3 id="m47">practice.elementsTests.ButtonTest#clickOnDoubleClickButton</h3><table class="result"><tr><th>Exception</th></tr><tr><td><div class="stacktrace">org.testng.TestNGException: 
Parameter &apos;browser&apos; is required by BeforeTest on method launch but has not been marked @Optional or defined

... Removed 26 stack frames</div></td></tr></table><p class="totop"><a href="#summary">back to summary</a></p>
<h3 id="m48">practice.elementsTests.ButtonTest#clickOnElements</h3><table class="result"><tr><th>Exception</th></tr><tr><td><div class="stacktrace">org.testng.TestNGException: 
Parameter &apos;browser&apos; is required by BeforeTest on method launch but has not been marked @Optional or defined

... Removed 26 stack frames</div></td></tr></table><p class="totop"><a href="#summary">back to summary</a></p>
<h3 id="m49">practice.elementsTests.ButtonTest#clickOnPractice</h3><table class="result"><tr><th>Exception</th></tr><tr><td><div class="stacktrace">org.testng.TestNGException: 
Parameter &apos;browser&apos; is required by BeforeTest on method launch but has not been marked @Optional or defined

... Removed 26 stack frames</div></td></tr></table><p class="totop"><a href="#summary">back to summary</a></p>
<h3 id="m50">practice.elementsTests.ButtonTest#clickOnRightClickButton</h3><table class="result"><tr><th>Exception</th></tr><tr><td><div class="stacktrace">org.testng.TestNGException: 
Parameter &apos;browser&apos; is required by BeforeTest on method launch but has not been marked @Optional or defined

... Removed 26 stack frames</div></td></tr></table><p class="totop"><a href="#summary">back to summary</a></p>
<h3 id="m51">practice.elementsTests.ButtonTest#clickOnSingleClickButton</h3><table class="result"><tr><th>Exception</th></tr><tr><td><div class="stacktrace">org.testng.TestNGException: 
Parameter &apos;browser&apos; is required by BeforeTest on method launch but has not been marked @Optional or defined

... Removed 26 stack frames</div></td></tr></table><p class="totop"><a href="#summary">back to summary</a></p>
<h3 id="m52">practice.elementsTests.CheckBoxTest#clickCheckBox</h3><table class="result"><tr><th>Exception</th></tr><tr><td><div class="stacktrace">org.testng.TestNGException: 
Parameter &apos;browser&apos; is required by BeforeTest on method launch but has not been marked @Optional or defined

... Removed 26 stack frames</div></td></tr></table><p class="totop"><a href="#summary">back to summary</a></p>
<h3 id="m53">practice.elementsTests.CheckBoxTest#clickDesktopCheckBox</h3><table class="result"><tr><th>Exception</th></tr><tr><td><div class="stacktrace">org.testng.TestNGException: 
Parameter &apos;browser&apos; is required by BeforeTest on method launch but has not been marked @Optional or defined

... Removed 26 stack frames</div></td></tr></table><p class="totop"><a href="#summary">back to summary</a></p>
<h3 id="m54">practice.elementsTests.CheckBoxTest#clickLaptopCheckBox</h3><table class="result"><tr><th>Exception</th></tr><tr><td><div class="stacktrace">org.testng.TestNGException: 
Parameter &apos;browser&apos; is required by BeforeTest on method launch but has not been marked @Optional or defined

... Removed 26 stack frames</div></td></tr></table><p class="totop"><a href="#summary">back to summary</a></p>
<h3 id="m55">practice.elementsTests.CheckBoxTest#clickMobileCheckBox</h3><table class="result"><tr><th>Exception</th></tr><tr><td><div class="stacktrace">org.testng.TestNGException: 
Parameter &apos;browser&apos; is required by BeforeTest on method launch but has not been marked @Optional or defined

... Removed 26 stack frames</div></td></tr></table><p class="totop"><a href="#summary">back to summary</a></p>
<h3 id="m56">practice.elementsTests.CheckBoxTest#clickOnClose</h3><table class="result"><tr><th>Exception</th></tr><tr><td><div class="stacktrace">org.testng.TestNGException: 
Parameter &apos;browser&apos; is required by BeforeTest on method launch but has not been marked @Optional or defined

... Removed 26 stack frames</div></td></tr></table><p class="totop"><a href="#summary">back to summary</a></p>
<h3 id="m57">practice.elementsTests.CheckBoxTest#clickOnElements</h3><table class="result"><tr><th>Exception</th></tr><tr><td><div class="stacktrace">org.testng.TestNGException: 
Parameter &apos;browser&apos; is required by BeforeTest on method launch but has not been marked @Optional or defined

... Removed 26 stack frames</div></td></tr></table><p class="totop"><a href="#summary">back to summary</a></p>
<h3 id="m58">practice.elementsTests.CheckBoxTest#clickOnPractice</h3><table class="result"><tr><th>Exception</th></tr><tr><td><div class="stacktrace">org.testng.TestNGException: 
Parameter &apos;browser&apos; is required by BeforeTest on method launch but has not been marked @Optional or defined

... Removed 26 stack frames</div></td></tr></table><p class="totop"><a href="#summary">back to summary</a></p>
<h3 id="m59">practice.elementsTests.LinksTest#clickOnClose</h3><table class="result"><tr><th>Exception</th></tr><tr><td><div class="stacktrace">org.testng.TestNGException: 
Parameter &apos;browser&apos; is required by BeforeTest on method launch but has not been marked @Optional or defined

... Removed 26 stack frames</div></td></tr></table><p class="totop"><a href="#summary">back to summary</a></p>
<h3 id="m60">practice.elementsTests.LinksTest#clickOnDemoPageLink</h3><table class="result"><tr><th>Exception</th></tr><tr><td><div class="stacktrace">org.testng.TestNGException: 
Parameter &apos;browser&apos; is required by BeforeTest on method launch but has not been marked @Optional or defined

... Removed 26 stack frames</div></td></tr></table><p class="totop"><a href="#summary">back to summary</a></p>
<h3 id="m61">practice.elementsTests.LinksTest#clickOnElements</h3><table class="result"><tr><th>Exception</th></tr><tr><td><div class="stacktrace">org.testng.TestNGException: 
Parameter &apos;browser&apos; is required by BeforeTest on method launch but has not been marked @Optional or defined

... Removed 26 stack frames</div></td></tr></table><p class="totop"><a href="#summary">back to summary</a></p>
<h3 id="m62">practice.elementsTests.LinksTest#clickOnLinksButton</h3><table class="result"><tr><th>Exception</th></tr><tr><td><div class="stacktrace">org.testng.TestNGException: 
Parameter &apos;browser&apos; is required by BeforeTest on method launch but has not been marked @Optional or defined

... Removed 26 stack frames</div></td></tr></table><p class="totop"><a href="#summary">back to summary</a></p>
<h3 id="m63">practice.elementsTests.LinksTest#clickOnPractice</h3><table class="result"><tr><th>Exception</th></tr><tr><td><div class="stacktrace">org.testng.TestNGException: 
Parameter &apos;browser&apos; is required by BeforeTest on method launch but has not been marked @Optional or defined

... Removed 26 stack frames</div></td></tr></table><p class="totop"><a href="#summary">back to summary</a></p>
<h3 id="m64">practice.elementsTests.LinksTest#validateOpenTabsTitle</h3><table class="result"><tr><th>Exception</th></tr><tr><td><div class="stacktrace">org.testng.TestNGException: 
Parameter &apos;browser&apos; is required by BeforeTest on method launch but has not been marked @Optional or defined

... Removed 26 stack frames</div></td></tr></table><p class="totop"><a href="#summary">back to summary</a></p>
<h3 id="m65">practice.elementsTests.LoginTest#userLogin</h3><table class="result"><tr class="param"><th>Parameter #1</th><th>Parameter #2</th></tr><tr class="param stripe"><td>username1</td><td>password1</td></tr><tr><th colspan="2">Exception</th></tr><tr><td colspan="2"><div class="stacktrace">org.testng.TestNGException: 
Parameter &apos;browser&apos; is required by BeforeTest on method launch but has not been marked @Optional or defined

... Removed 26 stack frames</div></td></tr></table><p class="totop"><a href="#summary">back to summary</a></p>
<h3 id="m66">practice.elementsTests.LoginTest#userLogin</h3><table class="result"><tr class="param"><th>Parameter #1</th><th>Parameter #2</th></tr><tr class="param stripe"><td>username3</td><td>password3</td></tr><tr><th colspan="2">Exception</th></tr><tr><td colspan="2"><div class="stacktrace">org.testng.TestNGException: 
Parameter &apos;browser&apos; is required by BeforeTest on method launch but has not been marked @Optional or defined

... Removed 26 stack frames</div></td></tr></table><p class="totop"><a href="#summary">back to summary</a></p>
<h3 id="m67">practice.elementsTests.LoginTest#userLogin</h3><table class="result"><tr class="param"><th>Parameter #1</th><th>Parameter #2</th></tr><tr class="param stripe"><td>username2</td><td>password2</td></tr><tr><th colspan="2">Exception</th></tr><tr><td colspan="2"><div class="stacktrace">org.testng.TestNGException: 
Parameter &apos;browser&apos; is required by BeforeTest on method launch but has not been marked @Optional or defined

... Removed 26 stack frames</div></td></tr></table><p class="totop"><a href="#summary">back to summary</a></p>
<h3 id="m68">practice.elementsTests.RadioButtonTest#clickOnClose</h3><table class="result"><tr><th>Exception</th></tr><tr><td><div class="stacktrace">org.testng.TestNGException: 
Parameter &apos;browser&apos; is required by BeforeTest on method launch but has not been marked @Optional or defined

... Removed 26 stack frames</div></td></tr></table><p class="totop"><a href="#summary">back to summary</a></p>
<h3 id="m69">practice.elementsTests.RadioButtonTest#clickOnElements</h3><table class="result"><tr><th>Exception</th></tr><tr><td><div class="stacktrace">org.testng.TestNGException: 
Parameter &apos;browser&apos; is required by BeforeTest on method launch but has not been marked @Optional or defined

... Removed 26 stack frames</div></td></tr></table><p class="totop"><a href="#summary">back to summary</a></p>
<h3 id="m70">practice.elementsTests.RadioButtonTest#clickOnImpressiveRadioButton</h3><table class="result"><tr><th>Exception</th></tr><tr><td><div class="stacktrace">org.testng.TestNGException: 
Parameter &apos;browser&apos; is required by BeforeTest on method launch but has not been marked @Optional or defined

... Removed 26 stack frames</div></td></tr></table><p class="totop"><a href="#summary">back to summary</a></p>
<h3 id="m71">practice.elementsTests.RadioButtonTest#clickOnNoRadioButton</h3><table class="result"><tr><th>Exception</th></tr><tr><td><div class="stacktrace">org.testng.TestNGException: 
Parameter &apos;browser&apos; is required by BeforeTest on method launch but has not been marked @Optional or defined

... Removed 26 stack frames</div></td></tr></table><p class="totop"><a href="#summary">back to summary</a></p>
<h3 id="m72">practice.elementsTests.RadioButtonTest#clickOnPractice</h3><table class="result"><tr><th>Exception</th></tr><tr><td><div class="stacktrace">org.testng.TestNGException: 
Parameter &apos;browser&apos; is required by BeforeTest on method launch but has not been marked @Optional or defined

... Removed 26 stack frames</div></td></tr></table><p class="totop"><a href="#summary">back to summary</a></p>
<h3 id="m73">practice.elementsTests.RadioButtonTest#clickOnRadioButtons</h3><table class="result"><tr><th>Exception</th></tr><tr><td><div class="stacktrace">org.testng.TestNGException: 
Parameter &apos;browser&apos; is required by BeforeTest on method launch but has not been marked @Optional or defined

... Removed 26 stack frames</div></td></tr></table><p class="totop"><a href="#summary">back to summary</a></p>
<h3 id="m74">practice.elementsTests.RadioButtonTest#clickOnYesRadioButton</h3><table class="result"><tr><th>Exception</th></tr><tr><td><div class="stacktrace">org.testng.TestNGException: 
Parameter &apos;browser&apos; is required by BeforeTest on method launch but has not been marked @Optional or defined

... Removed 26 stack frames</div></td></tr></table><p class="totop"><a href="#summary">back to summary</a></p>
<h3 id="m75">practice.elementsTests.TextBoxTest#clickOnClose</h3><table class="result"><tr><th>Exception</th></tr><tr><td><div class="stacktrace">org.testng.TestNGException: 
Parameter &apos;browser&apos; is required by BeforeTest on method launch but has not been marked @Optional or defined

... Removed 26 stack frames</div></td></tr></table><p class="totop"><a href="#summary">back to summary</a></p>
<h3 id="m76">practice.elementsTests.TextBoxTest#clickOnElements</h3><table class="result"><tr><th>Exception</th></tr><tr><td><div class="stacktrace">org.testng.TestNGException: 
Parameter &apos;browser&apos; is required by BeforeTest on method launch but has not been marked @Optional or defined

... Removed 26 stack frames</div></td></tr></table><p class="totop"><a href="#summary">back to summary</a></p>
<h3 id="m77">practice.elementsTests.TextBoxTest#clickOnPractice</h3><table class="result"><tr><th>Exception</th></tr><tr><td><div class="stacktrace">org.testng.TestNGException: 
Parameter &apos;browser&apos; is required by BeforeTest on method launch but has not been marked @Optional or defined

... Removed 26 stack frames</div></td></tr></table><p class="totop"><a href="#summary">back to summary</a></p>
<h3 id="m78">practice.elementsTests.TextBoxTest#clickOnTextBox</h3><table class="result"><tr><th>Exception</th></tr><tr><td><div class="stacktrace">org.testng.TestNGException: 
Parameter &apos;browser&apos; is required by BeforeTest on method launch but has not been marked @Optional or defined

... Removed 26 stack frames</div></td></tr></table><p class="totop"><a href="#summary">back to summary</a></p>
<h3 id="m79">practice.elementsTests.TextBoxTest#formFillUp</h3><table class="result"><tr><th>Exception</th></tr><tr><td><div class="stacktrace">org.testng.TestNGException: 
Parameter &apos;browser&apos; is required by BeforeTest on method launch but has not been marked @Optional or defined

... Removed 26 stack frames</div></td></tr></table><p class="totop"><a href="#summary">back to summary</a></p>
<h3 id="m80">practice.elementsTests.UploadAndDownloadTest#clickOnClose</h3><table class="result"><tr><th>Exception</th></tr><tr><td><div class="stacktrace">org.testng.TestNGException: 
Parameter &apos;browser&apos; is required by BeforeTest on method launch but has not been marked @Optional or defined

... Removed 26 stack frames</div></td></tr></table><p class="totop"><a href="#summary">back to summary</a></p>
<h3 id="m81">practice.elementsTests.UploadAndDownloadTest#clickOnElements</h3><table class="result"><tr><th>Exception</th></tr><tr><td><div class="stacktrace">org.testng.TestNGException: 
Parameter &apos;browser&apos; is required by BeforeTest on method launch but has not been marked @Optional or defined

... Removed 26 stack frames</div></td></tr></table><p class="totop"><a href="#summary">back to summary</a></p>
<h3 id="m82">practice.elementsTests.UploadAndDownloadTest#clickOnPractice</h3><table class="result"><tr><th>Exception</th></tr><tr><td><div class="stacktrace">org.testng.TestNGException: 
Parameter &apos;browser&apos; is required by BeforeTest on method launch but has not been marked @Optional or defined

... Removed 26 stack frames</div></td></tr></table><p class="totop"><a href="#summary">back to summary</a></p>
<h3 id="m83">practice.elementsTests.UploadAndDownloadTest#clickOnUploadAndDownloadButton</h3><table class="result"><tr><th>Exception</th></tr><tr><td><div class="stacktrace">org.testng.TestNGException: 
Parameter &apos;browser&apos; is required by BeforeTest on method launch but has not been marked @Optional or defined

... Removed 26 stack frames</div></td></tr></table><p class="totop"><a href="#summary">back to summary</a></p>
<h3 id="m84">practice.elementsTests.UploadAndDownloadTest#performUpload</h3><table class="result"><tr><th>Exception</th></tr><tr><td><div class="stacktrace">org.testng.TestNGException: 
Parameter &apos;browser&apos; is required by BeforeTest on method launch but has not been marked @Optional or defined

... Removed 26 stack frames</div></td></tr></table><p class="totop"><a href="#summary">back to summary</a></p>
<h3 id="m85">practice.elementsTests.WebTableTest#clicOnCancel</h3><table class="result"><tr><th>Exception</th></tr><tr><td><div class="stacktrace">java.lang.Throwable: Method practice.elementsTests.WebTableTest.clicOnCancel() on instance practice.elementsTests.WebTableTest@121314f7 depends on not successfully finished methods 
[practice.elementsTests.WebTableTest.enterDataInWebTable() on instance practice.elementsTests.WebTableTest@121314f7]
	at java.base/java.util.ArrayList.forEach(ArrayList.java:1541)
... Removed 23 stack frames</div></td></tr></table><p class="totop"><a href="#summary">back to summary</a></p>
<h3 id="m86">practice.elementsTests.WebTableTest#clickOnClose</h3><table class="result"><tr><th>Exception</th></tr><tr><td><div class="stacktrace">org.testng.TestNGException: 
Parameter &apos;browser&apos; is required by BeforeTest on method launch but has not been marked @Optional or defined

... Removed 26 stack frames</div></td></tr></table><p class="totop"><a href="#summary">back to summary</a></p>
<h3 id="m87">practice.elementsTests.WebTableTest#clickOnEdit</h3><table class="result"><tr><th>Exception</th></tr><tr><td><div class="stacktrace">java.lang.Throwable: Method practice.elementsTests.WebTableTest.clickOnEdit() on instance practice.elementsTests.WebTableTest@121314f7 depends on not successfully finished methods 
[practice.elementsTests.WebTableTest.enterDataInWebTable() on instance practice.elementsTests.WebTableTest@121314f7]
	at java.base/java.util.ArrayList.forEach(ArrayList.java:1541)
... Removed 23 stack frames</div></td></tr></table><p class="totop"><a href="#summary">back to summary</a></p>
<h3 id="m88">practice.elementsTests.WebTableTest#clickOnElements</h3><table class="result"><tr><th>Exception</th></tr><tr><td><div class="stacktrace">java.lang.Throwable: Method practice.elementsTests.WebTableTest.clickOnElements() on instance practice.elementsTests.WebTableTest@121314f7 depends on not successfully finished methods 
[practice.elementsTests.WebTableTest.clickOnPractice() on instance practice.elementsTests.WebTableTest@121314f7]
	at java.base/java.util.ArrayList.forEach(ArrayList.java:1541)
... Removed 23 stack frames</div></td></tr></table><p class="totop"><a href="#summary">back to summary</a></p>
<h3 id="m89">practice.elementsTests.WebTableTest#clickOnPractice</h3><table class="result"><tr><th>Exception</th></tr><tr><td><div class="stacktrace">java.lang.Throwable: Method practice.elementsTests.WebTableTest.clickOnPractice() on instance practice.elementsTests.WebTableTest@121314f7 depends on not successfully finished methods 
[practice.elementsTests.WebTableTest.clickOnClose() on instance practice.elementsTests.WebTableTest@121314f7]
	at java.base/java.util.ArrayList.forEach(ArrayList.java:1541)
... Removed 23 stack frames</div></td></tr></table><p class="totop"><a href="#summary">back to summary</a></p>
<h3 id="m90">practice.elementsTests.WebTableTest#clickOnWebTable</h3><table class="result"><tr><th>Exception</th></tr><tr><td><div class="stacktrace">org.testng.TestNGException: 
Parameter &apos;browser&apos; is required by BeforeTest on method launch but has not been marked @Optional or defined

... Removed 26 stack frames</div></td></tr></table><p class="totop"><a href="#summary">back to summary</a></p>
<h3 id="m91">practice.elementsTests.WebTableTest#enterDataInWebTable</h3><table class="result"><tr><th>Exception</th></tr><tr><td><div class="stacktrace">org.testng.TestNGException: 
Parameter &apos;browser&apos; is required by BeforeTest on method launch but has not been marked @Optional or defined

... Removed 26 stack frames</div></td></tr></table><p class="totop"><a href="#summary">back to summary</a></p>
<h3 id="m92">practice.widgetsTests.MenuTest#chooseServicesUITest</h3><table class="result"><tr><th>Exception</th></tr><tr><td><div class="stacktrace">java.lang.Throwable: Method practice.widgetsTests.MenuTest.chooseServicesUITest() on instance practice.widgetsTests.MenuTest@130c12b7 depends on not successfully finished methods 
[practice.widgetsTests.MenuTest.clickOnMenu() on instance practice.widgetsTests.MenuTest@130c12b7]
	at java.base/java.util.ArrayList.forEach(ArrayList.java:1541)
... Removed 23 stack frames</div></td></tr></table><p class="totop"><a href="#summary">back to summary</a></p>
<h3 id="m93">practice.widgetsTests.MenuTest#clickOnClose</h3><table class="result"><tr><th>Exception</th></tr><tr><td><div class="stacktrace">org.testng.TestNGException: 
Parameter &apos;browser&apos; is required by BeforeTest on method launch but has not been marked @Optional or defined

... Removed 26 stack frames</div></td></tr></table><p class="totop"><a href="#summary">back to summary</a></p>
<h3 id="m94">practice.widgetsTests.MenuTest#clickOnMenu</h3><table class="result"><tr><th>Exception</th></tr><tr><td><div class="stacktrace">java.lang.Throwable: Method practice.widgetsTests.MenuTest.clickOnMenu() on instance practice.widgetsTests.MenuTest@130c12b7 depends on not successfully finished methods 
[practice.widgetsTests.MenuTest.clickOnWidgets() on instance practice.widgetsTests.MenuTest@130c12b7]
	at java.base/java.util.ArrayList.forEach(ArrayList.java:1541)
... Removed 23 stack frames</div></td></tr></table><p class="totop"><a href="#summary">back to summary</a></p>
<h3 id="m95">practice.widgetsTests.MenuTest#clickOnPractice</h3><table class="result"><tr><th>Exception</th></tr><tr><td><div class="stacktrace">java.lang.Throwable: Method practice.widgetsTests.MenuTest.clickOnPractice() on instance practice.widgetsTests.MenuTest@130c12b7 depends on not successfully finished methods 
[practice.widgetsTests.MenuTest.clickOnClose() on instance practice.widgetsTests.MenuTest@130c12b7]
	at java.base/java.util.ArrayList.forEach(ArrayList.java:1541)
... Removed 23 stack frames</div></td></tr></table><p class="totop"><a href="#summary">back to summary</a></p>
<h3 id="m96">practice.widgetsTests.MenuTest#clickOnWidgets</h3><table class="result"><tr><th>Exception</th></tr><tr><td><div class="stacktrace">java.lang.Throwable: Method practice.widgetsTests.MenuTest.clickOnWidgets() on instance practice.widgetsTests.MenuTest@130c12b7 depends on not successfully finished methods 
[practice.widgetsTests.MenuTest.clickOnPractice() on instance practice.widgetsTests.MenuTest@130c12b7]
	at java.base/java.util.ArrayList.forEach(ArrayList.java:1541)
... Removed 23 stack frames</div></td></tr></table><p class="totop"><a href="#summary">back to summary</a></p>
<h3 id="m97">practice.widgetsTests.SelectMenuTest#chooseMultipleOptions</h3><table class="result"><tr><th>Exception</th></tr><tr><td><div class="stacktrace">java.lang.Throwable: Method practice.widgetsTests.SelectMenuTest.chooseMultipleOptions() on instance practice.widgetsTests.SelectMenuTest@5e600dd5 depends on not successfully finished methods 
[practice.widgetsTests.SelectMenuTest.clickOnSelectMenu() on instance practice.widgetsTests.SelectMenuTest@5e600dd5]
	at java.base/java.util.ArrayList.forEach(ArrayList.java:1541)
... Removed 23 stack frames</div></td></tr></table><p class="totop"><a href="#summary">back to summary</a></p>
<h3 id="m98">practice.widgetsTests.SelectMenuTest#chooseSelectOneOption</h3><table class="result"><tr><th>Exception</th></tr><tr><td><div class="stacktrace">java.lang.Throwable: Method practice.widgetsTests.SelectMenuTest.chooseSelectOneOption() on instance practice.widgetsTests.SelectMenuTest@5e600dd5 depends on not successfully finished methods 
[practice.widgetsTests.SelectMenuTest.clickOnSelectMenu() on instance practice.widgetsTests.SelectMenuTest@5e600dd5]
	at java.base/java.util.ArrayList.forEach(ArrayList.java:1541)
... Removed 23 stack frames</div></td></tr></table><p class="totop"><a href="#summary">back to summary</a></p>
<h3 id="m99">practice.widgetsTests.SelectMenuTest#chooseSelectValueOptions</h3><table class="result"><tr><th>Exception</th></tr><tr><td><div class="stacktrace">java.lang.Throwable: Method practice.widgetsTests.SelectMenuTest.chooseSelectValueOptions() on instance practice.widgetsTests.SelectMenuTest@5e600dd5 depends on not successfully finished methods 
[practice.widgetsTests.SelectMenuTest.clickOnSelectMenu() on instance practice.widgetsTests.SelectMenuTest@5e600dd5]
	at java.base/java.util.ArrayList.forEach(ArrayList.java:1541)
... Removed 23 stack frames</div></td></tr></table><p class="totop"><a href="#summary">back to summary</a></p>
<h3 id="m100">practice.widgetsTests.SelectMenuTest#clickOnClose</h3><table class="result"><tr><th>Exception</th></tr><tr><td><div class="stacktrace">org.testng.TestNGException: 
Parameter &apos;browser&apos; is required by BeforeTest on method launch but has not been marked @Optional or defined

... Removed 26 stack frames</div></td></tr></table><p class="totop"><a href="#summary">back to summary</a></p>
<h3 id="m101">practice.widgetsTests.SelectMenuTest#clickOnPractice</h3><table class="result"><tr><th>Exception</th></tr><tr><td><div class="stacktrace">java.lang.Throwable: Method practice.widgetsTests.SelectMenuTest.clickOnPractice() on instance practice.widgetsTests.SelectMenuTest@5e600dd5 depends on not successfully finished methods 
[practice.widgetsTests.SelectMenuTest.clickOnClose() on instance practice.widgetsTests.SelectMenuTest@5e600dd5]
	at java.base/java.util.ArrayList.forEach(ArrayList.java:1541)
... Removed 23 stack frames</div></td></tr></table><p class="totop"><a href="#summary">back to summary</a></p>
<h3 id="m102">practice.widgetsTests.SelectMenuTest#clickOnSelectMenu</h3><table class="result"><tr><th>Exception</th></tr><tr><td><div class="stacktrace">java.lang.Throwable: Method practice.widgetsTests.SelectMenuTest.clickOnSelectMenu() on instance practice.widgetsTests.SelectMenuTest@5e600dd5 depends on not successfully finished methods 
[practice.widgetsTests.SelectMenuTest.clickOnWidgets() on instance practice.widgetsTests.SelectMenuTest@5e600dd5]
	at java.base/java.util.ArrayList.forEach(ArrayList.java:1541)
... Removed 23 stack frames</div></td></tr></table><p class="totop"><a href="#summary">back to summary</a></p>
<h3 id="m103">practice.widgetsTests.SelectMenuTest#clickOnWidgets</h3><table class="result"><tr><th>Exception</th></tr><tr><td><div class="stacktrace">java.lang.Throwable: Method practice.widgetsTests.SelectMenuTest.clickOnWidgets() on instance practice.widgetsTests.SelectMenuTest@5e600dd5 depends on not successfully finished methods 
[practice.widgetsTests.SelectMenuTest.clickOnPractice() on instance practice.widgetsTests.SelectMenuTest@5e600dd5]
	at java.base/java.util.ArrayList.forEach(ArrayList.java:1541)
... Removed 23 stack frames</div></td></tr></table><p class="totop"><a href="#summary">back to summary</a></p>
<h3 id="m104">practice.widgetsTests.SliderTest#clickOnClose</h3><table class="result"><tr><th>Exception</th></tr><tr><td><div class="stacktrace">org.testng.TestNGException: 
Parameter &apos;browser&apos; is required by BeforeTest on method launch but has not been marked @Optional or defined

... Removed 26 stack frames</div></td></tr></table><p class="totop"><a href="#summary">back to summary</a></p>
<h3 id="m105">practice.widgetsTests.SliderTest#clickOnPractice</h3><table class="result"><tr><th>Exception</th></tr><tr><td><div class="stacktrace">java.lang.Throwable: Method practice.widgetsTests.SliderTest.clickOnPractice() on instance practice.widgetsTests.SliderTest@576d5deb depends on not successfully finished methods 
[practice.widgetsTests.SliderTest.clickOnClose() on instance practice.widgetsTests.SliderTest@576d5deb]
	at java.base/java.util.ArrayList.forEach(ArrayList.java:1541)
... Removed 23 stack frames</div></td></tr></table><p class="totop"><a href="#summary">back to summary</a></p>
<h3 id="m106">practice.widgetsTests.SliderTest#clickOnSlider</h3><table class="result"><tr><th>Exception</th></tr><tr><td><div class="stacktrace">java.lang.Throwable: Method practice.widgetsTests.SliderTest.clickOnSlider() on instance practice.widgetsTests.SliderTest@576d5deb depends on not successfully finished methods 
[practice.widgetsTests.SliderTest.clickOnWidgets() on instance practice.widgetsTests.SliderTest@576d5deb]
	at java.base/java.util.ArrayList.forEach(ArrayList.java:1541)
... Removed 23 stack frames</div></td></tr></table><p class="totop"><a href="#summary">back to summary</a></p>
<h3 id="m107">practice.widgetsTests.SliderTest#clickOnWidgets</h3><table class="result"><tr><th>Exception</th></tr><tr><td><div class="stacktrace">java.lang.Throwable: Method practice.widgetsTests.SliderTest.clickOnWidgets() on instance practice.widgetsTests.SliderTest@576d5deb depends on not successfully finished methods 
[practice.widgetsTests.SliderTest.clickOnPractice() on instance practice.widgetsTests.SliderTest@576d5deb]
	at java.base/java.util.ArrayList.forEach(ArrayList.java:1541)
... Removed 23 stack frames</div></td></tr></table><p class="totop"><a href="#summary">back to summary</a></p>
<h3 id="m108">practice.widgetsTests.SliderTest#colorSlide</h3><table class="result"><tr><th>Exception</th></tr><tr><td><div class="stacktrace">org.testng.TestNGException: 
Parameter &apos;browser&apos; is required by BeforeTest on method launch but has not been marked @Optional or defined

... Removed 26 stack frames</div></td></tr></table><p class="totop"><a href="#summary">back to summary</a></p>
<h3 id="m109">practice.widgetsTests.SliderTest#slidePointer</h3><table class="result"><tr><th>Exception</th></tr><tr><td><div class="stacktrace">java.lang.Throwable: Method practice.widgetsTests.SliderTest.slidePointer() on instance practice.widgetsTests.SliderTest@576d5deb depends on not successfully finished methods 
[practice.widgetsTests.SliderTest.clickOnSlider() on instance practice.widgetsTests.SliderTest@576d5deb]
	at java.base/java.util.ArrayList.forEach(ArrayList.java:1541)
... Removed 23 stack frames</div></td></tr></table><p class="totop"><a href="#summary">back to summary</a></p>
</body>
</html>
