<!DOCTYPE html>

<html>
  <head>
  <meta charset='utf-8'>
  <title>TestNG reports</title>

    <link type="text/css" href="testng-reports1.css" rel="stylesheet" id="ultra" />
    <link type="text/css" href="testng-reports.css" rel="stylesheet" id="retro" disabled="false"/>
    <script type="text/javascript" src="jquery-3.6.0.min.js"></script>
    <script type="text/javascript" src="testng-reports.js"></script>
    <script type="text/javascript" src="https://www.google.com/jsapi"></script>
    <script type='text/javascript'>
      google.load('visualization', '1', {packages:['table']});
      google.setOnLoadCallback(drawTable);
      var suiteTableInitFunctions = new Array();
      var suiteTableData = new Array();
    </script>
    <!--
      <script type="text/javascript" src="jquery-ui/js/jquery-ui-1.8.16.custom.min.js"></script>
     -->
  </head>

  <body>    <div class="top-banner-root">
      <span class="top-banner-title-font">Test results</span>
      <button id="button" class="button">Switch Retro Theme</button> <!-- button -->
      <br/>
      <span class="top-banner-font-1">1 suite</span>
    </div> <!-- top-banner-root -->
    <div class="navigator-root">
      <div class="navigator-suite-header">
        <span>All suites</span>
        <a href="#" title="Collapse/expand all the suites" class="collapse-all-link">
          <img src="collapseall.gif" class="collapse-all-icon">
          </img> <!-- collapse-all-icon -->
        </a> <!-- collapse-all-link -->
      </div> <!-- navigator-suite-header -->
      <div class="suite">
        <div class="rounded-window">
          <div class="suite-header light-rounded-window-top">
            <a href="#" panel-name="suite-Surefire_suite" class="navigator-link">
              <span class="suite-name border-skipped">Surefire suite</span>
            </a> <!-- navigator-link -->
          </div> <!-- suite-header light-rounded-window-top -->
          <div class="navigator-suite-content">
            <div class="suite-section-title">
              <span>Info</span>
            </div> <!-- suite-section-title -->
            <div class="suite-section-content">
              <ul>
                <li>
                  <a href="#" panel-name="test-xml-Surefire_suite" class="navigator-link ">
                    <span>[unset file name]</span>
                  </a> <!-- navigator-link  -->
                </li>
                <li>
                  <a href="#" panel-name="testlist-Surefire_suite" class="navigator-link ">
                    <span class="test-stats">1 test</span>
                  </a> <!-- navigator-link  -->
                </li>
                <li>
                  <a href="#" panel-name="group-Surefire_suite" class="navigator-link ">
                    <span>3 groups</span>
                  </a> <!-- navigator-link  -->
                </li>
                <li>
                  <a href="#" panel-name="times-Surefire_suite" class="navigator-link ">
                    <span>Times</span>
                  </a> <!-- navigator-link  -->
                </li>
                <li>
                  <a href="#" panel-name="reporter-Surefire_suite" class="navigator-link ">
                    <span>Reporter output</span>
                  </a> <!-- navigator-link  -->
                </li>
                <li>
                  <a href="#" panel-name="ignored-methods-Surefire_suite" class="navigator-link ">
                    <span>Ignored methods</span>
                  </a> <!-- navigator-link  -->
                </li>
                <li>
                  <a href="#" panel-name="chronological-Surefire_suite" class="navigator-link ">
                    <span>Chronological view</span>
                  </a> <!-- navigator-link  -->
                </li>
              </ul>
            </div> <!-- suite-section-content -->
            <div class="result-section">
              <div class="suite-section-title">
                <span>Results</span>
              </div> <!-- suite-section-title -->
              <div class="suite-section-content">
                <ul>
                  <li>
                    <span class="method-stats">99 methods,  99 skipped,  </span>
                  </li>
                  <li>
                    <span class="method-list-title skipped">Skipped methods</span>
                    <span class="show-or-hide-methods skipped">
                      <a href="#" panel-name="suite-Surefire_suite" class="hide-methods skipped suite-Surefire_suite"> (hide)</a> <!-- hide-methods skipped suite-Surefire_suite -->
                      <a href="#" panel-name="suite-Surefire_suite" class="show-methods skipped suite-Surefire_suite"> (show)</a> <!-- show-methods skipped suite-Surefire_suite -->
                    </span>
                    <div class="method-list-content skipped suite-Surefire_suite">
                      <span>
                        <img src="skipped.png" width="3%"/>
                        <a href="#" panel-name="suite-Surefire_suite" title="practice.widgetsTests.SelectMenuTest" class="method navigator-link" hash-for-method="chooseMultipleOptions">chooseMultipleOptions</a> <!-- method navigator-link -->
                      </span>
                      <br/>
                      <span>
                        <img src="skipped.png" width="3%"/>
                        <a href="#" panel-name="suite-Surefire_suite" title="practice.widgetsTests.SelectMenuTest" class="method navigator-link" hash-for-method="chooseSelectOneOption">chooseSelectOneOption</a> <!-- method navigator-link -->
                      </span>
                      <br/>
                      <span>
                        <img src="skipped.png" width="3%"/>
                        <a href="#" panel-name="suite-Surefire_suite" title="practice.widgetsTests.SelectMenuTest" class="method navigator-link" hash-for-method="chooseSelectValueOptions">chooseSelectValueOptions</a> <!-- method navigator-link -->
                      </span>
                      <br/>
                      <span>
                        <img src="skipped.png" width="3%"/>
                        <a href="#" panel-name="suite-Surefire_suite" title="practice.widgetsTests.MenuTest" class="method navigator-link" hash-for-method="chooseServicesUITest">chooseServicesUITest</a> <!-- method navigator-link -->
                      </span>
                      <br/>
                      <span>
                        <img src="skipped.png" width="3%"/>
                        <a href="#" panel-name="suite-Surefire_suite" title="practice.elementsTests.WebTableTest" class="method navigator-link" hash-for-method="clicOnCancel">clicOnCancel</a> <!-- method navigator-link -->
                      </span>
                      <br/>
                      <span>
                        <img src="skipped.png" width="3%"/>
                        <a href="#" panel-name="suite-Surefire_suite" title="practice.elementsTests.CheckBoxTest" class="method navigator-link" hash-for-method="clickCheckBox">clickCheckBox</a> <!-- method navigator-link -->
                      </span>
                      <br/>
                      <span>
                        <img src="skipped.png" width="3%"/>
                        <a href="#" panel-name="suite-Surefire_suite" title="practice.elementsTests.CheckBoxTest" class="method navigator-link" hash-for-method="clickDesktopCheckBox">clickDesktopCheckBox</a> <!-- method navigator-link -->
                      </span>
                      <br/>
                      <span>
                        <img src="skipped.png" width="3%"/>
                        <a href="#" panel-name="suite-Surefire_suite" title="practice.elementsTests.CheckBoxTest" class="method navigator-link" hash-for-method="clickLaptopCheckBox">clickLaptopCheckBox</a> <!-- method navigator-link -->
                      </span>
                      <br/>
                      <span>
                        <img src="skipped.png" width="3%"/>
                        <a href="#" panel-name="suite-Surefire_suite" title="practice.elementsTests.CheckBoxTest" class="method navigator-link" hash-for-method="clickMobileCheckBox">clickMobileCheckBox</a> <!-- method navigator-link -->
                      </span>
                      <br/>
                      <span>
                        <img src="skipped.png" width="3%"/>
                        <a href="#" panel-name="suite-Surefire_suite" title="practice.alertsFrameAndWindowsTests.AlertsTest" class="method navigator-link" hash-for-method="clickOnAlertAndAcceptButton">clickOnAlertAndAcceptButton</a> <!-- method navigator-link -->
                      </span>
                      <br/>
                      <span>
                        <img src="skipped.png" width="3%"/>
                        <a href="#" panel-name="suite-Surefire_suite" title="practice.alertsFrameAndWindowsTests.AlertsTest" class="method navigator-link" hash-for-method="clickOnAlertAndCancelButton">clickOnAlertAndCancelButton</a> <!-- method navigator-link -->
                      </span>
                      <br/>
                      <span>
                        <img src="skipped.png" width="3%"/>
                        <a href="#" panel-name="suite-Surefire_suite" title="practice.alertsFrameAndWindowsTests.AlertsTest" class="method navigator-link" hash-for-method="clickOnAlerts">clickOnAlerts</a> <!-- method navigator-link -->
                      </span>
                      <br/>
                      <span>
                        <img src="skipped.png" width="3%"/>
                        <a href="#" panel-name="suite-Surefire_suite" title="practice.alertsFrameAndWindowsTests.FramesTest" class="method navigator-link" hash-for-method="clickOnAlerts">clickOnAlerts</a> <!-- method navigator-link -->
                      </span>
                      <br/>
                      <span>
                        <img src="skipped.png" width="3%"/>
                        <a href="#" panel-name="suite-Surefire_suite" title="practice.alertsFrameAndWindowsTests.BrowserWindowsTest" class="method navigator-link" hash-for-method="clickOnAlerts">clickOnAlerts</a> <!-- method navigator-link -->
                      </span>
                      <br/>
                      <span>
                        <img src="skipped.png" width="3%"/>
                        <a href="#" panel-name="suite-Surefire_suite" title="practice.alertsFrameAndWindowsTests.NestedFramesTest" class="method navigator-link" hash-for-method="clickOnAlertsFrameAndWindows">clickOnAlertsFrameAndWindows</a> <!-- method navigator-link -->
                      </span>
                      <br/>
                      <span>
                        <img src="skipped.png" width="3%"/>
                        <a href="#" panel-name="suite-Surefire_suite" title="practice.alertsFrameAndWindowsTests.AlertsTest" class="method navigator-link" hash-for-method="clickOnAlertsFrameAndWindows">clickOnAlertsFrameAndWindows</a> <!-- method navigator-link -->
                      </span>
                      <br/>
                      <span>
                        <img src="skipped.png" width="3%"/>
                        <a href="#" panel-name="suite-Surefire_suite" title="practice.alertsFrameAndWindowsTests.ModalDialogsTest" class="method navigator-link" hash-for-method="clickOnAlertsFrameAndWindows">clickOnAlertsFrameAndWindows</a> <!-- method navigator-link -->
                      </span>
                      <br/>
                      <span>
                        <img src="skipped.png" width="3%"/>
                        <a href="#" panel-name="suite-Surefire_suite" title="practice.alertsFrameAndWindowsTests.BrowserWindowsTest" class="method navigator-link" hash-for-method="clickOnAlertsFrameAndWindows">clickOnAlertsFrameAndWindows</a> <!-- method navigator-link -->
                      </span>
                      <br/>
                      <span>
                        <img src="skipped.png" width="3%"/>
                        <a href="#" panel-name="suite-Surefire_suite" title="practice.alertsFrameAndWindowsTests.FramesTest" class="method navigator-link" hash-for-method="clickOnAlertsFrameAndWindows">clickOnAlertsFrameAndWindows</a> <!-- method navigator-link -->
                      </span>
                      <br/>
                      <span>
                        <img src="skipped.png" width="3%"/>
                        <a href="#" panel-name="suite-Surefire_suite" title="practice.elementsTests.ButtonTest" class="method navigator-link" hash-for-method="clickOnButtons">clickOnButtons</a> <!-- method navigator-link -->
                      </span>
                      <br/>
                      <span>
                        <img src="skipped.png" width="3%"/>
                        <a href="#" panel-name="suite-Surefire_suite" title="practice.elementsTests.ButtonTest" class="method navigator-link" hash-for-method="clickOnClose">clickOnClose</a> <!-- method navigator-link -->
                      </span>
                      <br/>
                      <span>
                        <img src="skipped.png" width="3%"/>
                        <a href="#" panel-name="suite-Surefire_suite" title="practice.elementsTests.CheckBoxTest" class="method navigator-link" hash-for-method="clickOnClose">clickOnClose</a> <!-- method navigator-link -->
                      </span>
                      <br/>
                      <span>
                        <img src="skipped.png" width="3%"/>
                        <a href="#" panel-name="suite-Surefire_suite" title="practice.elementsTests.UploadAndDownloadTest" class="method navigator-link" hash-for-method="clickOnClose">clickOnClose</a> <!-- method navigator-link -->
                      </span>
                      <br/>
                      <span>
                        <img src="skipped.png" width="3%"/>
                        <a href="#" panel-name="suite-Surefire_suite" title="practice.elementsTests.LinksTest" class="method navigator-link" hash-for-method="clickOnClose">clickOnClose</a> <!-- method navigator-link -->
                      </span>
                      <br/>
                      <span>
                        <img src="skipped.png" width="3%"/>
                        <a href="#" panel-name="suite-Surefire_suite" title="practice.alertsFrameAndWindowsTests.NestedFramesTest" class="method navigator-link" hash-for-method="clickOnClose">clickOnClose</a> <!-- method navigator-link -->
                      </span>
                      <br/>
                      <span>
                        <img src="skipped.png" width="3%"/>
                        <a href="#" panel-name="suite-Surefire_suite" title="practice.elementsTests.TextBoxTest" class="method navigator-link" hash-for-method="clickOnClose">clickOnClose</a> <!-- method navigator-link -->
                      </span>
                      <br/>
                      <span>
                        <img src="skipped.png" width="3%"/>
                        <a href="#" panel-name="suite-Surefire_suite" title="practice.alertsFrameAndWindowsTests.BrowserWindowsTest" class="method navigator-link" hash-for-method="clickOnClose">clickOnClose</a> <!-- method navigator-link -->
                      </span>
                      <br/>
                      <span>
                        <img src="skipped.png" width="3%"/>
                        <a href="#" panel-name="suite-Surefire_suite" title="practice.widgetsTests.MenuTest" class="method navigator-link" hash-for-method="clickOnClose">clickOnClose</a> <!-- method navigator-link -->
                      </span>
                      <br/>
                      <span>
                        <img src="skipped.png" width="3%"/>
                        <a href="#" panel-name="suite-Surefire_suite" title="practice.widgetsTests.SelectMenuTest" class="method navigator-link" hash-for-method="clickOnClose">clickOnClose</a> <!-- method navigator-link -->
                      </span>
                      <br/>
                      <span>
                        <img src="skipped.png" width="3%"/>
                        <a href="#" panel-name="suite-Surefire_suite" title="practice.alertsFrameAndWindowsTests.ModalDialogsTest" class="method navigator-link" hash-for-method="clickOnClose">clickOnClose</a> <!-- method navigator-link -->
                      </span>
                      <br/>
                      <span>
                        <img src="skipped.png" width="3%"/>
                        <a href="#" panel-name="suite-Surefire_suite" title="practice.alertsFrameAndWindowsTests.FramesTest" class="method navigator-link" hash-for-method="clickOnClose">clickOnClose</a> <!-- method navigator-link -->
                      </span>
                      <br/>
                      <span>
                        <img src="skipped.png" width="3%"/>
                        <a href="#" panel-name="suite-Surefire_suite" title="practice.widgetsTests.SliderTest" class="method navigator-link" hash-for-method="clickOnClose">clickOnClose</a> <!-- method navigator-link -->
                      </span>
                      <br/>
                      <span>
                        <img src="skipped.png" width="3%"/>
                        <a href="#" panel-name="suite-Surefire_suite" title="practice.elementsTests.WebTableTest" class="method navigator-link" hash-for-method="clickOnClose">clickOnClose</a> <!-- method navigator-link -->
                      </span>
                      <br/>
                      <span>
                        <img src="skipped.png" width="3%"/>
                        <a href="#" panel-name="suite-Surefire_suite" title="practice.elementsTests.RadioButtonTest" class="method navigator-link" hash-for-method="clickOnClose">clickOnClose</a> <!-- method navigator-link -->
                      </span>
                      <br/>
                      <span>
                        <img src="skipped.png" width="3%"/>
                        <a href="#" panel-name="suite-Surefire_suite" title="practice.alertsFrameAndWindowsTests.AlertsTest" class="method navigator-link" hash-for-method="clickOnClose">clickOnClose</a> <!-- method navigator-link -->
                      </span>
                      <br/>
                      <span>
                        <img src="skipped.png" width="3%"/>
                        <a href="#" panel-name="suite-Surefire_suite" title="practice.elementsTests.LinksTest" class="method navigator-link" hash-for-method="clickOnDemoPageLink">clickOnDemoPageLink</a> <!-- method navigator-link -->
                      </span>
                      <br/>
                      <span>
                        <img src="skipped.png" width="3%"/>
                        <a href="#" panel-name="suite-Surefire_suite" title="practice.elementsTests.ButtonTest" class="method navigator-link" hash-for-method="clickOnDoubleClickButton">clickOnDoubleClickButton</a> <!-- method navigator-link -->
                      </span>
                      <br/>
                      <span>
                        <img src="skipped.png" width="3%"/>
                        <a href="#" panel-name="suite-Surefire_suite" title="practice.elementsTests.WebTableTest" class="method navigator-link" hash-for-method="clickOnEdit">clickOnEdit</a> <!-- method navigator-link -->
                      </span>
                      <br/>
                      <span>
                        <img src="skipped.png" width="3%"/>
                        <a href="#" panel-name="suite-Surefire_suite" title="practice.elementsTests.LinksTest" class="method navigator-link" hash-for-method="clickOnElements">clickOnElements</a> <!-- method navigator-link -->
                      </span>
                      <br/>
                      <span>
                        <img src="skipped.png" width="3%"/>
                        <a href="#" panel-name="suite-Surefire_suite" title="practice.elementsTests.CheckBoxTest" class="method navigator-link" hash-for-method="clickOnElements">clickOnElements</a> <!-- method navigator-link -->
                      </span>
                      <br/>
                      <span>
                        <img src="skipped.png" width="3%"/>
                        <a href="#" panel-name="suite-Surefire_suite" title="practice.elementsTests.WebTableTest" class="method navigator-link" hash-for-method="clickOnElements">clickOnElements</a> <!-- method navigator-link -->
                      </span>
                      <br/>
                      <span>
                        <img src="skipped.png" width="3%"/>
                        <a href="#" panel-name="suite-Surefire_suite" title="practice.elementsTests.UploadAndDownloadTest" class="method navigator-link" hash-for-method="clickOnElements">clickOnElements</a> <!-- method navigator-link -->
                      </span>
                      <br/>
                      <span>
                        <img src="skipped.png" width="3%"/>
                        <a href="#" panel-name="suite-Surefire_suite" title="practice.elementsTests.RadioButtonTest" class="method navigator-link" hash-for-method="clickOnElements">clickOnElements</a> <!-- method navigator-link -->
                      </span>
                      <br/>
                      <span>
                        <img src="skipped.png" width="3%"/>
                        <a href="#" panel-name="suite-Surefire_suite" title="practice.elementsTests.ButtonTest" class="method navigator-link" hash-for-method="clickOnElements">clickOnElements</a> <!-- method navigator-link -->
                      </span>
                      <br/>
                      <span>
                        <img src="skipped.png" width="3%"/>
                        <a href="#" panel-name="suite-Surefire_suite" title="practice.elementsTests.TextBoxTest" class="method navigator-link" hash-for-method="clickOnElements">clickOnElements</a> <!-- method navigator-link -->
                      </span>
                      <br/>
                      <span>
                        <img src="skipped.png" width="3%"/>
                        <a href="#" panel-name="suite-Surefire_suite" title="practice.elementsTests.RadioButtonTest" class="method navigator-link" hash-for-method="clickOnImpressiveRadioButton">clickOnImpressiveRadioButton</a> <!-- method navigator-link -->
                      </span>
                      <br/>
                      <span>
                        <img src="skipped.png" width="3%"/>
                        <a href="#" panel-name="suite-Surefire_suite" title="practice.elementsTests.LinksTest" class="method navigator-link" hash-for-method="clickOnLinksButton">clickOnLinksButton</a> <!-- method navigator-link -->
                      </span>
                      <br/>
                      <span>
                        <img src="skipped.png" width="3%"/>
                        <a href="#" panel-name="suite-Surefire_suite" title="practice.widgetsTests.MenuTest" class="method navigator-link" hash-for-method="clickOnMenu">clickOnMenu</a> <!-- method navigator-link -->
                      </span>
                      <br/>
                      <span>
                        <img src="skipped.png" width="3%"/>
                        <a href="#" panel-name="suite-Surefire_suite" title="practice.alertsFrameAndWindowsTests.ModalDialogsTest" class="method navigator-link" hash-for-method="clickOnModalDialogs">clickOnModalDialogs</a> <!-- method navigator-link -->
                      </span>
                      <br/>
                      <span>
                        <img src="skipped.png" width="3%"/>
                        <a href="#" panel-name="suite-Surefire_suite" title="practice.alertsFrameAndWindowsTests.NestedFramesTest" class="method navigator-link" hash-for-method="clickOnNestedFrames">clickOnNestedFrames</a> <!-- method navigator-link -->
                      </span>
                      <br/>
                      <span>
                        <img src="skipped.png" width="3%"/>
                        <a href="#" panel-name="suite-Surefire_suite" title="practice.alertsFrameAndWindowsTests.BrowserWindowsTest" class="method navigator-link" hash-for-method="clickOnNewTabButton">clickOnNewTabButton</a> <!-- method navigator-link -->
                      </span>
                      <br/>
                      <span>
                        <img src="skipped.png" width="3%"/>
                        <a href="#" panel-name="suite-Surefire_suite" title="practice.alertsFrameAndWindowsTests.BrowserWindowsTest" class="method navigator-link" hash-for-method="clickOnNewWindowButton">clickOnNewWindowButton</a> <!-- method navigator-link -->
                      </span>
                      <br/>
                      <span>
                        <img src="skipped.png" width="3%"/>
                        <a href="#" panel-name="suite-Surefire_suite" title="practice.alertsFrameAndWindowsTests.BrowserWindowsTest" class="method navigator-link" hash-for-method="clickOnNewWindowMessageButton">clickOnNewWindowMessageButton</a> <!-- method navigator-link -->
                      </span>
                      <br/>
                      <span>
                        <img src="skipped.png" width="3%"/>
                        <a href="#" panel-name="suite-Surefire_suite" title="practice.elementsTests.RadioButtonTest" class="method navigator-link" hash-for-method="clickOnNoRadioButton">clickOnNoRadioButton</a> <!-- method navigator-link -->
                      </span>
                      <br/>
                      <span>
                        <img src="skipped.png" width="3%"/>
                        <a href="#" panel-name="suite-Surefire_suite" title="practice.elementsTests.CheckBoxTest" class="method navigator-link" hash-for-method="clickOnPractice">clickOnPractice</a> <!-- method navigator-link -->
                      </span>
                      <br/>
                      <span>
                        <img src="skipped.png" width="3%"/>
                        <a href="#" panel-name="suite-Surefire_suite" title="practice.elementsTests.LinksTest" class="method navigator-link" hash-for-method="clickOnPractice">clickOnPractice</a> <!-- method navigator-link -->
                      </span>
                      <br/>
                      <span>
                        <img src="skipped.png" width="3%"/>
                        <a href="#" panel-name="suite-Surefire_suite" title="practice.alertsFrameAndWindowsTests.NestedFramesTest" class="method navigator-link" hash-for-method="clickOnPractice">clickOnPractice</a> <!-- method navigator-link -->
                      </span>
                      <br/>
                      <span>
                        <img src="skipped.png" width="3%"/>
                        <a href="#" panel-name="suite-Surefire_suite" title="practice.widgetsTests.SelectMenuTest" class="method navigator-link" hash-for-method="clickOnPractice">clickOnPractice</a> <!-- method navigator-link -->
                      </span>
                      <br/>
                      <span>
                        <img src="skipped.png" width="3%"/>
                        <a href="#" panel-name="suite-Surefire_suite" title="practice.alertsFrameAndWindowsTests.FramesTest" class="method navigator-link" hash-for-method="clickOnPractice">clickOnPractice</a> <!-- method navigator-link -->
                      </span>
                      <br/>
                      <span>
                        <img src="skipped.png" width="3%"/>
                        <a href="#" panel-name="suite-Surefire_suite" title="practice.widgetsTests.MenuTest" class="method navigator-link" hash-for-method="clickOnPractice">clickOnPractice</a> <!-- method navigator-link -->
                      </span>
                      <br/>
                      <span>
                        <img src="skipped.png" width="3%"/>
                        <a href="#" panel-name="suite-Surefire_suite" title="practice.elementsTests.UploadAndDownloadTest" class="method navigator-link" hash-for-method="clickOnPractice">clickOnPractice</a> <!-- method navigator-link -->
                      </span>
                      <br/>
                      <span>
                        <img src="skipped.png" width="3%"/>
                        <a href="#" panel-name="suite-Surefire_suite" title="practice.elementsTests.RadioButtonTest" class="method navigator-link" hash-for-method="clickOnPractice">clickOnPractice</a> <!-- method navigator-link -->
                      </span>
                      <br/>
                      <span>
                        <img src="skipped.png" width="3%"/>
                        <a href="#" panel-name="suite-Surefire_suite" title="practice.elementsTests.ButtonTest" class="method navigator-link" hash-for-method="clickOnPractice">clickOnPractice</a> <!-- method navigator-link -->
                      </span>
                      <br/>
                      <span>
                        <img src="skipped.png" width="3%"/>
                        <a href="#" panel-name="suite-Surefire_suite" title="practice.alertsFrameAndWindowsTests.ModalDialogsTest" class="method navigator-link" hash-for-method="clickOnPractice">clickOnPractice</a> <!-- method navigator-link -->
                      </span>
                      <br/>
                      <span>
                        <img src="skipped.png" width="3%"/>
                        <a href="#" panel-name="suite-Surefire_suite" title="practice.elementsTests.TextBoxTest" class="method navigator-link" hash-for-method="clickOnPractice">clickOnPractice</a> <!-- method navigator-link -->
                      </span>
                      <br/>
                      <span>
                        <img src="skipped.png" width="3%"/>
                        <a href="#" panel-name="suite-Surefire_suite" title="practice.elementsTests.WebTableTest" class="method navigator-link" hash-for-method="clickOnPractice">clickOnPractice</a> <!-- method navigator-link -->
                      </span>
                      <br/>
                      <span>
                        <img src="skipped.png" width="3%"/>
                        <a href="#" panel-name="suite-Surefire_suite" title="practice.widgetsTests.SliderTest" class="method navigator-link" hash-for-method="clickOnPractice">clickOnPractice</a> <!-- method navigator-link -->
                      </span>
                      <br/>
                      <span>
                        <img src="skipped.png" width="3%"/>
                        <a href="#" panel-name="suite-Surefire_suite" title="practice.alertsFrameAndWindowsTests.BrowserWindowsTest" class="method navigator-link" hash-for-method="clickOnPractice">clickOnPractice</a> <!-- method navigator-link -->
                      </span>
                      <br/>
                      <span>
                        <img src="skipped.png" width="3%"/>
                        <a href="#" panel-name="suite-Surefire_suite" title="practice.alertsFrameAndWindowsTests.AlertsTest" class="method navigator-link" hash-for-method="clickOnPractice">clickOnPractice</a> <!-- method navigator-link -->
                      </span>
                      <br/>
                      <span>
                        <img src="skipped.png" width="3%"/>
                        <a href="#" panel-name="suite-Surefire_suite" title="practice.alertsFrameAndWindowsTests.AlertsTest" class="method navigator-link" hash-for-method="clickOnPromptAndCancel">clickOnPromptAndCancel</a> <!-- method navigator-link -->
                      </span>
                      <br/>
                      <span>
                        <img src="skipped.png" width="3%"/>
                        <a href="#" panel-name="suite-Surefire_suite" title="practice.alertsFrameAndWindowsTests.AlertsTest" class="method navigator-link" hash-for-method="clickOnPromptInputAndAccept">clickOnPromptInputAndAccept</a> <!-- method navigator-link -->
                      </span>
                      <br/>
                      <span>
                        <img src="skipped.png" width="3%"/>
                        <a href="#" panel-name="suite-Surefire_suite" title="practice.elementsTests.RadioButtonTest" class="method navigator-link" hash-for-method="clickOnRadioButtons">clickOnRadioButtons</a> <!-- method navigator-link -->
                      </span>
                      <br/>
                      <span>
                        <img src="skipped.png" width="3%"/>
                        <a href="#" panel-name="suite-Surefire_suite" title="practice.elementsTests.ButtonTest" class="method navigator-link" hash-for-method="clickOnRightClickButton">clickOnRightClickButton</a> <!-- method navigator-link -->
                      </span>
                      <br/>
                      <span>
                        <img src="skipped.png" width="3%"/>
                        <a href="#" panel-name="suite-Surefire_suite" title="practice.alertsFrameAndWindowsTests.AlertsTest" class="method navigator-link" hash-for-method="clickOnSeeAlertAndAcceptButton">clickOnSeeAlertAndAcceptButton</a> <!-- method navigator-link -->
                      </span>
                      <br/>
                      <span>
                        <img src="skipped.png" width="3%"/>
                        <a href="#" panel-name="suite-Surefire_suite" title="practice.widgetsTests.SelectMenuTest" class="method navigator-link" hash-for-method="clickOnSelectMenu">clickOnSelectMenu</a> <!-- method navigator-link -->
                      </span>
                      <br/>
                      <span>
                        <img src="skipped.png" width="3%"/>
                        <a href="#" panel-name="suite-Surefire_suite" title="practice.elementsTests.ButtonTest" class="method navigator-link" hash-for-method="clickOnSingleClickButton">clickOnSingleClickButton</a> <!-- method navigator-link -->
                      </span>
                      <br/>
                      <span>
                        <img src="skipped.png" width="3%"/>
                        <a href="#" panel-name="suite-Surefire_suite" title="practice.widgetsTests.SliderTest" class="method navigator-link" hash-for-method="clickOnSlider">clickOnSlider</a> <!-- method navigator-link -->
                      </span>
                      <br/>
                      <span>
                        <img src="skipped.png" width="3%"/>
                        <a href="#" panel-name="suite-Surefire_suite" title="practice.elementsTests.TextBoxTest" class="method navigator-link" hash-for-method="clickOnTextBox">clickOnTextBox</a> <!-- method navigator-link -->
                      </span>
                      <br/>
                      <span>
                        <img src="skipped.png" width="3%"/>
                        <a href="#" panel-name="suite-Surefire_suite" title="practice.elementsTests.UploadAndDownloadTest" class="method navigator-link" hash-for-method="clickOnUploadAndDownloadButton">clickOnUploadAndDownloadButton</a> <!-- method navigator-link -->
                      </span>
                      <br/>
                      <span>
                        <img src="skipped.png" width="3%"/>
                        <a href="#" panel-name="suite-Surefire_suite" title="practice.alertsFrameAndWindowsTests.AlertsTest" class="method navigator-link" hash-for-method="clickOnWaitAlertAndAcceptButton">clickOnWaitAlertAndAcceptButton</a> <!-- method navigator-link -->
                      </span>
                      <br/>
                      <span>
                        <img src="skipped.png" width="3%"/>
                        <a href="#" panel-name="suite-Surefire_suite" title="practice.elementsTests.WebTableTest" class="method navigator-link" hash-for-method="clickOnWebTable">clickOnWebTable</a> <!-- method navigator-link -->
                      </span>
                      <br/>
                      <span>
                        <img src="skipped.png" width="3%"/>
                        <a href="#" panel-name="suite-Surefire_suite" title="practice.widgetsTests.MenuTest" class="method navigator-link" hash-for-method="clickOnWidgets">clickOnWidgets</a> <!-- method navigator-link -->
                      </span>
                      <br/>
                      <span>
                        <img src="skipped.png" width="3%"/>
                        <a href="#" panel-name="suite-Surefire_suite" title="practice.widgetsTests.SliderTest" class="method navigator-link" hash-for-method="clickOnWidgets">clickOnWidgets</a> <!-- method navigator-link -->
                      </span>
                      <br/>
                      <span>
                        <img src="skipped.png" width="3%"/>
                        <a href="#" panel-name="suite-Surefire_suite" title="practice.widgetsTests.SelectMenuTest" class="method navigator-link" hash-for-method="clickOnWidgets">clickOnWidgets</a> <!-- method navigator-link -->
                      </span>
                      <br/>
                      <span>
                        <img src="skipped.png" width="3%"/>
                        <a href="#" panel-name="suite-Surefire_suite" title="practice.elementsTests.RadioButtonTest" class="method navigator-link" hash-for-method="clickOnYesRadioButton">clickOnYesRadioButton</a> <!-- method navigator-link -->
                      </span>
                      <br/>
                      <span>
                        <img src="skipped.png" width="3%"/>
                        <a href="#" panel-name="suite-Surefire_suite" title="practice.widgetsTests.SliderTest" class="method navigator-link" hash-for-method="colorSlide">colorSlide</a> <!-- method navigator-link -->
                      </span>
                      <br/>
                      <span>
                        <img src="skipped.png" width="3%"/>
                        <a href="#" panel-name="suite-Surefire_suite" title="practice.elementsTests.WebTableTest" class="method navigator-link" hash-for-method="enterDataInWebTable">enterDataInWebTable</a> <!-- method navigator-link -->
                      </span>
                      <br/>
                      <span>
                        <img src="skipped.png" width="3%"/>
                        <a href="#" panel-name="suite-Surefire_suite" title="practice.alertsFrameAndWindowsTests.FramesTest" class="method navigator-link" hash-for-method="enterInFrame1">enterInFrame1</a> <!-- method navigator-link -->
                      </span>
                      <br/>
                      <span>
                        <img src="skipped.png" width="3%"/>
                        <a href="#" panel-name="suite-Surefire_suite" title="practice.alertsFrameAndWindowsTests.FramesTest" class="method navigator-link" hash-for-method="enterInFrame2">enterInFrame2</a> <!-- method navigator-link -->
                      </span>
                      <br/>
                      <span>
                        <img src="skipped.png" width="3%"/>
                        <a href="#" panel-name="suite-Surefire_suite" title="practice.elementsTests.TextBoxTest" class="method navigator-link" hash-for-method="formFillUp">formFillUp</a> <!-- method navigator-link -->
                      </span>
                      <br/>
                      <span>
                        <img src="skipped.png" width="3%"/>
                        <a href="#" panel-name="suite-Surefire_suite" title="practice.alertsFrameAndWindowsTests.NestedFramesTest" class="method navigator-link" hash-for-method="getInnerFrameText">getInnerFrameText</a> <!-- method navigator-link -->
                      </span>
                      <br/>
                      <span>
                        <img src="skipped.png" width="3%"/>
                        <a href="#" panel-name="suite-Surefire_suite" title="practice.alertsFrameAndWindowsTests.ModalDialogsTest" class="method navigator-link" hash-for-method="largeDialogModal">largeDialogModal</a> <!-- method navigator-link -->
                      </span>
                      <br/>
                      <span>
                        <img src="skipped.png" width="3%"/>
                        <a href="#" panel-name="suite-Surefire_suite" title="practice.elementsTests.UploadAndDownloadTest" class="method navigator-link" hash-for-method="performUpload">performUpload</a> <!-- method navigator-link -->
                      </span>
                      <br/>
                      <span>
                        <img src="skipped.png" width="3%"/>
                        <a href="#" panel-name="suite-Surefire_suite" title="practice.widgetsTests.SliderTest" class="method navigator-link" hash-for-method="slidePointer">slidePointer</a> <!-- method navigator-link -->
                      </span>
                      <br/>
                      <span>
                        <img src="skipped.png" width="3%"/>
                        <a href="#" panel-name="suite-Surefire_suite" title="practice.alertsFrameAndWindowsTests.ModalDialogsTest" class="method navigator-link" hash-for-method="smallDialogModal">smallDialogModal</a> <!-- method navigator-link -->
                      </span>
                      <br/>
                      <span>
                        <img src="skipped.png" width="3%"/>
                        <a href="#" panel-name="suite-Surefire_suite" title="practice.elementsTests.LoginTest" class="method navigator-link" hash-for-method="userLogin(username1, password1)">userLogin(username1, password1)</a> <!-- method navigator-link -->
                      </span>
                      <br/>
                      <span>
                        <img src="skipped.png" width="3%"/>
                        <a href="#" panel-name="suite-Surefire_suite" title="practice.elementsTests.LoginTest" class="method navigator-link" hash-for-method="userLogin(username3, password3)">userLogin(username3, password3)</a> <!-- method navigator-link -->
                      </span>
                      <br/>
                      <span>
                        <img src="skipped.png" width="3%"/>
                        <a href="#" panel-name="suite-Surefire_suite" title="practice.elementsTests.LoginTest" class="method navigator-link" hash-for-method="userLogin(username2, password2)">userLogin(username2, password2)</a> <!-- method navigator-link -->
                      </span>
                      <br/>
                      <span>
                        <img src="skipped.png" width="3%"/>
                        <a href="#" panel-name="suite-Surefire_suite" title="practice.elementsTests.LinksTest" class="method navigator-link" hash-for-method="validateOpenTabsTitle">validateOpenTabsTitle</a> <!-- method navigator-link -->
                      </span>
                      <br/>
                    </div> <!-- method-list-content skipped suite-Surefire_suite -->
                  </li>
                </ul>
              </div> <!-- suite-section-content -->
            </div> <!-- result-section -->
          </div> <!-- navigator-suite-content -->
        </div> <!-- rounded-window -->
      </div> <!-- suite -->
    </div> <!-- navigator-root -->
    <div class="wrapper">
      <div class="main-panel-root">
        <div panel-name="suite-Surefire_suite" class="panel Surefire_suite">
          <div class="suite-Surefire_suite-class-skipped">
            <div class="main-panel-header rounded-window-top">
              <img src="skipped.png"/>
              <span class="class-name">practice.elementsTests.TextBoxTest</span>
            </div> <!-- main-panel-header rounded-window-top -->
            <div class="main-panel-content rounded-window-bottom">
              <div class="method">
                <div class="method-content">
                  <a name="clickOnClose">
                  </a> <!-- clickOnClose -->
                  <span class="method-name">clickOnClose</span>
                  <div class="stack-trace">org.testng.TestNGException: 
Parameter &apos;browser&apos; is required by BeforeTest on method launch but has not been marked @Optional or defined

... Removed 26 stack frames
</div> <!-- stack-trace -->
                </div> <!-- method-content -->
              </div> <!-- method -->
              <div class="method">
                <div class="method-content">
                  <a name="clickOnElements">
                  </a> <!-- clickOnElements -->
                  <span class="method-name">clickOnElements</span>
                  <div class="stack-trace">org.testng.TestNGException: 
Parameter &apos;browser&apos; is required by BeforeTest on method launch but has not been marked @Optional or defined

... Removed 26 stack frames
</div> <!-- stack-trace -->
                </div> <!-- method-content -->
              </div> <!-- method -->
              <div class="method">
                <div class="method-content">
                  <a name="clickOnPractice">
                  </a> <!-- clickOnPractice -->
                  <span class="method-name">clickOnPractice</span>
                  <div class="stack-trace">org.testng.TestNGException: 
Parameter &apos;browser&apos; is required by BeforeTest on method launch but has not been marked @Optional or defined

... Removed 26 stack frames
</div> <!-- stack-trace -->
                </div> <!-- method-content -->
              </div> <!-- method -->
              <div class="method">
                <div class="method-content">
                  <a name="clickOnTextBox">
                  </a> <!-- clickOnTextBox -->
                  <span class="method-name">clickOnTextBox</span>
                  <div class="stack-trace">org.testng.TestNGException: 
Parameter &apos;browser&apos; is required by BeforeTest on method launch but has not been marked @Optional or defined

... Removed 26 stack frames
</div> <!-- stack-trace -->
                </div> <!-- method-content -->
              </div> <!-- method -->
              <div class="method">
                <div class="method-content">
                  <a name="formFillUp">
                  </a> <!-- formFillUp -->
                  <span class="method-name">formFillUp</span>
                  <div class="stack-trace">org.testng.TestNGException: 
Parameter &apos;browser&apos; is required by BeforeTest on method launch but has not been marked @Optional or defined

... Removed 26 stack frames
</div> <!-- stack-trace -->
                </div> <!-- method-content -->
              </div> <!-- method -->
            </div> <!-- main-panel-content rounded-window-bottom -->
          </div> <!-- suite-Surefire_suite-class-skipped -->
          <div class="suite-Surefire_suite-class-skipped">
            <div class="main-panel-header rounded-window-top">
              <img src="skipped.png"/>
              <span class="class-name">practice.widgetsTests.SliderTest</span>
            </div> <!-- main-panel-header rounded-window-top -->
            <div class="main-panel-content rounded-window-bottom">
              <div class="method">
                <div class="method-content">
                  <a name="clickOnClose">
                  </a> <!-- clickOnClose -->
                  <span class="method-name">clickOnClose</span>
                  <div class="stack-trace">org.testng.TestNGException: 
Parameter &apos;browser&apos; is required by BeforeTest on method launch but has not been marked @Optional or defined

... Removed 26 stack frames
</div> <!-- stack-trace -->
                </div> <!-- method-content -->
              </div> <!-- method -->
              <div class="method">
                <div class="method-content">
                  <a name="clickOnPractice">
                  </a> <!-- clickOnPractice -->
                  <span class="method-name">clickOnPractice</span>
                  <div class="stack-trace">java.lang.Throwable: Method practice.widgetsTests.SliderTest.clickOnPractice() on instance practice.widgetsTests.SliderTest@576d5deb depends on not successfully finished methods 
[practice.widgetsTests.SliderTest.clickOnClose() on instance practice.widgetsTests.SliderTest@576d5deb]
	at java.base/java.util.ArrayList.forEach(ArrayList.java:1541)
... Removed 23 stack frames
</div> <!-- stack-trace -->
                </div> <!-- method-content -->
              </div> <!-- method -->
              <div class="method">
                <div class="method-content">
                  <a name="clickOnSlider">
                  </a> <!-- clickOnSlider -->
                  <span class="method-name">clickOnSlider</span>
                  <div class="stack-trace">java.lang.Throwable: Method practice.widgetsTests.SliderTest.clickOnSlider() on instance practice.widgetsTests.SliderTest@576d5deb depends on not successfully finished methods 
[practice.widgetsTests.SliderTest.clickOnWidgets() on instance practice.widgetsTests.SliderTest@576d5deb]
	at java.base/java.util.ArrayList.forEach(ArrayList.java:1541)
... Removed 23 stack frames
</div> <!-- stack-trace -->
                </div> <!-- method-content -->
              </div> <!-- method -->
              <div class="method">
                <div class="method-content">
                  <a name="clickOnWidgets">
                  </a> <!-- clickOnWidgets -->
                  <span class="method-name">clickOnWidgets</span>
                  <div class="stack-trace">java.lang.Throwable: Method practice.widgetsTests.SliderTest.clickOnWidgets() on instance practice.widgetsTests.SliderTest@576d5deb depends on not successfully finished methods 
[practice.widgetsTests.SliderTest.clickOnPractice() on instance practice.widgetsTests.SliderTest@576d5deb]
	at java.base/java.util.ArrayList.forEach(ArrayList.java:1541)
... Removed 23 stack frames
</div> <!-- stack-trace -->
                </div> <!-- method-content -->
              </div> <!-- method -->
              <div class="method">
                <div class="method-content">
                  <a name="colorSlide">
                  </a> <!-- colorSlide -->
                  <span class="method-name">colorSlide</span>
                  <div class="stack-trace">org.testng.TestNGException: 
Parameter &apos;browser&apos; is required by BeforeTest on method launch but has not been marked @Optional or defined

... Removed 26 stack frames
</div> <!-- stack-trace -->
                </div> <!-- method-content -->
              </div> <!-- method -->
              <div class="method">
                <div class="method-content">
                  <a name="slidePointer">
                  </a> <!-- slidePointer -->
                  <span class="method-name">slidePointer</span>
                  <div class="stack-trace">java.lang.Throwable: Method practice.widgetsTests.SliderTest.slidePointer() on instance practice.widgetsTests.SliderTest@576d5deb depends on not successfully finished methods 
[practice.widgetsTests.SliderTest.clickOnSlider() on instance practice.widgetsTests.SliderTest@576d5deb]
	at java.base/java.util.ArrayList.forEach(ArrayList.java:1541)
... Removed 23 stack frames
</div> <!-- stack-trace -->
                </div> <!-- method-content -->
              </div> <!-- method -->
            </div> <!-- main-panel-content rounded-window-bottom -->
          </div> <!-- suite-Surefire_suite-class-skipped -->
          <div class="suite-Surefire_suite-class-skipped">
            <div class="main-panel-header rounded-window-top">
              <img src="skipped.png"/>
              <span class="class-name">practice.alertsFrameAndWindowsTests.BrowserWindowsTest</span>
            </div> <!-- main-panel-header rounded-window-top -->
            <div class="main-panel-content rounded-window-bottom">
              <div class="method">
                <div class="method-content">
                  <a name="clickOnAlerts">
                  </a> <!-- clickOnAlerts -->
                  <span class="method-name">clickOnAlerts</span>
                  <div class="stack-trace">java.lang.Throwable: Method practice.alertsFrameAndWindowsTests.BrowserWindowsTest.clickOnAlerts() on instance practice.alertsFrameAndWindowsTests.BrowserWindowsTest@771a660 depends on not successfully finished methods 
[practice.alertsFrameAndWindowsTests.BrowserWindowsTest.clickOnAlertsFrameAndWindows() on instance practice.alertsFrameAndWindowsTests.BrowserWindowsTest@771a660]
	at java.base/java.util.ArrayList.forEach(ArrayList.java:1541)
... Removed 23 stack frames
</div> <!-- stack-trace -->
                </div> <!-- method-content -->
              </div> <!-- method -->
              <div class="method">
                <div class="method-content">
                  <a name="clickOnAlertsFrameAndWindows">
                  </a> <!-- clickOnAlertsFrameAndWindows -->
                  <span class="method-name">clickOnAlertsFrameAndWindows</span>
                  <div class="stack-trace">java.lang.Throwable: Method practice.alertsFrameAndWindowsTests.BrowserWindowsTest.clickOnAlertsFrameAndWindows() on instance practice.alertsFrameAndWindowsTests.BrowserWindowsTest@771a660 depends on not successfully finished methods 
[practice.alertsFrameAndWindowsTests.BrowserWindowsTest.clickOnPractice() on instance practice.alertsFrameAndWindowsTests.BrowserWindowsTest@771a660]
	at java.base/java.util.ArrayList.forEach(ArrayList.java:1541)
... Removed 23 stack frames
</div> <!-- stack-trace -->
                </div> <!-- method-content -->
              </div> <!-- method -->
              <div class="method">
                <div class="method-content">
                  <a name="clickOnClose">
                  </a> <!-- clickOnClose -->
                  <span class="method-name">clickOnClose</span>
                  <div class="stack-trace">org.testng.TestNGException: 
Parameter &apos;browser&apos; is required by BeforeTest on method launch but has not been marked @Optional or defined

... Removed 26 stack frames
</div> <!-- stack-trace -->
                </div> <!-- method-content -->
              </div> <!-- method -->
              <div class="method">
                <div class="method-content">
                  <a name="clickOnNewTabButton">
                  </a> <!-- clickOnNewTabButton -->
                  <span class="method-name">clickOnNewTabButton</span>
                  <div class="stack-trace">org.testng.TestNGException: 
Parameter &apos;browser&apos; is required by BeforeTest on method launch but has not been marked @Optional or defined

... Removed 26 stack frames
</div> <!-- stack-trace -->
                </div> <!-- method-content -->
              </div> <!-- method -->
              <div class="method">
                <div class="method-content">
                  <a name="clickOnNewWindowButton">
                  </a> <!-- clickOnNewWindowButton -->
                  <span class="method-name">clickOnNewWindowButton</span>
                  <div class="stack-trace">org.testng.TestNGException: 
Parameter &apos;browser&apos; is required by BeforeTest on method launch but has not been marked @Optional or defined

... Removed 26 stack frames
</div> <!-- stack-trace -->
                </div> <!-- method-content -->
              </div> <!-- method -->
              <div class="method">
                <div class="method-content">
                  <a name="clickOnNewWindowMessageButton">
                  </a> <!-- clickOnNewWindowMessageButton -->
                  <span class="method-name">clickOnNewWindowMessageButton</span>
                  <div class="stack-trace">org.testng.TestNGException: 
Parameter &apos;browser&apos; is required by BeforeTest on method launch but has not been marked @Optional or defined

... Removed 26 stack frames
</div> <!-- stack-trace -->
                </div> <!-- method-content -->
              </div> <!-- method -->
              <div class="method">
                <div class="method-content">
                  <a name="clickOnPractice">
                  </a> <!-- clickOnPractice -->
                  <span class="method-name">clickOnPractice</span>
                  <div class="stack-trace">java.lang.Throwable: Method practice.alertsFrameAndWindowsTests.BrowserWindowsTest.clickOnPractice() on instance practice.alertsFrameAndWindowsTests.BrowserWindowsTest@771a660 depends on not successfully finished methods 
[practice.alertsFrameAndWindowsTests.BrowserWindowsTest.clickOnClose() on instance practice.alertsFrameAndWindowsTests.BrowserWindowsTest@771a660]
	at java.base/java.util.ArrayList.forEach(ArrayList.java:1541)
... Removed 23 stack frames
</div> <!-- stack-trace -->
                </div> <!-- method-content -->
              </div> <!-- method -->
            </div> <!-- main-panel-content rounded-window-bottom -->
          </div> <!-- suite-Surefire_suite-class-skipped -->
          <div class="suite-Surefire_suite-class-skipped">
            <div class="main-panel-header rounded-window-top">
              <img src="skipped.png"/>
              <span class="class-name">practice.elementsTests.RadioButtonTest</span>
            </div> <!-- main-panel-header rounded-window-top -->
            <div class="main-panel-content rounded-window-bottom">
              <div class="method">
                <div class="method-content">
                  <a name="clickOnClose">
                  </a> <!-- clickOnClose -->
                  <span class="method-name">clickOnClose</span>
                  <div class="stack-trace">org.testng.TestNGException: 
Parameter &apos;browser&apos; is required by BeforeTest on method launch but has not been marked @Optional or defined

... Removed 26 stack frames
</div> <!-- stack-trace -->
                </div> <!-- method-content -->
              </div> <!-- method -->
              <div class="method">
                <div class="method-content">
                  <a name="clickOnElements">
                  </a> <!-- clickOnElements -->
                  <span class="method-name">clickOnElements</span>
                  <div class="stack-trace">org.testng.TestNGException: 
Parameter &apos;browser&apos; is required by BeforeTest on method launch but has not been marked @Optional or defined

... Removed 26 stack frames
</div> <!-- stack-trace -->
                </div> <!-- method-content -->
              </div> <!-- method -->
              <div class="method">
                <div class="method-content">
                  <a name="clickOnImpressiveRadioButton">
                  </a> <!-- clickOnImpressiveRadioButton -->
                  <span class="method-name">clickOnImpressiveRadioButton</span>
                  <div class="stack-trace">org.testng.TestNGException: 
Parameter &apos;browser&apos; is required by BeforeTest on method launch but has not been marked @Optional or defined

... Removed 26 stack frames
</div> <!-- stack-trace -->
                </div> <!-- method-content -->
              </div> <!-- method -->
              <div class="method">
                <div class="method-content">
                  <a name="clickOnNoRadioButton">
                  </a> <!-- clickOnNoRadioButton -->
                  <span class="method-name">clickOnNoRadioButton</span>
                  <div class="stack-trace">org.testng.TestNGException: 
Parameter &apos;browser&apos; is required by BeforeTest on method launch but has not been marked @Optional or defined

... Removed 26 stack frames
</div> <!-- stack-trace -->
                </div> <!-- method-content -->
              </div> <!-- method -->
              <div class="method">
                <div class="method-content">
                  <a name="clickOnPractice">
                  </a> <!-- clickOnPractice -->
                  <span class="method-name">clickOnPractice</span>
                  <div class="stack-trace">org.testng.TestNGException: 
Parameter &apos;browser&apos; is required by BeforeTest on method launch but has not been marked @Optional or defined

... Removed 26 stack frames
</div> <!-- stack-trace -->
                </div> <!-- method-content -->
              </div> <!-- method -->
              <div class="method">
                <div class="method-content">
                  <a name="clickOnRadioButtons">
                  </a> <!-- clickOnRadioButtons -->
                  <span class="method-name">clickOnRadioButtons</span>
                  <div class="stack-trace">org.testng.TestNGException: 
Parameter &apos;browser&apos; is required by BeforeTest on method launch but has not been marked @Optional or defined

... Removed 26 stack frames
</div> <!-- stack-trace -->
                </div> <!-- method-content -->
              </div> <!-- method -->
              <div class="method">
                <div class="method-content">
                  <a name="clickOnYesRadioButton">
                  </a> <!-- clickOnYesRadioButton -->
                  <span class="method-name">clickOnYesRadioButton</span>
                  <div class="stack-trace">org.testng.TestNGException: 
Parameter &apos;browser&apos; is required by BeforeTest on method launch but has not been marked @Optional or defined

... Removed 26 stack frames
</div> <!-- stack-trace -->
                </div> <!-- method-content -->
              </div> <!-- method -->
            </div> <!-- main-panel-content rounded-window-bottom -->
          </div> <!-- suite-Surefire_suite-class-skipped -->
          <div class="suite-Surefire_suite-class-skipped">
            <div class="main-panel-header rounded-window-top">
              <img src="skipped.png"/>
              <span class="class-name">practice.elementsTests.LoginTest</span>
            </div> <!-- main-panel-header rounded-window-top -->
            <div class="main-panel-content rounded-window-bottom">
              <div class="method">
                <div class="method-content">
                  <a name="userLogin(username1, password1)">
                  </a> <!-- userLogin(username1, password1) -->
                  <span class="method-name">userLogin</span>
                  <span class="parameters">(username1,password1)</span>
                  <div class="stack-trace">org.testng.TestNGException: 
Parameter &apos;browser&apos; is required by BeforeTest on method launch but has not been marked @Optional or defined

... Removed 26 stack frames
</div> <!-- stack-trace -->
                </div> <!-- method-content -->
              </div> <!-- method -->
              <div class="method">
                <div class="method-content">
                  <a name="userLogin(username3, password3)">
                  </a> <!-- userLogin(username3, password3) -->
                  <span class="method-name">userLogin</span>
                  <span class="parameters">(username3,password3)</span>
                  <div class="stack-trace">org.testng.TestNGException: 
Parameter &apos;browser&apos; is required by BeforeTest on method launch but has not been marked @Optional or defined

... Removed 26 stack frames
</div> <!-- stack-trace -->
                </div> <!-- method-content -->
              </div> <!-- method -->
              <div class="method">
                <div class="method-content">
                  <a name="userLogin(username2, password2)">
                  </a> <!-- userLogin(username2, password2) -->
                  <span class="method-name">userLogin</span>
                  <span class="parameters">(username2,password2)</span>
                  <div class="stack-trace">org.testng.TestNGException: 
Parameter &apos;browser&apos; is required by BeforeTest on method launch but has not been marked @Optional or defined

... Removed 26 stack frames
</div> <!-- stack-trace -->
                </div> <!-- method-content -->
              </div> <!-- method -->
            </div> <!-- main-panel-content rounded-window-bottom -->
          </div> <!-- suite-Surefire_suite-class-skipped -->
          <div class="suite-Surefire_suite-class-skipped">
            <div class="main-panel-header rounded-window-top">
              <img src="skipped.png"/>
              <span class="class-name">practice.elementsTests.ButtonTest</span>
            </div> <!-- main-panel-header rounded-window-top -->
            <div class="main-panel-content rounded-window-bottom">
              <div class="method">
                <div class="method-content">
                  <a name="clickOnButtons">
                  </a> <!-- clickOnButtons -->
                  <span class="method-name">clickOnButtons</span>
                  <div class="stack-trace">org.testng.TestNGException: 
Parameter &apos;browser&apos; is required by BeforeTest on method launch but has not been marked @Optional or defined

... Removed 26 stack frames
</div> <!-- stack-trace -->
                </div> <!-- method-content -->
              </div> <!-- method -->
              <div class="method">
                <div class="method-content">
                  <a name="clickOnClose">
                  </a> <!-- clickOnClose -->
                  <span class="method-name">clickOnClose</span>
                  <div class="stack-trace">org.testng.TestNGException: 
Parameter &apos;browser&apos; is required by BeforeTest on method launch but has not been marked @Optional or defined

... Removed 26 stack frames
</div> <!-- stack-trace -->
                </div> <!-- method-content -->
              </div> <!-- method -->
              <div class="method">
                <div class="method-content">
                  <a name="clickOnDoubleClickButton">
                  </a> <!-- clickOnDoubleClickButton -->
                  <span class="method-name">clickOnDoubleClickButton</span>
                  <div class="stack-trace">org.testng.TestNGException: 
Parameter &apos;browser&apos; is required by BeforeTest on method launch but has not been marked @Optional or defined

... Removed 26 stack frames
</div> <!-- stack-trace -->
                </div> <!-- method-content -->
              </div> <!-- method -->
              <div class="method">
                <div class="method-content">
                  <a name="clickOnElements">
                  </a> <!-- clickOnElements -->
                  <span class="method-name">clickOnElements</span>
                  <div class="stack-trace">org.testng.TestNGException: 
Parameter &apos;browser&apos; is required by BeforeTest on method launch but has not been marked @Optional or defined

... Removed 26 stack frames
</div> <!-- stack-trace -->
                </div> <!-- method-content -->
              </div> <!-- method -->
              <div class="method">
                <div class="method-content">
                  <a name="clickOnPractice">
                  </a> <!-- clickOnPractice -->
                  <span class="method-name">clickOnPractice</span>
                  <div class="stack-trace">org.testng.TestNGException: 
Parameter &apos;browser&apos; is required by BeforeTest on method launch but has not been marked @Optional or defined

... Removed 26 stack frames
</div> <!-- stack-trace -->
                </div> <!-- method-content -->
              </div> <!-- method -->
              <div class="method">
                <div class="method-content">
                  <a name="clickOnRightClickButton">
                  </a> <!-- clickOnRightClickButton -->
                  <span class="method-name">clickOnRightClickButton</span>
                  <div class="stack-trace">org.testng.TestNGException: 
Parameter &apos;browser&apos; is required by BeforeTest on method launch but has not been marked @Optional or defined

... Removed 26 stack frames
</div> <!-- stack-trace -->
                </div> <!-- method-content -->
              </div> <!-- method -->
              <div class="method">
                <div class="method-content">
                  <a name="clickOnSingleClickButton">
                  </a> <!-- clickOnSingleClickButton -->
                  <span class="method-name">clickOnSingleClickButton</span>
                  <div class="stack-trace">org.testng.TestNGException: 
Parameter &apos;browser&apos; is required by BeforeTest on method launch but has not been marked @Optional or defined

... Removed 26 stack frames
</div> <!-- stack-trace -->
                </div> <!-- method-content -->
              </div> <!-- method -->
            </div> <!-- main-panel-content rounded-window-bottom -->
          </div> <!-- suite-Surefire_suite-class-skipped -->
          <div class="suite-Surefire_suite-class-skipped">
            <div class="main-panel-header rounded-window-top">
              <img src="skipped.png"/>
              <span class="class-name">practice.alertsFrameAndWindowsTests.NestedFramesTest</span>
            </div> <!-- main-panel-header rounded-window-top -->
            <div class="main-panel-content rounded-window-bottom">
              <div class="method">
                <div class="method-content">
                  <a name="clickOnAlertsFrameAndWindows">
                  </a> <!-- clickOnAlertsFrameAndWindows -->
                  <span class="method-name">clickOnAlertsFrameAndWindows</span>
                  <div class="stack-trace">java.lang.Throwable: Method practice.alertsFrameAndWindowsTests.NestedFramesTest.clickOnAlertsFrameAndWindows() on instance practice.alertsFrameAndWindowsTests.NestedFramesTest@3f6f6701 depends on not successfully finished methods 
[practice.alertsFrameAndWindowsTests.NestedFramesTest.clickOnPractice() on instance practice.alertsFrameAndWindowsTests.NestedFramesTest@3f6f6701]
	at java.base/java.util.ArrayList.forEach(ArrayList.java:1541)
... Removed 23 stack frames
</div> <!-- stack-trace -->
                </div> <!-- method-content -->
              </div> <!-- method -->
              <div class="method">
                <div class="method-content">
                  <a name="clickOnClose">
                  </a> <!-- clickOnClose -->
                  <span class="method-name">clickOnClose</span>
                  <div class="stack-trace">org.testng.TestNGException: 
Parameter &apos;browser&apos; is required by BeforeTest on method launch but has not been marked @Optional or defined

... Removed 26 stack frames
</div> <!-- stack-trace -->
                </div> <!-- method-content -->
              </div> <!-- method -->
              <div class="method">
                <div class="method-content">
                  <a name="clickOnNestedFrames">
                  </a> <!-- clickOnNestedFrames -->
                  <span class="method-name">clickOnNestedFrames</span>
                  <div class="stack-trace">java.lang.Throwable: Method practice.alertsFrameAndWindowsTests.NestedFramesTest.clickOnNestedFrames() on instance practice.alertsFrameAndWindowsTests.NestedFramesTest@3f6f6701 depends on not successfully finished methods 
[practice.alertsFrameAndWindowsTests.NestedFramesTest.clickOnAlertsFrameAndWindows() on instance practice.alertsFrameAndWindowsTests.NestedFramesTest@3f6f6701]
	at java.base/java.util.ArrayList.forEach(ArrayList.java:1541)
... Removed 23 stack frames
</div> <!-- stack-trace -->
                </div> <!-- method-content -->
              </div> <!-- method -->
              <div class="method">
                <div class="method-content">
                  <a name="clickOnPractice">
                  </a> <!-- clickOnPractice -->
                  <span class="method-name">clickOnPractice</span>
                  <div class="stack-trace">java.lang.Throwable: Method practice.alertsFrameAndWindowsTests.NestedFramesTest.clickOnPractice() on instance practice.alertsFrameAndWindowsTests.NestedFramesTest@3f6f6701 depends on not successfully finished methods 
[practice.alertsFrameAndWindowsTests.NestedFramesTest.clickOnClose() on instance practice.alertsFrameAndWindowsTests.NestedFramesTest@3f6f6701]
	at java.base/java.util.ArrayList.forEach(ArrayList.java:1541)
... Removed 23 stack frames
</div> <!-- stack-trace -->
                </div> <!-- method-content -->
              </div> <!-- method -->
              <div class="method">
                <div class="method-content">
                  <a name="getInnerFrameText">
                  </a> <!-- getInnerFrameText -->
                  <span class="method-name">getInnerFrameText</span>
                  <div class="stack-trace">java.lang.Throwable: Method practice.alertsFrameAndWindowsTests.NestedFramesTest.getInnerFrameText() on instance practice.alertsFrameAndWindowsTests.NestedFramesTest@3f6f6701 depends on not successfully finished methods 
[practice.alertsFrameAndWindowsTests.NestedFramesTest.clickOnNestedFrames() on instance practice.alertsFrameAndWindowsTests.NestedFramesTest@3f6f6701]
	at java.base/java.util.ArrayList.forEach(ArrayList.java:1541)
... Removed 23 stack frames
</div> <!-- stack-trace -->
                </div> <!-- method-content -->
              </div> <!-- method -->
            </div> <!-- main-panel-content rounded-window-bottom -->
          </div> <!-- suite-Surefire_suite-class-skipped -->
          <div class="suite-Surefire_suite-class-skipped">
            <div class="main-panel-header rounded-window-top">
              <img src="skipped.png"/>
              <span class="class-name">practice.widgetsTests.SelectMenuTest</span>
            </div> <!-- main-panel-header rounded-window-top -->
            <div class="main-panel-content rounded-window-bottom">
              <div class="method">
                <div class="method-content">
                  <a name="chooseMultipleOptions">
                  </a> <!-- chooseMultipleOptions -->
                  <span class="method-name">chooseMultipleOptions</span>
                  <div class="stack-trace">java.lang.Throwable: Method practice.widgetsTests.SelectMenuTest.chooseMultipleOptions() on instance practice.widgetsTests.SelectMenuTest@5e600dd5 depends on not successfully finished methods 
[practice.widgetsTests.SelectMenuTest.clickOnSelectMenu() on instance practice.widgetsTests.SelectMenuTest@5e600dd5]
	at java.base/java.util.ArrayList.forEach(ArrayList.java:1541)
... Removed 23 stack frames
</div> <!-- stack-trace -->
                </div> <!-- method-content -->
              </div> <!-- method -->
              <div class="method">
                <div class="method-content">
                  <a name="chooseSelectOneOption">
                  </a> <!-- chooseSelectOneOption -->
                  <span class="method-name">chooseSelectOneOption</span>
                  <div class="stack-trace">java.lang.Throwable: Method practice.widgetsTests.SelectMenuTest.chooseSelectOneOption() on instance practice.widgetsTests.SelectMenuTest@5e600dd5 depends on not successfully finished methods 
[practice.widgetsTests.SelectMenuTest.clickOnSelectMenu() on instance practice.widgetsTests.SelectMenuTest@5e600dd5]
	at java.base/java.util.ArrayList.forEach(ArrayList.java:1541)
... Removed 23 stack frames
</div> <!-- stack-trace -->
                </div> <!-- method-content -->
              </div> <!-- method -->
              <div class="method">
                <div class="method-content">
                  <a name="chooseSelectValueOptions">
                  </a> <!-- chooseSelectValueOptions -->
                  <span class="method-name">chooseSelectValueOptions</span>
                  <div class="stack-trace">java.lang.Throwable: Method practice.widgetsTests.SelectMenuTest.chooseSelectValueOptions() on instance practice.widgetsTests.SelectMenuTest@5e600dd5 depends on not successfully finished methods 
[practice.widgetsTests.SelectMenuTest.clickOnSelectMenu() on instance practice.widgetsTests.SelectMenuTest@5e600dd5]
	at java.base/java.util.ArrayList.forEach(ArrayList.java:1541)
... Removed 23 stack frames
</div> <!-- stack-trace -->
                </div> <!-- method-content -->
              </div> <!-- method -->
              <div class="method">
                <div class="method-content">
                  <a name="clickOnClose">
                  </a> <!-- clickOnClose -->
                  <span class="method-name">clickOnClose</span>
                  <div class="stack-trace">org.testng.TestNGException: 
Parameter &apos;browser&apos; is required by BeforeTest on method launch but has not been marked @Optional or defined

... Removed 26 stack frames
</div> <!-- stack-trace -->
                </div> <!-- method-content -->
              </div> <!-- method -->
              <div class="method">
                <div class="method-content">
                  <a name="clickOnPractice">
                  </a> <!-- clickOnPractice -->
                  <span class="method-name">clickOnPractice</span>
                  <div class="stack-trace">java.lang.Throwable: Method practice.widgetsTests.SelectMenuTest.clickOnPractice() on instance practice.widgetsTests.SelectMenuTest@5e600dd5 depends on not successfully finished methods 
[practice.widgetsTests.SelectMenuTest.clickOnClose() on instance practice.widgetsTests.SelectMenuTest@5e600dd5]
	at java.base/java.util.ArrayList.forEach(ArrayList.java:1541)
... Removed 23 stack frames
</div> <!-- stack-trace -->
                </div> <!-- method-content -->
              </div> <!-- method -->
              <div class="method">
                <div class="method-content">
                  <a name="clickOnSelectMenu">
                  </a> <!-- clickOnSelectMenu -->
                  <span class="method-name">clickOnSelectMenu</span>
                  <div class="stack-trace">java.lang.Throwable: Method practice.widgetsTests.SelectMenuTest.clickOnSelectMenu() on instance practice.widgetsTests.SelectMenuTest@5e600dd5 depends on not successfully finished methods 
[practice.widgetsTests.SelectMenuTest.clickOnWidgets() on instance practice.widgetsTests.SelectMenuTest@5e600dd5]
	at java.base/java.util.ArrayList.forEach(ArrayList.java:1541)
... Removed 23 stack frames
</div> <!-- stack-trace -->
                </div> <!-- method-content -->
              </div> <!-- method -->
              <div class="method">
                <div class="method-content">
                  <a name="clickOnWidgets">
                  </a> <!-- clickOnWidgets -->
                  <span class="method-name">clickOnWidgets</span>
                  <div class="stack-trace">java.lang.Throwable: Method practice.widgetsTests.SelectMenuTest.clickOnWidgets() on instance practice.widgetsTests.SelectMenuTest@5e600dd5 depends on not successfully finished methods 
[practice.widgetsTests.SelectMenuTest.clickOnPractice() on instance practice.widgetsTests.SelectMenuTest@5e600dd5]
	at java.base/java.util.ArrayList.forEach(ArrayList.java:1541)
... Removed 23 stack frames
</div> <!-- stack-trace -->
                </div> <!-- method-content -->
              </div> <!-- method -->
            </div> <!-- main-panel-content rounded-window-bottom -->
          </div> <!-- suite-Surefire_suite-class-skipped -->
          <div class="suite-Surefire_suite-class-skipped">
            <div class="main-panel-header rounded-window-top">
              <img src="skipped.png"/>
              <span class="class-name">practice.widgetsTests.MenuTest</span>
            </div> <!-- main-panel-header rounded-window-top -->
            <div class="main-panel-content rounded-window-bottom">
              <div class="method">
                <div class="method-content">
                  <a name="chooseServicesUITest">
                  </a> <!-- chooseServicesUITest -->
                  <span class="method-name">chooseServicesUITest</span>
                  <div class="stack-trace">java.lang.Throwable: Method practice.widgetsTests.MenuTest.chooseServicesUITest() on instance practice.widgetsTests.MenuTest@130c12b7 depends on not successfully finished methods 
[practice.widgetsTests.MenuTest.clickOnMenu() on instance practice.widgetsTests.MenuTest@130c12b7]
	at java.base/java.util.ArrayList.forEach(ArrayList.java:1541)
... Removed 23 stack frames
</div> <!-- stack-trace -->
                </div> <!-- method-content -->
              </div> <!-- method -->
              <div class="method">
                <div class="method-content">
                  <a name="clickOnClose">
                  </a> <!-- clickOnClose -->
                  <span class="method-name">clickOnClose</span>
                  <div class="stack-trace">org.testng.TestNGException: 
Parameter &apos;browser&apos; is required by BeforeTest on method launch but has not been marked @Optional or defined

... Removed 26 stack frames
</div> <!-- stack-trace -->
                </div> <!-- method-content -->
              </div> <!-- method -->
              <div class="method">
                <div class="method-content">
                  <a name="clickOnMenu">
                  </a> <!-- clickOnMenu -->
                  <span class="method-name">clickOnMenu</span>
                  <div class="stack-trace">java.lang.Throwable: Method practice.widgetsTests.MenuTest.clickOnMenu() on instance practice.widgetsTests.MenuTest@130c12b7 depends on not successfully finished methods 
[practice.widgetsTests.MenuTest.clickOnWidgets() on instance practice.widgetsTests.MenuTest@130c12b7]
	at java.base/java.util.ArrayList.forEach(ArrayList.java:1541)
... Removed 23 stack frames
</div> <!-- stack-trace -->
                </div> <!-- method-content -->
              </div> <!-- method -->
              <div class="method">
                <div class="method-content">
                  <a name="clickOnPractice">
                  </a> <!-- clickOnPractice -->
                  <span class="method-name">clickOnPractice</span>
                  <div class="stack-trace">java.lang.Throwable: Method practice.widgetsTests.MenuTest.clickOnPractice() on instance practice.widgetsTests.MenuTest@130c12b7 depends on not successfully finished methods 
[practice.widgetsTests.MenuTest.clickOnClose() on instance practice.widgetsTests.MenuTest@130c12b7]
	at java.base/java.util.ArrayList.forEach(ArrayList.java:1541)
... Removed 23 stack frames
</div> <!-- stack-trace -->
                </div> <!-- method-content -->
              </div> <!-- method -->
              <div class="method">
                <div class="method-content">
                  <a name="clickOnWidgets">
                  </a> <!-- clickOnWidgets -->
                  <span class="method-name">clickOnWidgets</span>
                  <div class="stack-trace">java.lang.Throwable: Method practice.widgetsTests.MenuTest.clickOnWidgets() on instance practice.widgetsTests.MenuTest@130c12b7 depends on not successfully finished methods 
[practice.widgetsTests.MenuTest.clickOnPractice() on instance practice.widgetsTests.MenuTest@130c12b7]
	at java.base/java.util.ArrayList.forEach(ArrayList.java:1541)
... Removed 23 stack frames
</div> <!-- stack-trace -->
                </div> <!-- method-content -->
              </div> <!-- method -->
            </div> <!-- main-panel-content rounded-window-bottom -->
          </div> <!-- suite-Surefire_suite-class-skipped -->
          <div class="suite-Surefire_suite-class-skipped">
            <div class="main-panel-header rounded-window-top">
              <img src="skipped.png"/>
              <span class="class-name">practice.elementsTests.LinksTest</span>
            </div> <!-- main-panel-header rounded-window-top -->
            <div class="main-panel-content rounded-window-bottom">
              <div class="method">
                <div class="method-content">
                  <a name="clickOnClose">
                  </a> <!-- clickOnClose -->
                  <span class="method-name">clickOnClose</span>
                  <div class="stack-trace">org.testng.TestNGException: 
Parameter &apos;browser&apos; is required by BeforeTest on method launch but has not been marked @Optional or defined

... Removed 26 stack frames
</div> <!-- stack-trace -->
                </div> <!-- method-content -->
              </div> <!-- method -->
              <div class="method">
                <div class="method-content">
                  <a name="clickOnDemoPageLink">
                  </a> <!-- clickOnDemoPageLink -->
                  <span class="method-name">clickOnDemoPageLink</span>
                  <div class="stack-trace">org.testng.TestNGException: 
Parameter &apos;browser&apos; is required by BeforeTest on method launch but has not been marked @Optional or defined

... Removed 26 stack frames
</div> <!-- stack-trace -->
                </div> <!-- method-content -->
              </div> <!-- method -->
              <div class="method">
                <div class="method-content">
                  <a name="clickOnElements">
                  </a> <!-- clickOnElements -->
                  <span class="method-name">clickOnElements</span>
                  <div class="stack-trace">org.testng.TestNGException: 
Parameter &apos;browser&apos; is required by BeforeTest on method launch but has not been marked @Optional or defined

... Removed 26 stack frames
</div> <!-- stack-trace -->
                </div> <!-- method-content -->
              </div> <!-- method -->
              <div class="method">
                <div class="method-content">
                  <a name="clickOnLinksButton">
                  </a> <!-- clickOnLinksButton -->
                  <span class="method-name">clickOnLinksButton</span>
                  <div class="stack-trace">org.testng.TestNGException: 
Parameter &apos;browser&apos; is required by BeforeTest on method launch but has not been marked @Optional or defined

... Removed 26 stack frames
</div> <!-- stack-trace -->
                </div> <!-- method-content -->
              </div> <!-- method -->
              <div class="method">
                <div class="method-content">
                  <a name="clickOnPractice">
                  </a> <!-- clickOnPractice -->
                  <span class="method-name">clickOnPractice</span>
                  <div class="stack-trace">org.testng.TestNGException: 
Parameter &apos;browser&apos; is required by BeforeTest on method launch but has not been marked @Optional or defined

... Removed 26 stack frames
</div> <!-- stack-trace -->
                </div> <!-- method-content -->
              </div> <!-- method -->
              <div class="method">
                <div class="method-content">
                  <a name="validateOpenTabsTitle">
                  </a> <!-- validateOpenTabsTitle -->
                  <span class="method-name">validateOpenTabsTitle</span>
                  <div class="stack-trace">org.testng.TestNGException: 
Parameter &apos;browser&apos; is required by BeforeTest on method launch but has not been marked @Optional or defined

... Removed 26 stack frames
</div> <!-- stack-trace -->
                </div> <!-- method-content -->
              </div> <!-- method -->
            </div> <!-- main-panel-content rounded-window-bottom -->
          </div> <!-- suite-Surefire_suite-class-skipped -->
          <div class="suite-Surefire_suite-class-skipped">
            <div class="main-panel-header rounded-window-top">
              <img src="skipped.png"/>
              <span class="class-name">practice.elementsTests.WebTableTest</span>
            </div> <!-- main-panel-header rounded-window-top -->
            <div class="main-panel-content rounded-window-bottom">
              <div class="method">
                <div class="method-content">
                  <a name="clicOnCancel">
                  </a> <!-- clicOnCancel -->
                  <span class="method-name">clicOnCancel</span>
                  <div class="stack-trace">java.lang.Throwable: Method practice.elementsTests.WebTableTest.clicOnCancel() on instance practice.elementsTests.WebTableTest@121314f7 depends on not successfully finished methods 
[practice.elementsTests.WebTableTest.enterDataInWebTable() on instance practice.elementsTests.WebTableTest@121314f7]
	at java.base/java.util.ArrayList.forEach(ArrayList.java:1541)
... Removed 23 stack frames
</div> <!-- stack-trace -->
                </div> <!-- method-content -->
              </div> <!-- method -->
              <div class="method">
                <div class="method-content">
                  <a name="clickOnClose">
                  </a> <!-- clickOnClose -->
                  <span class="method-name">clickOnClose</span>
                  <div class="stack-trace">org.testng.TestNGException: 
Parameter &apos;browser&apos; is required by BeforeTest on method launch but has not been marked @Optional or defined

... Removed 26 stack frames
</div> <!-- stack-trace -->
                </div> <!-- method-content -->
              </div> <!-- method -->
              <div class="method">
                <div class="method-content">
                  <a name="clickOnEdit">
                  </a> <!-- clickOnEdit -->
                  <span class="method-name">clickOnEdit</span>
                  <div class="stack-trace">java.lang.Throwable: Method practice.elementsTests.WebTableTest.clickOnEdit() on instance practice.elementsTests.WebTableTest@121314f7 depends on not successfully finished methods 
[practice.elementsTests.WebTableTest.enterDataInWebTable() on instance practice.elementsTests.WebTableTest@121314f7]
	at java.base/java.util.ArrayList.forEach(ArrayList.java:1541)
... Removed 23 stack frames
</div> <!-- stack-trace -->
                </div> <!-- method-content -->
              </div> <!-- method -->
              <div class="method">
                <div class="method-content">
                  <a name="clickOnElements">
                  </a> <!-- clickOnElements -->
                  <span class="method-name">clickOnElements</span>
                  <div class="stack-trace">java.lang.Throwable: Method practice.elementsTests.WebTableTest.clickOnElements() on instance practice.elementsTests.WebTableTest@121314f7 depends on not successfully finished methods 
[practice.elementsTests.WebTableTest.clickOnPractice() on instance practice.elementsTests.WebTableTest@121314f7]
	at java.base/java.util.ArrayList.forEach(ArrayList.java:1541)
... Removed 23 stack frames
</div> <!-- stack-trace -->
                </div> <!-- method-content -->
              </div> <!-- method -->
              <div class="method">
                <div class="method-content">
                  <a name="clickOnPractice">
                  </a> <!-- clickOnPractice -->
                  <span class="method-name">clickOnPractice</span>
                  <div class="stack-trace">java.lang.Throwable: Method practice.elementsTests.WebTableTest.clickOnPractice() on instance practice.elementsTests.WebTableTest@121314f7 depends on not successfully finished methods 
[practice.elementsTests.WebTableTest.clickOnClose() on instance practice.elementsTests.WebTableTest@121314f7]
	at java.base/java.util.ArrayList.forEach(ArrayList.java:1541)
... Removed 23 stack frames
</div> <!-- stack-trace -->
                </div> <!-- method-content -->
              </div> <!-- method -->
              <div class="method">
                <div class="method-content">
                  <a name="clickOnWebTable">
                  </a> <!-- clickOnWebTable -->
                  <span class="method-name">clickOnWebTable</span>
                  <div class="stack-trace">org.testng.TestNGException: 
Parameter &apos;browser&apos; is required by BeforeTest on method launch but has not been marked @Optional or defined

... Removed 26 stack frames
</div> <!-- stack-trace -->
                </div> <!-- method-content -->
              </div> <!-- method -->
              <div class="method">
                <div class="method-content">
                  <a name="enterDataInWebTable">
                  </a> <!-- enterDataInWebTable -->
                  <span class="method-name">enterDataInWebTable</span>
                  <div class="stack-trace">org.testng.TestNGException: 
Parameter &apos;browser&apos; is required by BeforeTest on method launch but has not been marked @Optional or defined

... Removed 26 stack frames
</div> <!-- stack-trace -->
                </div> <!-- method-content -->
              </div> <!-- method -->
            </div> <!-- main-panel-content rounded-window-bottom -->
          </div> <!-- suite-Surefire_suite-class-skipped -->
          <div class="suite-Surefire_suite-class-skipped">
            <div class="main-panel-header rounded-window-top">
              <img src="skipped.png"/>
              <span class="class-name">practice.alertsFrameAndWindowsTests.AlertsTest</span>
            </div> <!-- main-panel-header rounded-window-top -->
            <div class="main-panel-content rounded-window-bottom">
              <div class="method">
                <div class="method-content">
                  <a name="clickOnAlertAndAcceptButton">
                  </a> <!-- clickOnAlertAndAcceptButton -->
                  <span class="method-name">clickOnAlertAndAcceptButton</span>
                  <div class="stack-trace">org.testng.TestNGException: 
Parameter &apos;browser&apos; is required by BeforeTest on method launch but has not been marked @Optional or defined

... Removed 26 stack frames
</div> <!-- stack-trace -->
                </div> <!-- method-content -->
              </div> <!-- method -->
              <div class="method">
                <div class="method-content">
                  <a name="clickOnAlertAndCancelButton">
                  </a> <!-- clickOnAlertAndCancelButton -->
                  <span class="method-name">clickOnAlertAndCancelButton</span>
                  <div class="stack-trace">org.testng.TestNGException: 
Parameter &apos;browser&apos; is required by BeforeTest on method launch but has not been marked @Optional or defined

... Removed 26 stack frames
</div> <!-- stack-trace -->
                </div> <!-- method-content -->
              </div> <!-- method -->
              <div class="method">
                <div class="method-content">
                  <a name="clickOnAlerts">
                  </a> <!-- clickOnAlerts -->
                  <span class="method-name">clickOnAlerts</span>
                  <div class="stack-trace">java.lang.Throwable: Method practice.alertsFrameAndWindowsTests.AlertsTest.clickOnAlerts() on instance practice.alertsFrameAndWindowsTests.AlertsTest@52b1beb6 depends on not successfully finished methods 
[practice.alertsFrameAndWindowsTests.AlertsTest.clickOnAlertsFrameAndWindows() on instance practice.alertsFrameAndWindowsTests.AlertsTest@52b1beb6]
	at java.base/java.util.ArrayList.forEach(ArrayList.java:1541)
... Removed 23 stack frames
</div> <!-- stack-trace -->
                </div> <!-- method-content -->
              </div> <!-- method -->
              <div class="method">
                <div class="method-content">
                  <a name="clickOnAlertsFrameAndWindows">
                  </a> <!-- clickOnAlertsFrameAndWindows -->
                  <span class="method-name">clickOnAlertsFrameAndWindows</span>
                  <div class="stack-trace">java.lang.Throwable: Method practice.alertsFrameAndWindowsTests.AlertsTest.clickOnAlertsFrameAndWindows() on instance practice.alertsFrameAndWindowsTests.AlertsTest@52b1beb6 depends on not successfully finished methods 
[practice.alertsFrameAndWindowsTests.AlertsTest.clickOnPractice() on instance practice.alertsFrameAndWindowsTests.AlertsTest@52b1beb6]
	at java.base/java.util.ArrayList.forEach(ArrayList.java:1541)
... Removed 23 stack frames
</div> <!-- stack-trace -->
                </div> <!-- method-content -->
              </div> <!-- method -->
              <div class="method">
                <div class="method-content">
                  <a name="clickOnClose">
                  </a> <!-- clickOnClose -->
                  <span class="method-name">clickOnClose</span>
                  <div class="stack-trace">org.testng.TestNGException: 
Parameter &apos;browser&apos; is required by BeforeTest on method launch but has not been marked @Optional or defined

... Removed 26 stack frames
</div> <!-- stack-trace -->
                </div> <!-- method-content -->
              </div> <!-- method -->
              <div class="method">
                <div class="method-content">
                  <a name="clickOnPractice">
                  </a> <!-- clickOnPractice -->
                  <span class="method-name">clickOnPractice</span>
                  <div class="stack-trace">java.lang.Throwable: Method practice.alertsFrameAndWindowsTests.AlertsTest.clickOnPractice() on instance practice.alertsFrameAndWindowsTests.AlertsTest@52b1beb6 depends on not successfully finished methods 
[practice.alertsFrameAndWindowsTests.AlertsTest.clickOnClose() on instance practice.alertsFrameAndWindowsTests.AlertsTest@52b1beb6]
	at java.base/java.util.ArrayList.forEach(ArrayList.java:1541)
... Removed 23 stack frames
</div> <!-- stack-trace -->
                </div> <!-- method-content -->
              </div> <!-- method -->
              <div class="method">
                <div class="method-content">
                  <a name="clickOnPromptAndCancel">
                  </a> <!-- clickOnPromptAndCancel -->
                  <span class="method-name">clickOnPromptAndCancel</span>
                  <div class="stack-trace">org.testng.TestNGException: 
Parameter &apos;browser&apos; is required by BeforeTest on method launch but has not been marked @Optional or defined

... Removed 26 stack frames
</div> <!-- stack-trace -->
                </div> <!-- method-content -->
              </div> <!-- method -->
              <div class="method">
                <div class="method-content">
                  <a name="clickOnPromptInputAndAccept">
                  </a> <!-- clickOnPromptInputAndAccept -->
                  <span class="method-name">clickOnPromptInputAndAccept</span>
                  <div class="stack-trace">org.testng.TestNGException: 
Parameter &apos;browser&apos; is required by BeforeTest on method launch but has not been marked @Optional or defined

... Removed 26 stack frames
</div> <!-- stack-trace -->
                </div> <!-- method-content -->
              </div> <!-- method -->
              <div class="method">
                <div class="method-content">
                  <a name="clickOnSeeAlertAndAcceptButton">
                  </a> <!-- clickOnSeeAlertAndAcceptButton -->
                  <span class="method-name">clickOnSeeAlertAndAcceptButton</span>
                  <div class="stack-trace">org.testng.TestNGException: 
Parameter &apos;browser&apos; is required by BeforeTest on method launch but has not been marked @Optional or defined

... Removed 26 stack frames
</div> <!-- stack-trace -->
                </div> <!-- method-content -->
              </div> <!-- method -->
              <div class="method">
                <div class="method-content">
                  <a name="clickOnWaitAlertAndAcceptButton">
                  </a> <!-- clickOnWaitAlertAndAcceptButton -->
                  <span class="method-name">clickOnWaitAlertAndAcceptButton</span>
                  <div class="stack-trace">org.testng.TestNGException: 
Parameter &apos;browser&apos; is required by BeforeTest on method launch but has not been marked @Optional or defined

... Removed 26 stack frames
</div> <!-- stack-trace -->
                </div> <!-- method-content -->
              </div> <!-- method -->
            </div> <!-- main-panel-content rounded-window-bottom -->
          </div> <!-- suite-Surefire_suite-class-skipped -->
          <div class="suite-Surefire_suite-class-skipped">
            <div class="main-panel-header rounded-window-top">
              <img src="skipped.png"/>
              <span class="class-name">practice.alertsFrameAndWindowsTests.FramesTest</span>
            </div> <!-- main-panel-header rounded-window-top -->
            <div class="main-panel-content rounded-window-bottom">
              <div class="method">
                <div class="method-content">
                  <a name="clickOnAlerts">
                  </a> <!-- clickOnAlerts -->
                  <span class="method-name">clickOnAlerts</span>
                  <div class="stack-trace">java.lang.Throwable: Method practice.alertsFrameAndWindowsTests.FramesTest.clickOnAlerts() on instance practice.alertsFrameAndWindowsTests.FramesTest@2d52216b depends on not successfully finished methods 
[practice.alertsFrameAndWindowsTests.FramesTest.clickOnAlertsFrameAndWindows() on instance practice.alertsFrameAndWindowsTests.FramesTest@2d52216b]
	at java.base/java.util.ArrayList.forEach(ArrayList.java:1541)
... Removed 23 stack frames
</div> <!-- stack-trace -->
                </div> <!-- method-content -->
              </div> <!-- method -->
              <div class="method">
                <div class="method-content">
                  <a name="clickOnAlertsFrameAndWindows">
                  </a> <!-- clickOnAlertsFrameAndWindows -->
                  <span class="method-name">clickOnAlertsFrameAndWindows</span>
                  <div class="stack-trace">java.lang.Throwable: Method practice.alertsFrameAndWindowsTests.FramesTest.clickOnAlertsFrameAndWindows() on instance practice.alertsFrameAndWindowsTests.FramesTest@2d52216b depends on not successfully finished methods 
[practice.alertsFrameAndWindowsTests.FramesTest.clickOnPractice() on instance practice.alertsFrameAndWindowsTests.FramesTest@2d52216b]
	at java.base/java.util.ArrayList.forEach(ArrayList.java:1541)
... Removed 23 stack frames
</div> <!-- stack-trace -->
                </div> <!-- method-content -->
              </div> <!-- method -->
              <div class="method">
                <div class="method-content">
                  <a name="clickOnClose">
                  </a> <!-- clickOnClose -->
                  <span class="method-name">clickOnClose</span>
                  <div class="stack-trace">org.testng.TestNGException: 
Parameter &apos;browser&apos; is required by BeforeTest on method launch but has not been marked @Optional or defined

... Removed 26 stack frames
</div> <!-- stack-trace -->
                </div> <!-- method-content -->
              </div> <!-- method -->
              <div class="method">
                <div class="method-content">
                  <a name="clickOnPractice">
                  </a> <!-- clickOnPractice -->
                  <span class="method-name">clickOnPractice</span>
                  <div class="stack-trace">java.lang.Throwable: Method practice.alertsFrameAndWindowsTests.FramesTest.clickOnPractice() on instance practice.alertsFrameAndWindowsTests.FramesTest@2d52216b depends on not successfully finished methods 
[practice.alertsFrameAndWindowsTests.FramesTest.clickOnClose() on instance practice.alertsFrameAndWindowsTests.FramesTest@2d52216b]
	at java.base/java.util.ArrayList.forEach(ArrayList.java:1541)
... Removed 23 stack frames
</div> <!-- stack-trace -->
                </div> <!-- method-content -->
              </div> <!-- method -->
              <div class="method">
                <div class="method-content">
                  <a name="enterInFrame1">
                  </a> <!-- enterInFrame1 -->
                  <span class="method-name">enterInFrame1</span>
                  <div class="stack-trace">org.testng.TestNGException: 
Parameter &apos;browser&apos; is required by BeforeTest on method launch but has not been marked @Optional or defined

... Removed 26 stack frames
</div> <!-- stack-trace -->
                </div> <!-- method-content -->
              </div> <!-- method -->
              <div class="method">
                <div class="method-content">
                  <a name="enterInFrame2">
                  </a> <!-- enterInFrame2 -->
                  <span class="method-name">enterInFrame2</span>
                  <div class="stack-trace">org.testng.TestNGException: 
Parameter &apos;browser&apos; is required by BeforeTest on method launch but has not been marked @Optional or defined

... Removed 26 stack frames
</div> <!-- stack-trace -->
                </div> <!-- method-content -->
              </div> <!-- method -->
            </div> <!-- main-panel-content rounded-window-bottom -->
          </div> <!-- suite-Surefire_suite-class-skipped -->
          <div class="suite-Surefire_suite-class-skipped">
            <div class="main-panel-header rounded-window-top">
              <img src="skipped.png"/>
              <span class="class-name">practice.alertsFrameAndWindowsTests.ModalDialogsTest</span>
            </div> <!-- main-panel-header rounded-window-top -->
            <div class="main-panel-content rounded-window-bottom">
              <div class="method">
                <div class="method-content">
                  <a name="clickOnAlertsFrameAndWindows">
                  </a> <!-- clickOnAlertsFrameAndWindows -->
                  <span class="method-name">clickOnAlertsFrameAndWindows</span>
                  <div class="stack-trace">java.lang.Throwable: Method practice.alertsFrameAndWindowsTests.ModalDialogsTest.clickOnAlertsFrameAndWindows() on instance practice.alertsFrameAndWindowsTests.ModalDialogsTest@242b836 depends on not successfully finished methods 
[practice.alertsFrameAndWindowsTests.ModalDialogsTest.clickOnPractice() on instance practice.alertsFrameAndWindowsTests.ModalDialogsTest@242b836]
	at java.base/java.util.ArrayList.forEach(ArrayList.java:1541)
... Removed 23 stack frames
</div> <!-- stack-trace -->
                </div> <!-- method-content -->
              </div> <!-- method -->
              <div class="method">
                <div class="method-content">
                  <a name="clickOnClose">
                  </a> <!-- clickOnClose -->
                  <span class="method-name">clickOnClose</span>
                  <div class="stack-trace">org.testng.TestNGException: 
Parameter &apos;browser&apos; is required by BeforeTest on method launch but has not been marked @Optional or defined

... Removed 26 stack frames
</div> <!-- stack-trace -->
                </div> <!-- method-content -->
              </div> <!-- method -->
              <div class="method">
                <div class="method-content">
                  <a name="clickOnModalDialogs">
                  </a> <!-- clickOnModalDialogs -->
                  <span class="method-name">clickOnModalDialogs</span>
                  <div class="stack-trace">java.lang.Throwable: Method practice.alertsFrameAndWindowsTests.ModalDialogsTest.clickOnModalDialogs() on instance practice.alertsFrameAndWindowsTests.ModalDialogsTest@242b836 depends on not successfully finished methods 
[practice.alertsFrameAndWindowsTests.ModalDialogsTest.clickOnAlertsFrameAndWindows() on instance practice.alertsFrameAndWindowsTests.ModalDialogsTest@242b836]
	at java.base/java.util.ArrayList.forEach(ArrayList.java:1541)
... Removed 23 stack frames
</div> <!-- stack-trace -->
                </div> <!-- method-content -->
              </div> <!-- method -->
              <div class="method">
                <div class="method-content">
                  <a name="clickOnPractice">
                  </a> <!-- clickOnPractice -->
                  <span class="method-name">clickOnPractice</span>
                  <div class="stack-trace">java.lang.Throwable: Method practice.alertsFrameAndWindowsTests.ModalDialogsTest.clickOnPractice() on instance practice.alertsFrameAndWindowsTests.ModalDialogsTest@242b836 depends on not successfully finished methods 
[practice.alertsFrameAndWindowsTests.ModalDialogsTest.clickOnClose() on instance practice.alertsFrameAndWindowsTests.ModalDialogsTest@242b836]
	at java.base/java.util.ArrayList.forEach(ArrayList.java:1541)
... Removed 23 stack frames
</div> <!-- stack-trace -->
                </div> <!-- method-content -->
              </div> <!-- method -->
              <div class="method">
                <div class="method-content">
                  <a name="largeDialogModal">
                  </a> <!-- largeDialogModal -->
                  <span class="method-name">largeDialogModal</span>
                  <div class="stack-trace">org.testng.TestNGException: 
Parameter &apos;browser&apos; is required by BeforeTest on method launch but has not been marked @Optional or defined

... Removed 26 stack frames
</div> <!-- stack-trace -->
                </div> <!-- method-content -->
              </div> <!-- method -->
              <div class="method">
                <div class="method-content">
                  <a name="smallDialogModal">
                  </a> <!-- smallDialogModal -->
                  <span class="method-name">smallDialogModal</span>
                  <div class="stack-trace">java.lang.Throwable: Method practice.alertsFrameAndWindowsTests.ModalDialogsTest.smallDialogModal() on instance practice.alertsFrameAndWindowsTests.ModalDialogsTest@242b836 depends on not successfully finished methods 
[practice.alertsFrameAndWindowsTests.ModalDialogsTest.clickOnModalDialogs() on instance practice.alertsFrameAndWindowsTests.ModalDialogsTest@242b836]
	at java.base/java.util.ArrayList.forEach(ArrayList.java:1541)
... Removed 23 stack frames
</div> <!-- stack-trace -->
                </div> <!-- method-content -->
              </div> <!-- method -->
            </div> <!-- main-panel-content rounded-window-bottom -->
          </div> <!-- suite-Surefire_suite-class-skipped -->
          <div class="suite-Surefire_suite-class-skipped">
            <div class="main-panel-header rounded-window-top">
              <img src="skipped.png"/>
              <span class="class-name">practice.elementsTests.UploadAndDownloadTest</span>
            </div> <!-- main-panel-header rounded-window-top -->
            <div class="main-panel-content rounded-window-bottom">
              <div class="method">
                <div class="method-content">
                  <a name="clickOnClose">
                  </a> <!-- clickOnClose -->
                  <span class="method-name">clickOnClose</span>
                  <div class="stack-trace">org.testng.TestNGException: 
Parameter &apos;browser&apos; is required by BeforeTest on method launch but has not been marked @Optional or defined

... Removed 26 stack frames
</div> <!-- stack-trace -->
                </div> <!-- method-content -->
              </div> <!-- method -->
              <div class="method">
                <div class="method-content">
                  <a name="clickOnElements">
                  </a> <!-- clickOnElements -->
                  <span class="method-name">clickOnElements</span>
                  <div class="stack-trace">org.testng.TestNGException: 
Parameter &apos;browser&apos; is required by BeforeTest on method launch but has not been marked @Optional or defined

... Removed 26 stack frames
</div> <!-- stack-trace -->
                </div> <!-- method-content -->
              </div> <!-- method -->
              <div class="method">
                <div class="method-content">
                  <a name="clickOnPractice">
                  </a> <!-- clickOnPractice -->
                  <span class="method-name">clickOnPractice</span>
                  <div class="stack-trace">org.testng.TestNGException: 
Parameter &apos;browser&apos; is required by BeforeTest on method launch but has not been marked @Optional or defined

... Removed 26 stack frames
</div> <!-- stack-trace -->
                </div> <!-- method-content -->
              </div> <!-- method -->
              <div class="method">
                <div class="method-content">
                  <a name="clickOnUploadAndDownloadButton">
                  </a> <!-- clickOnUploadAndDownloadButton -->
                  <span class="method-name">clickOnUploadAndDownloadButton</span>
                  <div class="stack-trace">org.testng.TestNGException: 
Parameter &apos;browser&apos; is required by BeforeTest on method launch but has not been marked @Optional or defined

... Removed 26 stack frames
</div> <!-- stack-trace -->
                </div> <!-- method-content -->
              </div> <!-- method -->
              <div class="method">
                <div class="method-content">
                  <a name="performUpload">
                  </a> <!-- performUpload -->
                  <span class="method-name">performUpload</span>
                  <div class="stack-trace">org.testng.TestNGException: 
Parameter &apos;browser&apos; is required by BeforeTest on method launch but has not been marked @Optional or defined

... Removed 26 stack frames
</div> <!-- stack-trace -->
                </div> <!-- method-content -->
              </div> <!-- method -->
            </div> <!-- main-panel-content rounded-window-bottom -->
          </div> <!-- suite-Surefire_suite-class-skipped -->
          <div class="suite-Surefire_suite-class-skipped">
            <div class="main-panel-header rounded-window-top">
              <img src="skipped.png"/>
              <span class="class-name">practice.elementsTests.CheckBoxTest</span>
            </div> <!-- main-panel-header rounded-window-top -->
            <div class="main-panel-content rounded-window-bottom">
              <div class="method">
                <div class="method-content">
                  <a name="clickCheckBox">
                  </a> <!-- clickCheckBox -->
                  <span class="method-name">clickCheckBox</span>
                  <div class="stack-trace">org.testng.TestNGException: 
Parameter &apos;browser&apos; is required by BeforeTest on method launch but has not been marked @Optional or defined

... Removed 26 stack frames
</div> <!-- stack-trace -->
                </div> <!-- method-content -->
              </div> <!-- method -->
              <div class="method">
                <div class="method-content">
                  <a name="clickDesktopCheckBox">
                  </a> <!-- clickDesktopCheckBox -->
                  <span class="method-name">clickDesktopCheckBox</span>
                  <div class="stack-trace">org.testng.TestNGException: 
Parameter &apos;browser&apos; is required by BeforeTest on method launch but has not been marked @Optional or defined

... Removed 26 stack frames
</div> <!-- stack-trace -->
                </div> <!-- method-content -->
              </div> <!-- method -->
              <div class="method">
                <div class="method-content">
                  <a name="clickLaptopCheckBox">
                  </a> <!-- clickLaptopCheckBox -->
                  <span class="method-name">clickLaptopCheckBox</span>
                  <div class="stack-trace">org.testng.TestNGException: 
Parameter &apos;browser&apos; is required by BeforeTest on method launch but has not been marked @Optional or defined

... Removed 26 stack frames
</div> <!-- stack-trace -->
                </div> <!-- method-content -->
              </div> <!-- method -->
              <div class="method">
                <div class="method-content">
                  <a name="clickMobileCheckBox">
                  </a> <!-- clickMobileCheckBox -->
                  <span class="method-name">clickMobileCheckBox</span>
                  <div class="stack-trace">org.testng.TestNGException: 
Parameter &apos;browser&apos; is required by BeforeTest on method launch but has not been marked @Optional or defined

... Removed 26 stack frames
</div> <!-- stack-trace -->
                </div> <!-- method-content -->
              </div> <!-- method -->
              <div class="method">
                <div class="method-content">
                  <a name="clickOnClose">
                  </a> <!-- clickOnClose -->
                  <span class="method-name">clickOnClose</span>
                  <div class="stack-trace">org.testng.TestNGException: 
Parameter &apos;browser&apos; is required by BeforeTest on method launch but has not been marked @Optional or defined

... Removed 26 stack frames
</div> <!-- stack-trace -->
                </div> <!-- method-content -->
              </div> <!-- method -->
              <div class="method">
                <div class="method-content">
                  <a name="clickOnElements">
                  </a> <!-- clickOnElements -->
                  <span class="method-name">clickOnElements</span>
                  <div class="stack-trace">org.testng.TestNGException: 
Parameter &apos;browser&apos; is required by BeforeTest on method launch but has not been marked @Optional or defined

... Removed 26 stack frames
</div> <!-- stack-trace -->
                </div> <!-- method-content -->
              </div> <!-- method -->
              <div class="method">
                <div class="method-content">
                  <a name="clickOnPractice">
                  </a> <!-- clickOnPractice -->
                  <span class="method-name">clickOnPractice</span>
                  <div class="stack-trace">org.testng.TestNGException: 
Parameter &apos;browser&apos; is required by BeforeTest on method launch but has not been marked @Optional or defined

... Removed 26 stack frames
</div> <!-- stack-trace -->
                </div> <!-- method-content -->
              </div> <!-- method -->
            </div> <!-- main-panel-content rounded-window-bottom -->
          </div> <!-- suite-Surefire_suite-class-skipped -->
        </div> <!-- panel Surefire_suite -->
        <div panel-name="test-xml-Surefire_suite" class="panel">
          <div class="main-panel-header rounded-window-top">
          </div> <!-- main-panel-header rounded-window-top -->
          <div class="main-panel-content rounded-window-bottom">
            <pre>
&lt;?xml version=&quot;1.0&quot; encoding=&quot;UTF-8&quot;?&gt;
&lt;!DOCTYPE suite SYSTEM &quot;https://testng.org/testng-1.0.dtd&quot;&gt;
&lt;suite name=&quot;Surefire suite&quot; verbose=&quot;0&quot;&gt;
  &lt;test thread-count=&quot;5&quot; name=&quot;Surefire test&quot; verbose=&quot;0&quot;&gt;
    &lt;classes&gt;
      &lt;class name=&quot;practice.alertsFrameAndWindowsTests.AlertsTest&quot;/&gt;
      &lt;class name=&quot;practice.alertsFrameAndWindowsTests.BrowserWindowsTest&quot;/&gt;
      &lt;class name=&quot;practice.alertsFrameAndWindowsTests.FramesTest&quot;/&gt;
      &lt;class name=&quot;practice.alertsFrameAndWindowsTests.ModalDialogsTest&quot;/&gt;
      &lt;class name=&quot;practice.alertsFrameAndWindowsTests.NestedFramesTest&quot;/&gt;
      &lt;class name=&quot;practice.elementsTests.ButtonTest&quot;/&gt;
      &lt;class name=&quot;practice.elementsTests.CheckBoxTest&quot;/&gt;
      &lt;class name=&quot;practice.elementsTests.LinksTest&quot;/&gt;
      &lt;class name=&quot;practice.elementsTests.LoginTest&quot;/&gt;
      &lt;class name=&quot;practice.elementsTests.RadioButtonTest&quot;/&gt;
      &lt;class name=&quot;practice.elementsTests.TextBoxTest&quot;/&gt;
      &lt;class name=&quot;practice.elementsTests.UploadAndDownloadTest&quot;/&gt;
      &lt;class name=&quot;practice.elementsTests.WebTableTest&quot;/&gt;
      &lt;class name=&quot;practice.widgetsTests.MenuTest&quot;/&gt;
      &lt;class name=&quot;practice.widgetsTests.SelectMenuTest&quot;/&gt;
      &lt;class name=&quot;practice.widgetsTests.SliderTest&quot;/&gt;
    &lt;/classes&gt;
  &lt;/test&gt; &lt;!-- Surefire test --&gt;
&lt;/suite&gt; &lt;!-- Surefire suite --&gt;
            </pre>
          </div> <!-- main-panel-content rounded-window-bottom -->
        </div> <!-- panel -->
        <div panel-name="testlist-Surefire_suite" class="panel">
          <div class="main-panel-header rounded-window-top">
            <span class="header-content">Tests for Surefire suite</span>
          </div> <!-- main-panel-header rounded-window-top -->
          <div class="main-panel-content rounded-window-bottom">
            <ul>
              <li>
                <span class="test-name">Surefire test (16 classes)</span>
              </li>
            </ul>
          </div> <!-- main-panel-content rounded-window-bottom -->
        </div> <!-- panel -->
        <div panel-name="group-Surefire_suite" class="panel">
          <div class="main-panel-header rounded-window-top">
            <span class="header-content">Groups for Surefire suite</span>
          </div> <!-- main-panel-header rounded-window-top -->
          <div class="main-panel-content rounded-window-bottom">
            <div class="test-group">
              <span class="test-group-name">regression</span>
              <br/>
              <div class="method-in-group">
                <span class="method-in-group-name">clickCheckBox</span>
                <br/>
              </div> <!-- method-in-group -->
              <div class="method-in-group">
                <span class="method-in-group-name">clickDesktopCheckBox</span>
                <br/>
              </div> <!-- method-in-group -->
              <div class="method-in-group">
                <span class="method-in-group-name">clickLaptopCheckBox</span>
                <br/>
              </div> <!-- method-in-group -->
              <div class="method-in-group">
                <span class="method-in-group-name">clickMobileCheckBox</span>
                <br/>
              </div> <!-- method-in-group -->
              <div class="method-in-group">
                <span class="method-in-group-name">clickOnButtons</span>
                <br/>
              </div> <!-- method-in-group -->
              <div class="method-in-group">
                <span class="method-in-group-name">clickOnClose</span>
                <br/>
              </div> <!-- method-in-group -->
              <div class="method-in-group">
                <span class="method-in-group-name">clickOnDoubleClickButton</span>
                <br/>
              </div> <!-- method-in-group -->
              <div class="method-in-group">
                <span class="method-in-group-name">clickOnElements</span>
                <br/>
              </div> <!-- method-in-group -->
              <div class="method-in-group">
                <span class="method-in-group-name">clickOnImpressiveRadioButton</span>
                <br/>
              </div> <!-- method-in-group -->
              <div class="method-in-group">
                <span class="method-in-group-name">clickOnNoRadioButton</span>
                <br/>
              </div> <!-- method-in-group -->
              <div class="method-in-group">
                <span class="method-in-group-name">clickOnPractice</span>
                <br/>
              </div> <!-- method-in-group -->
              <div class="method-in-group">
                <span class="method-in-group-name">clickOnRadioButtons</span>
                <br/>
              </div> <!-- method-in-group -->
              <div class="method-in-group">
                <span class="method-in-group-name">clickOnRightClickButton</span>
                <br/>
              </div> <!-- method-in-group -->
              <div class="method-in-group">
                <span class="method-in-group-name">clickOnSingleClickButton</span>
                <br/>
              </div> <!-- method-in-group -->
              <div class="method-in-group">
                <span class="method-in-group-name">clickOnTextBox</span>
                <br/>
              </div> <!-- method-in-group -->
              <div class="method-in-group">
                <span class="method-in-group-name">clickOnUploadAndDownloadButton</span>
                <br/>
              </div> <!-- method-in-group -->
              <div class="method-in-group">
                <span class="method-in-group-name">clickOnYesRadioButton</span>
                <br/>
              </div> <!-- method-in-group -->
              <div class="method-in-group">
                <span class="method-in-group-name">formFillUp</span>
                <br/>
              </div> <!-- method-in-group -->
              <div class="method-in-group">
                <span class="method-in-group-name">performUpload</span>
                <br/>
              </div> <!-- method-in-group -->
            </div> <!-- test-group -->
            <div class="test-group">
              <span class="test-group-name">sanity</span>
              <br/>
              <div class="method-in-group">
                <span class="method-in-group-name">clickCheckBox</span>
                <br/>
              </div> <!-- method-in-group -->
              <div class="method-in-group">
                <span class="method-in-group-name">clickOnButtons</span>
                <br/>
              </div> <!-- method-in-group -->
              <div class="method-in-group">
                <span class="method-in-group-name">clickOnClose</span>
                <br/>
              </div> <!-- method-in-group -->
              <div class="method-in-group">
                <span class="method-in-group-name">clickOnElements</span>
                <br/>
              </div> <!-- method-in-group -->
              <div class="method-in-group">
                <span class="method-in-group-name">clickOnImpressiveRadioButton</span>
                <br/>
              </div> <!-- method-in-group -->
              <div class="method-in-group">
                <span class="method-in-group-name">clickOnNoRadioButton</span>
                <br/>
              </div> <!-- method-in-group -->
              <div class="method-in-group">
                <span class="method-in-group-name">clickOnPractice</span>
                <br/>
              </div> <!-- method-in-group -->
              <div class="method-in-group">
                <span class="method-in-group-name">clickOnRadioButtons</span>
                <br/>
              </div> <!-- method-in-group -->
              <div class="method-in-group">
                <span class="method-in-group-name">clickOnYesRadioButton</span>
                <br/>
              </div> <!-- method-in-group -->
            </div> <!-- test-group -->
            <div class="test-group">
              <span class="test-group-name">smoke</span>
              <br/>
              <div class="method-in-group">
                <span class="method-in-group-name">clickOnClose</span>
                <br/>
              </div> <!-- method-in-group -->
              <div class="method-in-group">
                <span class="method-in-group-name">clickOnElements</span>
                <br/>
              </div> <!-- method-in-group -->
              <div class="method-in-group">
                <span class="method-in-group-name">clickOnPractice</span>
                <br/>
              </div> <!-- method-in-group -->
            </div> <!-- test-group -->
          </div> <!-- main-panel-content rounded-window-bottom -->
        </div> <!-- panel -->
        <div panel-name="times-Surefire_suite" class="panel">
          <div class="main-panel-header rounded-window-top">
            <span class="header-content">Times for Surefire suite</span>
          </div> <!-- main-panel-header rounded-window-top -->
          <div class="main-panel-content rounded-window-bottom">
            <div class="times-div">
              <script type="text/javascript">
suiteTableInitFunctions.push('tableData_Surefire_suite');
function tableData_Surefire_suite() {
var data = new google.visualization.DataTable();
data.addColumn('number', 'Number');
data.addColumn('string', 'Method');
data.addColumn('string', 'Class');
data.addColumn('number', 'Time (ms)');
data.addRows(99);
data.setCell(0, 0, 0)
data.setCell(0, 1, 'clickOnImpressiveRadioButton')
data.setCell(0, 2, 'practice.elementsTests.RadioButtonTest')
data.setCell(0, 3, 1);
data.setCell(1, 0, 1)
data.setCell(1, 1, 'clickOnAlerts')
data.setCell(1, 2, 'practice.alertsFrameAndWindowsTests.FramesTest')
data.setCell(1, 3, 1);
data.setCell(2, 0, 2)
data.setCell(2, 1, 'clickOnPractice')
data.setCell(2, 2, 'practice.elementsTests.CheckBoxTest')
data.setCell(2, 3, 0);
data.setCell(3, 0, 3)
data.setCell(3, 1, 'clickOnClose')
data.setCell(3, 2, 'practice.elementsTests.ButtonTest')
data.setCell(3, 3, 0);
data.setCell(4, 0, 4)
data.setCell(4, 1, 'clickOnPractice')
data.setCell(4, 2, 'practice.elementsTests.LinksTest')
data.setCell(4, 3, 0);
data.setCell(5, 0, 5)
data.setCell(5, 1, 'clickOnAlertsFrameAndWindows')
data.setCell(5, 2, 'practice.alertsFrameAndWindowsTests.NestedFramesTest')
data.setCell(5, 3, 0);
data.setCell(6, 0, 6)
data.setCell(6, 1, 'clickOnClose')
data.setCell(6, 2, 'practice.elementsTests.CheckBoxTest')
data.setCell(6, 3, 0);
data.setCell(7, 0, 7)
data.setCell(7, 1, 'colorSlide')
data.setCell(7, 2, 'practice.widgetsTests.SliderTest')
data.setCell(7, 3, 0);
data.setCell(8, 0, 8)
data.setCell(8, 1, 'clickOnAlertsFrameAndWindows')
data.setCell(8, 2, 'practice.alertsFrameAndWindowsTests.AlertsTest')
data.setCell(8, 3, 0);
data.setCell(9, 0, 9)
data.setCell(9, 1, 'clickOnDoubleClickButton')
data.setCell(9, 2, 'practice.elementsTests.ButtonTest')
data.setCell(9, 3, 0);
data.setCell(10, 0, 10)
data.setCell(10, 1, 'clickOnPractice')
data.setCell(10, 2, 'practice.alertsFrameAndWindowsTests.NestedFramesTest')
data.setCell(10, 3, 0);
data.setCell(11, 0, 11)
data.setCell(11, 1, 'clickOnRightClickButton')
data.setCell(11, 2, 'practice.elementsTests.ButtonTest')
data.setCell(11, 3, 0);
data.setCell(12, 0, 12)
data.setCell(12, 1, 'clickOnClose')
data.setCell(12, 2, 'practice.elementsTests.UploadAndDownloadTest')
data.setCell(12, 3, 0);
data.setCell(13, 0, 13)
data.setCell(13, 1, 'clickOnUploadAndDownloadButton')
data.setCell(13, 2, 'practice.elementsTests.UploadAndDownloadTest')
data.setCell(13, 3, 0);
data.setCell(14, 0, 14)
data.setCell(14, 1, 'userLogin')
data.setCell(14, 2, 'practice.elementsTests.LoginTest')
data.setCell(14, 3, 0);
data.setCell(15, 0, 15)
data.setCell(15, 1, 'clickOnPractice')
data.setCell(15, 2, 'practice.widgetsTests.SelectMenuTest')
data.setCell(15, 3, 0);
data.setCell(16, 0, 16)
data.setCell(16, 1, 'clickOnYesRadioButton')
data.setCell(16, 2, 'practice.elementsTests.RadioButtonTest')
data.setCell(16, 3, 0);
data.setCell(17, 0, 17)
data.setCell(17, 1, 'clickOnModalDialogs')
data.setCell(17, 2, 'practice.alertsFrameAndWindowsTests.ModalDialogsTest')
data.setCell(17, 3, 0);
data.setCell(18, 0, 18)
data.setCell(18, 1, 'chooseSelectOneOption')
data.setCell(18, 2, 'practice.widgetsTests.SelectMenuTest')
data.setCell(18, 3, 0);
data.setCell(19, 0, 19)
data.setCell(19, 1, 'clickCheckBox')
data.setCell(19, 2, 'practice.elementsTests.CheckBoxTest')
data.setCell(19, 3, 0);
data.setCell(20, 0, 20)
data.setCell(20, 1, 'clickOnRadioButtons')
data.setCell(20, 2, 'practice.elementsTests.RadioButtonTest')
data.setCell(20, 3, 0);
data.setCell(21, 0, 21)
data.setCell(21, 1, 'clickOnSelectMenu')
data.setCell(21, 2, 'practice.widgetsTests.SelectMenuTest')
data.setCell(21, 3, 0);
data.setCell(22, 0, 22)
data.setCell(22, 1, 'clickOnAlertsFrameAndWindows')
data.setCell(22, 2, 'practice.alertsFrameAndWindowsTests.ModalDialogsTest')
data.setCell(22, 3, 0);
data.setCell(23, 0, 23)
data.setCell(23, 1, 'enterInFrame2')
data.setCell(23, 2, 'practice.alertsFrameAndWindowsTests.FramesTest')
data.setCell(23, 3, 0);
data.setCell(24, 0, 24)
data.setCell(24, 1, 'clickOnClose')
data.setCell(24, 2, 'practice.elementsTests.LinksTest')
data.setCell(24, 3, 0);
data.setCell(25, 0, 25)
data.setCell(25, 1, 'clickOnLinksButton')
data.setCell(25, 2, 'practice.elementsTests.LinksTest')
data.setCell(25, 3, 0);
data.setCell(26, 0, 26)
data.setCell(26, 1, 'clickOnClose')
data.setCell(26, 2, 'practice.alertsFrameAndWindowsTests.NestedFramesTest')
data.setCell(26, 3, 0);
data.setCell(27, 0, 27)
data.setCell(27, 1, 'clickOnAlertAndCancelButton')
data.setCell(27, 2, 'practice.alertsFrameAndWindowsTests.AlertsTest')
data.setCell(27, 3, 0);
data.setCell(28, 0, 28)
data.setCell(28, 1, 'clickOnClose')
data.setCell(28, 2, 'practice.elementsTests.TextBoxTest')
data.setCell(28, 3, 0);
data.setCell(29, 0, 29)
data.setCell(29, 1, 'clickOnMenu')
data.setCell(29, 2, 'practice.widgetsTests.MenuTest')
data.setCell(29, 3, 0);
data.setCell(30, 0, 30)
data.setCell(30, 1, 'clickOnElements')
data.setCell(30, 2, 'practice.elementsTests.LinksTest')
data.setCell(30, 3, 0);
data.setCell(31, 0, 31)
data.setCell(31, 1, 'clickOnClose')
data.setCell(31, 2, 'practice.alertsFrameAndWindowsTests.BrowserWindowsTest')
data.setCell(31, 3, 0);
data.setCell(32, 0, 32)
data.setCell(32, 1, 'clickOnWidgets')
data.setCell(32, 2, 'practice.widgetsTests.MenuTest')
data.setCell(32, 3, 0);
data.setCell(33, 0, 33)
data.setCell(33, 1, 'clickOnElements')
data.setCell(33, 2, 'practice.elementsTests.CheckBoxTest')
data.setCell(33, 3, 0);
data.setCell(34, 0, 34)
data.setCell(34, 1, 'enterDataInWebTable')
data.setCell(34, 2, 'practice.elementsTests.WebTableTest')
data.setCell(34, 3, 0);
data.setCell(35, 0, 35)
data.setCell(35, 1, 'clickOnNewWindowMessageButton')
data.setCell(35, 2, 'practice.alertsFrameAndWindowsTests.BrowserWindowsTest')
data.setCell(35, 3, 0);
data.setCell(36, 0, 36)
data.setCell(36, 1, 'clickOnPractice')
data.setCell(36, 2, 'practice.alertsFrameAndWindowsTests.FramesTest')
data.setCell(36, 3, 0);
data.setCell(37, 0, 37)
data.setCell(37, 1, 'clickMobileCheckBox')
data.setCell(37, 2, 'practice.elementsTests.CheckBoxTest')
data.setCell(37, 3, 0);
data.setCell(38, 0, 38)
data.setCell(38, 1, 'clickOnClose')
data.setCell(38, 2, 'practice.widgetsTests.MenuTest')
data.setCell(38, 3, 0);
data.setCell(39, 0, 39)
data.setCell(39, 1, 'clickOnPromptInputAndAccept')
data.setCell(39, 2, 'practice.alertsFrameAndWindowsTests.AlertsTest')
data.setCell(39, 3, 0);
data.setCell(40, 0, 40)
data.setCell(40, 1, 'clickOnClose')
data.setCell(40, 2, 'practice.widgetsTests.SelectMenuTest')
data.setCell(40, 3, 0);
data.setCell(41, 0, 41)
data.setCell(41, 1, 'clickOnElements')
data.setCell(41, 2, 'practice.elementsTests.WebTableTest')
data.setCell(41, 3, 0);
data.setCell(42, 0, 42)
data.setCell(42, 1, 'clickOnPractice')
data.setCell(42, 2, 'practice.widgetsTests.MenuTest')
data.setCell(42, 3, 0);
data.setCell(43, 0, 43)
data.setCell(43, 1, 'getInnerFrameText')
data.setCell(43, 2, 'practice.alertsFrameAndWindowsTests.NestedFramesTest')
data.setCell(43, 3, 0);
data.setCell(44, 0, 44)
data.setCell(44, 1, 'clickOnPractice')
data.setCell(44, 2, 'practice.elementsTests.UploadAndDownloadTest')
data.setCell(44, 3, 0);
data.setCell(45, 0, 45)
data.setCell(45, 1, 'clickOnNestedFrames')
data.setCell(45, 2, 'practice.alertsFrameAndWindowsTests.NestedFramesTest')
data.setCell(45, 3, 0);
data.setCell(46, 0, 46)
data.setCell(46, 1, 'clickOnNewWindowButton')
data.setCell(46, 2, 'practice.alertsFrameAndWindowsTests.BrowserWindowsTest')
data.setCell(46, 3, 0);
data.setCell(47, 0, 47)
data.setCell(47, 1, 'clickOnAlerts')
data.setCell(47, 2, 'practice.alertsFrameAndWindowsTests.AlertsTest')
data.setCell(47, 3, 0);
data.setCell(48, 0, 48)
data.setCell(48, 1, 'clickOnAlertsFrameAndWindows')
data.setCell(48, 2, 'practice.alertsFrameAndWindowsTests.BrowserWindowsTest')
data.setCell(48, 3, 0);
data.setCell(49, 0, 49)
data.setCell(49, 1, 'formFillUp')
data.setCell(49, 2, 'practice.elementsTests.TextBoxTest')
data.setCell(49, 3, 0);
data.setCell(50, 0, 50)
data.setCell(50, 1, 'clickOnPractice')
data.setCell(50, 2, 'practice.elementsTests.RadioButtonTest')
data.setCell(50, 3, 0);
data.setCell(51, 0, 51)
data.setCell(51, 1, 'clickOnWaitAlertAndAcceptButton')
data.setCell(51, 2, 'practice.alertsFrameAndWindowsTests.AlertsTest')
data.setCell(51, 3, 0);
data.setCell(52, 0, 52)
data.setCell(52, 1, 'clickOnElements')
data.setCell(52, 2, 'practice.elementsTests.UploadAndDownloadTest')
data.setCell(52, 3, 0);
data.setCell(53, 0, 53)
data.setCell(53, 1, 'clickOnDemoPageLink')
data.setCell(53, 2, 'practice.elementsTests.LinksTest')
data.setCell(53, 3, 0);
data.setCell(54, 0, 54)
data.setCell(54, 1, 'userLogin')
data.setCell(54, 2, 'practice.elementsTests.LoginTest')
data.setCell(54, 3, 0);
data.setCell(55, 0, 55)
data.setCell(55, 1, 'clickOnClose')
data.setCell(55, 2, 'practice.alertsFrameAndWindowsTests.ModalDialogsTest')
data.setCell(55, 3, 0);
data.setCell(56, 0, 56)
data.setCell(56, 1, 'clickOnWidgets')
data.setCell(56, 2, 'practice.widgetsTests.SliderTest')
data.setCell(56, 3, 0);
data.setCell(57, 0, 57)
data.setCell(57, 1, 'clickOnPractice')
data.setCell(57, 2, 'practice.elementsTests.ButtonTest')
data.setCell(57, 3, 0);
data.setCell(58, 0, 58)
data.setCell(58, 1, 'clickOnClose')
data.setCell(58, 2, 'practice.alertsFrameAndWindowsTests.FramesTest')
data.setCell(58, 3, 0);
data.setCell(59, 0, 59)
data.setCell(59, 1, 'performUpload')
data.setCell(59, 2, 'practice.elementsTests.UploadAndDownloadTest')
data.setCell(59, 3, 0);
data.setCell(60, 0, 60)
data.setCell(60, 1, 'enterInFrame1')
data.setCell(60, 2, 'practice.alertsFrameAndWindowsTests.FramesTest')
data.setCell(60, 3, 0);
data.setCell(61, 0, 61)
data.setCell(61, 1, 'clickOnElements')
data.setCell(61, 2, 'practice.elementsTests.RadioButtonTest')
data.setCell(61, 3, 0);
data.setCell(62, 0, 62)
data.setCell(62, 1, 'clickOnPractice')
data.setCell(62, 2, 'practice.alertsFrameAndWindowsTests.ModalDialogsTest')
data.setCell(62, 3, 0);
data.setCell(63, 0, 63)
data.setCell(63, 1, 'clickOnAlertAndAcceptButton')
data.setCell(63, 2, 'practice.alertsFrameAndWindowsTests.AlertsTest')
data.setCell(63, 3, 0);
data.setCell(64, 0, 64)
data.setCell(64, 1, 'clickOnWebTable')
data.setCell(64, 2, 'practice.elementsTests.WebTableTest')
data.setCell(64, 3, 0);
data.setCell(65, 0, 65)
data.setCell(65, 1, 'clickOnSeeAlertAndAcceptButton')
data.setCell(65, 2, 'practice.alertsFrameAndWindowsTests.AlertsTest')
data.setCell(65, 3, 0);
data.setCell(66, 0, 66)
data.setCell(66, 1, 'clickDesktopCheckBox')
data.setCell(66, 2, 'practice.elementsTests.CheckBoxTest')
data.setCell(66, 3, 0);
data.setCell(67, 0, 67)
data.setCell(67, 1, 'clickLaptopCheckBox')
data.setCell(67, 2, 'practice.elementsTests.CheckBoxTest')
data.setCell(67, 3, 0);
data.setCell(68, 0, 68)
data.setCell(68, 1, 'clickOnEdit')
data.setCell(68, 2, 'practice.elementsTests.WebTableTest')
data.setCell(68, 3, 0);
data.setCell(69, 0, 69)
data.setCell(69, 1, 'clickOnAlertsFrameAndWindows')
data.setCell(69, 2, 'practice.alertsFrameAndWindowsTests.FramesTest')
data.setCell(69, 3, 0);
data.setCell(70, 0, 70)
data.setCell(70, 1, 'clickOnClose')
data.setCell(70, 2, 'practice.widgetsTests.SliderTest')
data.setCell(70, 3, 0);
data.setCell(71, 0, 71)
data.setCell(71, 1, 'clickOnPractice')
data.setCell(71, 2, 'practice.elementsTests.TextBoxTest')
data.setCell(71, 3, 0);
data.setCell(72, 0, 72)
data.setCell(72, 1, 'clickOnPractice')
data.setCell(72, 2, 'practice.elementsTests.WebTableTest')
data.setCell(72, 3, 0);
data.setCell(73, 0, 73)
data.setCell(73, 1, 'clickOnPractice')
data.setCell(73, 2, 'practice.widgetsTests.SliderTest')
data.setCell(73, 3, 0);
data.setCell(74, 0, 74)
data.setCell(74, 1, 'clickOnTextBox')
data.setCell(74, 2, 'practice.elementsTests.TextBoxTest')
data.setCell(74, 3, 0);
data.setCell(75, 0, 75)
data.setCell(75, 1, 'clickOnPromptAndCancel')
data.setCell(75, 2, 'practice.alertsFrameAndWindowsTests.AlertsTest')
data.setCell(75, 3, 0);
data.setCell(76, 0, 76)
data.setCell(76, 1, 'userLogin')
data.setCell(76, 2, 'practice.elementsTests.LoginTest')
data.setCell(76, 3, 0);
data.setCell(77, 0, 77)
data.setCell(77, 1, 'chooseMultipleOptions')
data.setCell(77, 2, 'practice.widgetsTests.SelectMenuTest')
data.setCell(77, 3, 0);
data.setCell(78, 0, 78)
data.setCell(78, 1, 'smallDialogModal')
data.setCell(78, 2, 'practice.alertsFrameAndWindowsTests.ModalDialogsTest')
data.setCell(78, 3, 0);
data.setCell(79, 0, 79)
data.setCell(79, 1, 'clickOnElements')
data.setCell(79, 2, 'practice.elementsTests.ButtonTest')
data.setCell(79, 3, 0);
data.setCell(80, 0, 80)
data.setCell(80, 1, 'validateOpenTabsTitle')
data.setCell(80, 2, 'practice.elementsTests.LinksTest')
data.setCell(80, 3, 0);
data.setCell(81, 0, 81)
data.setCell(81, 1, 'largeDialogModal')
data.setCell(81, 2, 'practice.alertsFrameAndWindowsTests.ModalDialogsTest')
data.setCell(81, 3, 0);
data.setCell(82, 0, 82)
data.setCell(82, 1, 'chooseSelectValueOptions')
data.setCell(82, 2, 'practice.widgetsTests.SelectMenuTest')
data.setCell(82, 3, 0);
data.setCell(83, 0, 83)
data.setCell(83, 1, 'clickOnPractice')
data.setCell(83, 2, 'practice.alertsFrameAndWindowsTests.BrowserWindowsTest')
data.setCell(83, 3, 0);
data.setCell(84, 0, 84)
data.setCell(84, 1, 'clickOnClose')
data.setCell(84, 2, 'practice.elementsTests.WebTableTest')
data.setCell(84, 3, 0);
data.setCell(85, 0, 85)
data.setCell(85, 1, 'clickOnElements')
data.setCell(85, 2, 'practice.elementsTests.TextBoxTest')
data.setCell(85, 3, 0);
data.setCell(86, 0, 86)
data.setCell(86, 1, 'clickOnClose')
data.setCell(86, 2, 'practice.elementsTests.RadioButtonTest')
data.setCell(86, 3, 0);
data.setCell(87, 0, 87)
data.setCell(87, 1, 'clickOnClose')
data.setCell(87, 2, 'practice.alertsFrameAndWindowsTests.AlertsTest')
data.setCell(87, 3, 0);
data.setCell(88, 0, 88)
data.setCell(88, 1, 'clickOnPractice')
data.setCell(88, 2, 'practice.alertsFrameAndWindowsTests.AlertsTest')
data.setCell(88, 3, 0);
data.setCell(89, 0, 89)
data.setCell(89, 1, 'slidePointer')
data.setCell(89, 2, 'practice.widgetsTests.SliderTest')
data.setCell(89, 3, 0);
data.setCell(90, 0, 90)
data.setCell(90, 1, 'clickOnNoRadioButton')
data.setCell(90, 2, 'practice.elementsTests.RadioButtonTest')
data.setCell(90, 3, 0);
data.setCell(91, 0, 91)
data.setCell(91, 1, 'clickOnWidgets')
data.setCell(91, 2, 'practice.widgetsTests.SelectMenuTest')
data.setCell(91, 3, 0);
data.setCell(92, 0, 92)
data.setCell(92, 1, 'clickOnButtons')
data.setCell(92, 2, 'practice.elementsTests.ButtonTest')
data.setCell(92, 3, 0);
data.setCell(93, 0, 93)
data.setCell(93, 1, 'clickOnNewTabButton')
data.setCell(93, 2, 'practice.alertsFrameAndWindowsTests.BrowserWindowsTest')
data.setCell(93, 3, 0);
data.setCell(94, 0, 94)
data.setCell(94, 1, 'chooseServicesUITest')
data.setCell(94, 2, 'practice.widgetsTests.MenuTest')
data.setCell(94, 3, 0);
data.setCell(95, 0, 95)
data.setCell(95, 1, 'clickOnSingleClickButton')
data.setCell(95, 2, 'practice.elementsTests.ButtonTest')
data.setCell(95, 3, 0);
data.setCell(96, 0, 96)
data.setCell(96, 1, 'clickOnAlerts')
data.setCell(96, 2, 'practice.alertsFrameAndWindowsTests.BrowserWindowsTest')
data.setCell(96, 3, 0);
data.setCell(97, 0, 97)
data.setCell(97, 1, 'clicOnCancel')
data.setCell(97, 2, 'practice.elementsTests.WebTableTest')
data.setCell(97, 3, 0);
data.setCell(98, 0, 98)
data.setCell(98, 1, 'clickOnSlider')
data.setCell(98, 2, 'practice.widgetsTests.SliderTest')
data.setCell(98, 3, 0);
window.suiteTableData['Surefire_suite']= { tableData: data, tableDiv: 'times-div-Surefire_suite'}
return data;
}
              </script>
              <span class="suite-total-time">Total running time: 2 ms</span>
              <div id="times-div-Surefire_suite">
              </div> <!-- times-div-Surefire_suite -->
            </div> <!-- times-div -->
          </div> <!-- main-panel-content rounded-window-bottom -->
        </div> <!-- panel -->
        <div panel-name="reporter-Surefire_suite" class="panel">
          <div class="main-panel-header rounded-window-top">
            <span class="header-content">Reporter output for Surefire suite</span>
          </div> <!-- main-panel-header rounded-window-top -->
          <div class="main-panel-content rounded-window-bottom">
          </div> <!-- main-panel-content rounded-window-bottom -->
        </div> <!-- panel -->
        <div panel-name="ignored-methods-Surefire_suite" class="panel">
          <div class="main-panel-header rounded-window-top">
            <span class="header-content">2 ignored methods</span>
          </div> <!-- main-panel-header rounded-window-top -->
          <div class="main-panel-content rounded-window-bottom">
            <div class="ignored-class-div">
              <span class="ignored-class-name">practice.elementsTests.WebTableTest</span>
              <div class="ignored-methods-div">
                <span class="ignored-method-name">validateWebTableData</span>
                <br/>
              </div> <!-- ignored-methods-div -->
            </div> <!-- ignored-class-div -->
            <div class="ignored-class-div">
              <span class="ignored-class-name">practice.elementsTests.UploadAndDownloadTest</span>
              <div class="ignored-methods-div">
                <span class="ignored-method-name">clickOnChooseButton</span>
                <br/>
              </div> <!-- ignored-methods-div -->
            </div> <!-- ignored-class-div -->
          </div> <!-- main-panel-content rounded-window-bottom -->
        </div> <!-- panel -->
        <div panel-name="chronological-Surefire_suite" class="panel">
          <div class="main-panel-header rounded-window-top">
            <span class="header-content">Methods in chronological order</span>
          </div> <!-- main-panel-header rounded-window-top -->
          <div class="main-panel-content rounded-window-bottom">
            <div class="chronological-class">
              <div class="chronological-class-name">practice.alertsFrameAndWindowsTests.AlertsTest</div> <!-- chronological-class-name -->
              <div class="configuration-test before">
                <span class="method-name">launch</span>
                <span class="method-start">0 ms</span>
              </div> <!-- configuration-test before -->
            </div> <!-- chronological-class -->
            <div class="chronological-class">
              <div class="chronological-class-name">practice.alertsFrameAndWindowsTests.BrowserWindowsTest</div> <!-- chronological-class-name -->
              <div class="configuration-test before">
                <span class="method-name">launch</span>
                <span class="method-start">3716 ms</span>
              </div> <!-- configuration-test before -->
            </div> <!-- chronological-class -->
            <div class="chronological-class">
              <div class="chronological-class-name">practice.alertsFrameAndWindowsTests.FramesTest</div> <!-- chronological-class-name -->
              <div class="configuration-test before">
                <span class="method-name">launch</span>
                <span class="method-start">7836 ms</span>
              </div> <!-- configuration-test before -->
            </div> <!-- chronological-class -->
            <div class="chronological-class">
              <div class="chronological-class-name">practice.alertsFrameAndWindowsTests.ModalDialogsTest</div> <!-- chronological-class-name -->
              <div class="configuration-test before">
                <span class="method-name">launch</span>
                <span class="method-start">11124 ms</span>
              </div> <!-- configuration-test before -->
            </div> <!-- chronological-class -->
            <div class="chronological-class">
              <div class="chronological-class-name">practice.alertsFrameAndWindowsTests.NestedFramesTest</div> <!-- chronological-class-name -->
              <div class="configuration-test before">
                <span class="method-name">launch</span>
                <span class="method-start">15533 ms</span>
              </div> <!-- configuration-test before -->
          </div> <!-- main-panel-content rounded-window-bottom -->
        </div> <!-- panel -->
      </div> <!-- main-panel-root -->
    </div> <!-- wrapper -->
  </body>
<script type="text/javascript" src="testng-reports2.js"></script>
</html>
