<?xml version="1.0" encoding="UTF-8"?>
<testsuite xmlns:xsi="http://www.w3.org/2001/XMLSchema-instance" xsi:noNamespaceSchemaLocation="https://maven.apache.org/surefire/maven-surefire-plugin/xsd/surefire-test-report-3.0.xsd" version="3.0" name="TestSuite" time="21.141" tests="110" errors="0" skipped="109" failures="1">
  <properties>
    <property name="sun.desktop" value="windows"/>
    <property name="awt.toolkit" value="sun.awt.windows.WToolkit"/>
    <property name="java.specification.version" value="11"/>
    <property name="webdriver.chrome.driver" value="C:\Users\Arvind\eclipse-workspace\AnujSeleniumPractice\com.testingbaba.old\webdrivers\chromedriver.exe"/>
    <property name="sun.cpu.isalist" value="amd64"/>
    <property name="sun.jnu.encoding" value="Cp1252"/>
    <property name="java.class.path" value="C:\Users\Arvind\eclipse-workspace\AnujSeleniumPractice\com.testingbaba.old\target\test-classes;C:\Users\Arvind\eclipse-workspace\AnujSeleniumPractice\com.testingbaba.old\target\classes;C:\Users\Arvind\.m2\repository\org\seleniumhq\selenium\selenium-java\4.34.0\selenium-java-4.34.0.jar;C:\Users\Arvind\.m2\repository\org\seleniumhq\selenium\selenium-api\4.34.0\selenium-api-4.34.0.jar;C:\Users\Arvind\.m2\repository\org\jspecify\jspecify\1.0.0\jspecify-1.0.0.jar;C:\Users\Arvind\.m2\repository\org\seleniumhq\selenium\selenium-chrome-driver\4.34.0\selenium-chrome-driver-4.34.0.jar;C:\Users\Arvind\.m2\repository\com\google\auto\service\auto-service-annotations\1.1.1\auto-service-annotations-1.1.1.jar;C:\Users\Arvind\.m2\repository\org\seleniumhq\selenium\selenium-chromium-driver\4.34.0\selenium-chromium-driver-4.34.0.jar;C:\Users\Arvind\.m2\repository\org\seleniumhq\selenium\selenium-json\4.34.0\selenium-json-4.34.0.jar;C:\Users\Arvind\.m2\repository\org\seleniumhq\selenium\selenium-manager\4.34.0\selenium-manager-4.34.0.jar;C:\Users\Arvind\.m2\repository\org\seleniumhq\selenium\selenium-devtools-v136\4.34.0\selenium-devtools-v136-4.34.0.jar;C:\Users\Arvind\.m2\repository\org\seleniumhq\selenium\selenium-devtools-v137\4.34.0\selenium-devtools-v137-4.34.0.jar;C:\Users\Arvind\.m2\repository\org\seleniumhq\selenium\selenium-devtools-v138\4.34.0\selenium-devtools-v138-4.34.0.jar;C:\Users\Arvind\.m2\repository\org\seleniumhq\selenium\selenium-edge-driver\4.34.0\selenium-edge-driver-4.34.0.jar;C:\Users\Arvind\.m2\repository\org\seleniumhq\selenium\selenium-firefox-driver\4.34.0\selenium-firefox-driver-4.34.0.jar;C:\Users\Arvind\.m2\repository\org\seleniumhq\selenium\selenium-http\4.34.0\selenium-http-4.34.0.jar;C:\Users\Arvind\.m2\repository\org\seleniumhq\selenium\selenium-ie-driver\4.34.0\selenium-ie-driver-4.34.0.jar;C:\Users\Arvind\.m2\repository\org\seleniumhq\selenium\selenium-remote-driver\4.34.0\selenium-remote-driver-4.34.0.jar;C:\Users\Arvind\.m2\repository\com\google\guava\guava\33.4.8-jre\guava-33.4.8-jre.jar;C:\Users\Arvind\.m2\repository\com\google\guava\failureaccess\1.0.3\failureaccess-1.0.3.jar;C:\Users\Arvind\.m2\repository\com\google\guava\listenablefuture\9999.0-empty-to-avoid-conflict-with-guava\listenablefuture-9999.0-empty-to-avoid-conflict-with-guava.jar;C:\Users\Arvind\.m2\repository\com\google\errorprone\error_prone_annotations\2.36.0\error_prone_annotations-2.36.0.jar;C:\Users\Arvind\.m2\repository\com\google\j2objc\j2objc-annotations\3.0.0\j2objc-annotations-3.0.0.jar;C:\Users\Arvind\.m2\repository\io\opentelemetry\opentelemetry-api\1.51.0\opentelemetry-api-1.51.0.jar;C:\Users\Arvind\.m2\repository\io\opentelemetry\opentelemetry-context\1.51.0\opentelemetry-context-1.51.0.jar;C:\Users\Arvind\.m2\repository\io\opentelemetry\opentelemetry-exporter-logging\1.51.0\opentelemetry-exporter-logging-1.51.0.jar;C:\Users\Arvind\.m2\repository\io\opentelemetry\opentelemetry-sdk-common\1.51.0\opentelemetry-sdk-common-1.51.0.jar;C:\Users\Arvind\.m2\repository\io\opentelemetry\opentelemetry-sdk-extension-autoconfigure-spi\1.51.0\opentelemetry-sdk-extension-autoconfigure-spi-1.51.0.jar;C:\Users\Arvind\.m2\repository\io\opentelemetry\opentelemetry-sdk-extension-autoconfigure\1.51.0\opentelemetry-sdk-extension-autoconfigure-1.51.0.jar;C:\Users\Arvind\.m2\repository\io\opentelemetry\opentelemetry-sdk-trace\1.51.0\opentelemetry-sdk-trace-1.51.0.jar;C:\Users\Arvind\.m2\repository\io\opentelemetry\opentelemetry-sdk\1.51.0\opentelemetry-sdk-1.51.0.jar;C:\Users\Arvind\.m2\repository\io\opentelemetry\opentelemetry-sdk-metrics\1.51.0\opentelemetry-sdk-metrics-1.51.0.jar;C:\Users\Arvind\.m2\repository\io\opentelemetry\opentelemetry-sdk-logs\1.51.0\opentelemetry-sdk-logs-1.51.0.jar;C:\Users\Arvind\.m2\repository\net\bytebuddy\byte-buddy\1.17.6\byte-buddy-1.17.6.jar;C:\Users\Arvind\.m2\repository\org\seleniumhq\selenium\selenium-os\4.34.0\selenium-os-4.34.0.jar;C:\Users\Arvind\.m2\repository\org\apache\commons\commons-exec\1.5.0\commons-exec-1.5.0.jar;C:\Users\Arvind\.m2\repository\org\seleniumhq\selenium\selenium-safari-driver\4.34.0\selenium-safari-driver-4.34.0.jar;C:\Users\Arvind\.m2\repository\org\seleniumhq\selenium\selenium-support\4.34.0\selenium-support-4.34.0.jar;C:\Users\Arvind\.m2\repository\org\testng\testng\7.11.0\testng-7.11.0.jar;C:\Users\Arvind\.m2\repository\org\jcommander\jcommander\1.83\jcommander-1.83.jar;C:\Users\Arvind\.m2\repository\org\webjars\jquery\3.7.1\jquery-3.7.1.jar;C:\Users\Arvind\.m2\repository\org\apache\poi\poi\5.4.1\poi-5.4.1.jar;C:\Users\Arvind\.m2\repository\commons-codec\commons-codec\1.18.0\commons-codec-1.18.0.jar;C:\Users\Arvind\.m2\repository\org\apache\commons\commons-collections4\4.4\commons-collections4-4.4.jar;C:\Users\Arvind\.m2\repository\org\apache\commons\commons-math3\3.6.1\commons-math3-3.6.1.jar;C:\Users\Arvind\.m2\repository\commons-io\commons-io\2.18.0\commons-io-2.18.0.jar;C:\Users\Arvind\.m2\repository\com\zaxxer\SparseBitSet\1.3\SparseBitSet-1.3.jar;C:\Users\Arvind\.m2\repository\org\apache\logging\log4j\log4j-api\2.24.3\log4j-api-2.24.3.jar;C:\Users\Arvind\.m2\repository\org\apache\poi\poi-ooxml\5.4.1\poi-ooxml-5.4.1.jar;C:\Users\Arvind\.m2\repository\org\apache\poi\poi-ooxml-lite\5.4.1\poi-ooxml-lite-5.4.1.jar;C:\Users\Arvind\.m2\repository\org\apache\xmlbeans\xmlbeans\5.3.0\xmlbeans-5.3.0.jar;C:\Users\Arvind\.m2\repository\org\apache\commons\commons-compress\1.27.1\commons-compress-1.27.1.jar;C:\Users\Arvind\.m2\repository\org\apache\commons\commons-lang3\3.16.0\commons-lang3-3.16.0.jar;C:\Users\Arvind\.m2\repository\com\github\virtuald\curvesapi\1.08\curvesapi-1.08.jar;C:\Users\Arvind\.m2\repository\org\slf4j\slf4j-api\2.0.16\slf4j-api-2.0.16.jar;"/>
    <property name="java.vm.vendor" value="Oracle Corporation"/>
    <property name="sun.arch.data.model" value="64"/>
    <property name="user.variant" value=""/>
    <property name="java.vendor.url" value="https://openjdk.java.net/"/>
    <property name="user.timezone" value="Asia/Calcutta"/>
    <property name="java.vm.specification.version" value="11"/>
    <property name="os.name" value="Windows 11"/>
    <property name="sun.java.launcher" value="SUN_STANDARD"/>
    <property name="user.country" value="IN"/>
    <property name="sun.boot.library.path" value="C:\Program Files\Java\jdk-11.0.16.1\bin"/>
    <property name="sun.java.command" value="C:\Users\Arvind\AppData\Local\Temp\surefire14365705625912713991\surefirebooter-20250802150215661_3.jar C:\Users\Arvind\AppData\Local\Temp\surefire14365705625912713991 2025-08-02T15-02-15_454-jvmRun1 surefire-20250802150215661_1tmp surefire_0-20250802150215661_2tmp"/>
    <property name="jdk.debug" value="release"/>
    <property name="surefire.test.class.path" value="C:\Users\Arvind\eclipse-workspace\AnujSeleniumPractice\com.testingbaba.old\target\test-classes;C:\Users\Arvind\eclipse-workspace\AnujSeleniumPractice\com.testingbaba.old\target\classes;C:\Users\Arvind\.m2\repository\org\seleniumhq\selenium\selenium-java\4.34.0\selenium-java-4.34.0.jar;C:\Users\Arvind\.m2\repository\org\seleniumhq\selenium\selenium-api\4.34.0\selenium-api-4.34.0.jar;C:\Users\Arvind\.m2\repository\org\jspecify\jspecify\1.0.0\jspecify-1.0.0.jar;C:\Users\Arvind\.m2\repository\org\seleniumhq\selenium\selenium-chrome-driver\4.34.0\selenium-chrome-driver-4.34.0.jar;C:\Users\Arvind\.m2\repository\com\google\auto\service\auto-service-annotations\1.1.1\auto-service-annotations-1.1.1.jar;C:\Users\Arvind\.m2\repository\org\seleniumhq\selenium\selenium-chromium-driver\4.34.0\selenium-chromium-driver-4.34.0.jar;C:\Users\Arvind\.m2\repository\org\seleniumhq\selenium\selenium-json\4.34.0\selenium-json-4.34.0.jar;C:\Users\Arvind\.m2\repository\org\seleniumhq\selenium\selenium-manager\4.34.0\selenium-manager-4.34.0.jar;C:\Users\Arvind\.m2\repository\org\seleniumhq\selenium\selenium-devtools-v136\4.34.0\selenium-devtools-v136-4.34.0.jar;C:\Users\Arvind\.m2\repository\org\seleniumhq\selenium\selenium-devtools-v137\4.34.0\selenium-devtools-v137-4.34.0.jar;C:\Users\Arvind\.m2\repository\org\seleniumhq\selenium\selenium-devtools-v138\4.34.0\selenium-devtools-v138-4.34.0.jar;C:\Users\Arvind\.m2\repository\org\seleniumhq\selenium\selenium-edge-driver\4.34.0\selenium-edge-driver-4.34.0.jar;C:\Users\Arvind\.m2\repository\org\seleniumhq\selenium\selenium-firefox-driver\4.34.0\selenium-firefox-driver-4.34.0.jar;C:\Users\Arvind\.m2\repository\org\seleniumhq\selenium\selenium-http\4.34.0\selenium-http-4.34.0.jar;C:\Users\Arvind\.m2\repository\org\seleniumhq\selenium\selenium-ie-driver\4.34.0\selenium-ie-driver-4.34.0.jar;C:\Users\Arvind\.m2\repository\org\seleniumhq\selenium\selenium-remote-driver\4.34.0\selenium-remote-driver-4.34.0.jar;C:\Users\Arvind\.m2\repository\com\google\guava\guava\33.4.8-jre\guava-33.4.8-jre.jar;C:\Users\Arvind\.m2\repository\com\google\guava\failureaccess\1.0.3\failureaccess-1.0.3.jar;C:\Users\Arvind\.m2\repository\com\google\guava\listenablefuture\9999.0-empty-to-avoid-conflict-with-guava\listenablefuture-9999.0-empty-to-avoid-conflict-with-guava.jar;C:\Users\Arvind\.m2\repository\com\google\errorprone\error_prone_annotations\2.36.0\error_prone_annotations-2.36.0.jar;C:\Users\Arvind\.m2\repository\com\google\j2objc\j2objc-annotations\3.0.0\j2objc-annotations-3.0.0.jar;C:\Users\Arvind\.m2\repository\io\opentelemetry\opentelemetry-api\1.51.0\opentelemetry-api-1.51.0.jar;C:\Users\Arvind\.m2\repository\io\opentelemetry\opentelemetry-context\1.51.0\opentelemetry-context-1.51.0.jar;C:\Users\Arvind\.m2\repository\io\opentelemetry\opentelemetry-exporter-logging\1.51.0\opentelemetry-exporter-logging-1.51.0.jar;C:\Users\Arvind\.m2\repository\io\opentelemetry\opentelemetry-sdk-common\1.51.0\opentelemetry-sdk-common-1.51.0.jar;C:\Users\Arvind\.m2\repository\io\opentelemetry\opentelemetry-sdk-extension-autoconfigure-spi\1.51.0\opentelemetry-sdk-extension-autoconfigure-spi-1.51.0.jar;C:\Users\Arvind\.m2\repository\io\opentelemetry\opentelemetry-sdk-extension-autoconfigure\1.51.0\opentelemetry-sdk-extension-autoconfigure-1.51.0.jar;C:\Users\Arvind\.m2\repository\io\opentelemetry\opentelemetry-sdk-trace\1.51.0\opentelemetry-sdk-trace-1.51.0.jar;C:\Users\Arvind\.m2\repository\io\opentelemetry\opentelemetry-sdk\1.51.0\opentelemetry-sdk-1.51.0.jar;C:\Users\Arvind\.m2\repository\io\opentelemetry\opentelemetry-sdk-metrics\1.51.0\opentelemetry-sdk-metrics-1.51.0.jar;C:\Users\Arvind\.m2\repository\io\opentelemetry\opentelemetry-sdk-logs\1.51.0\opentelemetry-sdk-logs-1.51.0.jar;C:\Users\Arvind\.m2\repository\net\bytebuddy\byte-buddy\1.17.6\byte-buddy-1.17.6.jar;C:\Users\Arvind\.m2\repository\org\seleniumhq\selenium\selenium-os\4.34.0\selenium-os-4.34.0.jar;C:\Users\Arvind\.m2\repository\org\apache\commons\commons-exec\1.5.0\commons-exec-1.5.0.jar;C:\Users\Arvind\.m2\repository\org\seleniumhq\selenium\selenium-safari-driver\4.34.0\selenium-safari-driver-4.34.0.jar;C:\Users\Arvind\.m2\repository\org\seleniumhq\selenium\selenium-support\4.34.0\selenium-support-4.34.0.jar;C:\Users\Arvind\.m2\repository\org\testng\testng\7.11.0\testng-7.11.0.jar;C:\Users\Arvind\.m2\repository\org\jcommander\jcommander\1.83\jcommander-1.83.jar;C:\Users\Arvind\.m2\repository\org\webjars\jquery\3.7.1\jquery-3.7.1.jar;C:\Users\Arvind\.m2\repository\org\apache\poi\poi\5.4.1\poi-5.4.1.jar;C:\Users\Arvind\.m2\repository\commons-codec\commons-codec\1.18.0\commons-codec-1.18.0.jar;C:\Users\Arvind\.m2\repository\org\apache\commons\commons-collections4\4.4\commons-collections4-4.4.jar;C:\Users\Arvind\.m2\repository\org\apache\commons\commons-math3\3.6.1\commons-math3-3.6.1.jar;C:\Users\Arvind\.m2\repository\commons-io\commons-io\2.18.0\commons-io-2.18.0.jar;C:\Users\Arvind\.m2\repository\com\zaxxer\SparseBitSet\1.3\SparseBitSet-1.3.jar;C:\Users\Arvind\.m2\repository\org\apache\logging\log4j\log4j-api\2.24.3\log4j-api-2.24.3.jar;C:\Users\Arvind\.m2\repository\org\apache\poi\poi-ooxml\5.4.1\poi-ooxml-5.4.1.jar;C:\Users\Arvind\.m2\repository\org\apache\poi\poi-ooxml-lite\5.4.1\poi-ooxml-lite-5.4.1.jar;C:\Users\Arvind\.m2\repository\org\apache\xmlbeans\xmlbeans\5.3.0\xmlbeans-5.3.0.jar;C:\Users\Arvind\.m2\repository\org\apache\commons\commons-compress\1.27.1\commons-compress-1.27.1.jar;C:\Users\Arvind\.m2\repository\org\apache\commons\commons-lang3\3.16.0\commons-lang3-3.16.0.jar;C:\Users\Arvind\.m2\repository\com\github\virtuald\curvesapi\1.08\curvesapi-1.08.jar;C:\Users\Arvind\.m2\repository\org\slf4j\slf4j-api\2.0.16\slf4j-api-2.0.16.jar;"/>
    <property name="sun.cpu.endian" value="little"/>
    <property name="user.home" value="C:\Users\Arvind"/>
    <property name="user.language" value="en"/>
    <property name="java.specification.vendor" value="Oracle Corporation"/>
    <property name="java.version.date" value="2022-08-18"/>
    <property name="java.home" value="C:\Program Files\Java\jdk-11.0.16.1"/>
    <property name="file.separator" value="\"/>
    <property name="style.color" value="always"/>
    <property name="basedir" value="C:\Users\Arvind\eclipse-workspace\AnujSeleniumPractice\com.testingbaba.old"/>
    <property name="java.vm.compressedOopsMode" value="Zero based"/>
    <property name="line.separator" value="&#10;"/>
    <property name="java.specification.name" value="Java Platform API Specification"/>
    <property name="java.vm.specification.vendor" value="Oracle Corporation"/>
    <property name="java.awt.graphicsenv" value="sun.awt.Win32GraphicsEnvironment"/>
    <property name="surefire.real.class.path" value="C:\Users\Arvind\AppData\Local\Temp\surefire14365705625912713991\surefirebooter-20250802150215661_3.jar"/>
    <property name="user.script" value=""/>
    <property name="sun.management.compiler" value="HotSpot 64-Bit Tiered Compilers"/>
    <property name="java.runtime.version" value="11.0.16.1+1-LTS-1"/>
    <property name="user.name" value="Arvind"/>
    <property name="path.separator" value=";"/>
    <property name="os.version" value="10.0"/>
    <property name="java.runtime.name" value="Java(TM) SE Runtime Environment"/>
    <property name="file.encoding" value="Cp1252"/>
    <property name="java.vm.name" value="Java HotSpot(TM) 64-Bit Server VM"/>
    <property name="java.vendor.version" value="18.9"/>
    <property name="localRepository" value="C:\Users\Arvind\.m2\repository"/>
    <property name="java.vendor.url.bug" value="https://bugreport.java.com/bugreport/"/>
    <property name="java.io.tmpdir" value="C:\Users\Arvind\AppData\Local\Temp\"/>
    <property name="java.version" value="11.0.16.1"/>
    <property name="user.dir" value="C:\Users\Arvind\eclipse-workspace\AnujSeleniumPractice\com.testingbaba.old"/>
    <property name="os.arch" value="amd64"/>
    <property name="java.vm.specification.name" value="Java Virtual Machine Specification"/>
    <property name="java.awt.printerjob" value="sun.awt.windows.WPrinterJob"/>
    <property name="sun.os.patch.level" value=""/>
    <property name="java.library.path" value="C:\Program Files\Java\jdk-11.0.16.1\bin;C:\WINDOWS\Sun\Java\bin;C:\WINDOWS\system32;C:\WINDOWS;C:/Users/Arvind/Downloads/eclipse-jee-2023-12-R-win32-x86_64/eclipse//plugins/org.eclipse.justj.openjdk.hotspot.jre.full.win32.x86_64_17.0.15.v20250423-0846/jre/bin/server;C:/Users/Arvind/Downloads/eclipse-jee-2023-12-R-win32-x86_64/eclipse//plugins/org.eclipse.justj.openjdk.hotspot.jre.full.win32.x86_64_17.0.15.v20250423-0846/jre/bin;C:\Program Files\Java\jdk-11.0.16.1\bin;C:\WINDOWS\system32;C:\WINDOWS;C:\WINDOWS\System32\Wbem;C:\WINDOWS\System32\WindowsPowerShell\v1.0\;C:\WINDOWS\System32\OpenSSH\;C:\Users\Arvind\OneDrive\Desktop\apache-maven-3.9.9\apache-maven\src\bin;C:\Program Files\apache-maven-3.9.9\bin;C:\Program Files\Git\cmd;C:\Users\Arvind\AppData\Local\Microsoft\WindowsApps;C:\Users\Arvind\OneDrive\Desktop\MongoSH\;;C:\Users\Arvind\Downloads\eclipse-jee-2023-12-R-win32-x86_64\eclipse;;."/>
    <property name="java.vendor" value="Oracle Corporation"/>
    <property name="java.vm.info" value="mixed mode"/>
    <property name="java.vm.version" value="11.0.16.1+1-LTS-1"/>
    <property name="sun.io.unicode.encoding" value="UnicodeLittle"/>
    <property name="java.class.version" value="55.0"/>
  </properties>
  <testcase name="launch" classname="practice.elementsTests.ButtonTest" time="20.708">
    <failure message="&#10;Parameter &apos;browser&apos; is required by BeforeTest on method launch but has not been marked @Optional or defined&#10;" type="org.testng.TestNGException"><![CDATA[org.testng.TestNGException: 

Parameter 'browser' is required by BeforeTest on method launch but has not been marked @Optional or defined

	at org.testng.internal.Parameters.createParams(Parameters.java:264)
	at org.testng.internal.Parameters.createParametersForMethod(Parameters.java:352)
	at org.testng.internal.Parameters.createParameters(Parameters.java:690)
	at org.testng.internal.Parameters.createConfigurationParameters(Parameters.java:163)
	at org.testng.internal.invokers.ConfigInvoker.invokeConfigurations(ConfigInvoker.java:313)
	at org.testng.TestRunner.invokeTestConfigurations(TestRunner.java:657)
	at org.testng.TestRunner.beforeRun(TestRunner.java:646)
	at org.testng.TestRunner.run(TestRunner.java:612)
	at org.testng.SuiteRunner.runTest(SuiteRunner.java:421)
	at org.testng.SuiteRunner.runSequentially(SuiteRunner.java:413)
	at org.testng.SuiteRunner.privateRun(SuiteRunner.java:373)
	at org.testng.SuiteRunner.run(SuiteRunner.java:312)
	at org.testng.SuiteRunnerWorker.runSuite(SuiteRunnerWorker.java:52)
	at org.testng.SuiteRunnerWorker.run(SuiteRunnerWorker.java:95)
	at org.testng.TestNG.runSuitesSequentially(TestNG.java:1274)
	at org.testng.TestNG.runSuitesLocally(TestNG.java:1208)
	at org.testng.TestNG.runSuites(TestNG.java:1112)
	at org.testng.TestNG.run(TestNG.java:1079)
	at org.apache.maven.surefire.testng.TestNGExecutor.run(TestNGExecutor.java:155)
	at org.apache.maven.surefire.testng.TestNGDirectoryTestSuite.executeMulti(TestNGDirectoryTestSuite.java:169)
	at org.apache.maven.surefire.testng.TestNGDirectoryTestSuite.execute(TestNGDirectoryTestSuite.java:88)
	at org.apache.maven.surefire.testng.TestNGProvider.invoke(TestNGProvider.java:137)
	at org.apache.maven.surefire.booter.ForkedBooter.runSuitesInProcess(ForkedBooter.java:385)
	at org.apache.maven.surefire.booter.ForkedBooter.execute(ForkedBooter.java:162)
	at org.apache.maven.surefire.booter.ForkedBooter.run(ForkedBooter.java:507)
	at org.apache.maven.surefire.booter.ForkedBooter.main(ForkedBooter.java:495)
]]></failure>
    <system-err><![CDATA[SLF4J(W): No SLF4J providers were found.
SLF4J(W): Defaulting to no-operation (NOP) logger implementation
SLF4J(W): See https://www.slf4j.org/codes.html#noProviders for further details.
]]></system-err>
  </testcase>
  <testcase name="clickOnClose" classname="practice.elementsTests.ButtonTest" time="0.0">
    <skipped message="&#10;Parameter &apos;browser&apos; is required by BeforeTest on method launch but has not been marked @Optional or defined&#10;"/>
  </testcase>
  <testcase name="clickOnPractice" classname="practice.elementsTests.ButtonTest" time="0.0">
    <skipped message="&#10;Parameter &apos;browser&apos; is required by BeforeTest on method launch but has not been marked @Optional or defined&#10;"/>
  </testcase>
  <testcase name="clickOnElements" classname="practice.elementsTests.ButtonTest" time="0.0">
    <skipped message="&#10;Parameter &apos;browser&apos; is required by BeforeTest on method launch but has not been marked @Optional or defined&#10;"/>
  </testcase>
  <testcase name="clickOnButtons" classname="practice.elementsTests.ButtonTest" time="0.0">
    <skipped message="&#10;Parameter &apos;browser&apos; is required by BeforeTest on method launch but has not been marked @Optional or defined&#10;"/>
  </testcase>
  <testcase name="clickOnDoubleClickButton" classname="practice.elementsTests.ButtonTest" time="0.0">
    <skipped message="&#10;Parameter &apos;browser&apos; is required by BeforeTest on method launch but has not been marked @Optional or defined&#10;"/>
  </testcase>
  <testcase name="clickOnRightClickButton" classname="practice.elementsTests.ButtonTest" time="0.0">
    <skipped message="&#10;Parameter &apos;browser&apos; is required by BeforeTest on method launch but has not been marked @Optional or defined&#10;"/>
  </testcase>
  <testcase name="clickOnSingleClickButton" classname="practice.elementsTests.ButtonTest" time="0.0">
    <skipped message="&#10;Parameter &apos;browser&apos; is required by BeforeTest on method launch but has not been marked @Optional or defined&#10;"/>
  </testcase>
  <testcase name="launch" classname="practice.elementsTests.CheckBoxTest" time="0.0">
    <skipped/>
  </testcase>
  <testcase name="clickOnClose" classname="practice.elementsTests.CheckBoxTest" time="0.0">
    <skipped message="&#10;Parameter &apos;browser&apos; is required by BeforeTest on method launch but has not been marked @Optional or defined&#10;"/>
  </testcase>
  <testcase name="clickOnPractice" classname="practice.elementsTests.CheckBoxTest" time="0.0">
    <skipped message="&#10;Parameter &apos;browser&apos; is required by BeforeTest on method launch but has not been marked @Optional or defined&#10;"/>
  </testcase>
  <testcase name="clickOnElements" classname="practice.elementsTests.CheckBoxTest" time="0.0">
    <skipped message="&#10;Parameter &apos;browser&apos; is required by BeforeTest on method launch but has not been marked @Optional or defined&#10;"/>
  </testcase>
  <testcase name="clickCheckBox" classname="practice.elementsTests.CheckBoxTest" time="0.0">
    <skipped message="&#10;Parameter &apos;browser&apos; is required by BeforeTest on method launch but has not been marked @Optional or defined&#10;"/>
  </testcase>
  <testcase name="clickMobileCheckBox" classname="practice.elementsTests.CheckBoxTest" time="0.0">
    <skipped message="&#10;Parameter &apos;browser&apos; is required by BeforeTest on method launch but has not been marked @Optional or defined&#10;"/>
  </testcase>
  <testcase name="clickLaptopCheckBox" classname="practice.elementsTests.CheckBoxTest" time="0.0">
    <skipped message="&#10;Parameter &apos;browser&apos; is required by BeforeTest on method launch but has not been marked @Optional or defined&#10;"/>
  </testcase>
  <testcase name="clickDesktopCheckBox" classname="practice.elementsTests.CheckBoxTest" time="0.0">
    <skipped message="&#10;Parameter &apos;browser&apos; is required by BeforeTest on method launch but has not been marked @Optional or defined&#10;"/>
  </testcase>
  <testcase name="launch" classname="practice.elementsTests.LinksTest" time="0.0">
    <skipped/>
  </testcase>
  <testcase name="clickOnClose" classname="practice.elementsTests.LinksTest" time="0.0">
    <skipped message="&#10;Parameter &apos;browser&apos; is required by BeforeTest on method launch but has not been marked @Optional or defined&#10;"/>
  </testcase>
  <testcase name="clickOnPractice" classname="practice.elementsTests.LinksTest" time="0.0">
    <skipped message="&#10;Parameter &apos;browser&apos; is required by BeforeTest on method launch but has not been marked @Optional or defined&#10;"/>
  </testcase>
  <testcase name="clickOnElements" classname="practice.elementsTests.LinksTest" time="0.0">
    <skipped message="&#10;Parameter &apos;browser&apos; is required by BeforeTest on method launch but has not been marked @Optional or defined&#10;"/>
  </testcase>
  <testcase name="clickOnLinksButton" classname="practice.elementsTests.LinksTest" time="0.0">
    <skipped message="&#10;Parameter &apos;browser&apos; is required by BeforeTest on method launch but has not been marked @Optional or defined&#10;"/>
  </testcase>
  <testcase name="clickOnDemoPageLink" classname="practice.elementsTests.LinksTest" time="0.0">
    <skipped message="&#10;Parameter &apos;browser&apos; is required by BeforeTest on method launch but has not been marked @Optional or defined&#10;"/>
  </testcase>
  <testcase name="validateOpenTabsTitle" classname="practice.elementsTests.LinksTest" time="0.0">
    <skipped message="&#10;Parameter &apos;browser&apos; is required by BeforeTest on method launch but has not been marked @Optional or defined&#10;"/>
  </testcase>
  <testcase name="launch" classname="practice.elementsTests.LoginTest" time="0.0">
    <skipped/>
  </testcase>
  <testcase name="userLogin[username1, password1](1)" classname="practice.elementsTests.LoginTest" time="0.0">
    <skipped message="&#10;Parameter &apos;browser&apos; is required by BeforeTest on method launch but has not been marked @Optional or defined&#10;"/>
  </testcase>
  <testcase name="userLogin[username2, password2](2)" classname="practice.elementsTests.LoginTest" time="0.0">
    <skipped message="&#10;Parameter &apos;browser&apos; is required by BeforeTest on method launch but has not been marked @Optional or defined&#10;"/>
  </testcase>
  <testcase name="userLogin[username3, password3](3)" classname="practice.elementsTests.LoginTest" time="0.0">
    <skipped message="&#10;Parameter &apos;browser&apos; is required by BeforeTest on method launch but has not been marked @Optional or defined&#10;"/>
  </testcase>
  <testcase name="launch" classname="practice.elementsTests.RadioButtonTest" time="0.0">
    <skipped/>
  </testcase>
  <testcase name="clickOnClose" classname="practice.elementsTests.RadioButtonTest" time="0.0">
    <skipped message="&#10;Parameter &apos;browser&apos; is required by BeforeTest on method launch but has not been marked @Optional or defined&#10;"/>
  </testcase>
  <testcase name="clickOnPractice" classname="practice.elementsTests.RadioButtonTest" time="0.0">
    <skipped message="&#10;Parameter &apos;browser&apos; is required by BeforeTest on method launch but has not been marked @Optional or defined&#10;"/>
  </testcase>
  <testcase name="clickOnElements" classname="practice.elementsTests.RadioButtonTest" time="0.0">
    <skipped message="&#10;Parameter &apos;browser&apos; is required by BeforeTest on method launch but has not been marked @Optional or defined&#10;"/>
  </testcase>
  <testcase name="clickOnRadioButtons" classname="practice.elementsTests.RadioButtonTest" time="0.0">
    <skipped message="&#10;Parameter &apos;browser&apos; is required by BeforeTest on method launch but has not been marked @Optional or defined&#10;"/>
  </testcase>
  <testcase name="clickOnYesRadioButton" classname="practice.elementsTests.RadioButtonTest" time="0.0">
    <skipped message="&#10;Parameter &apos;browser&apos; is required by BeforeTest on method launch but has not been marked @Optional or defined&#10;"/>
  </testcase>
  <testcase name="clickOnImpressiveRadioButton" classname="practice.elementsTests.RadioButtonTest" time="0.0">
    <skipped message="&#10;Parameter &apos;browser&apos; is required by BeforeTest on method launch but has not been marked @Optional or defined&#10;"/>
  </testcase>
  <testcase name="clickOnNoRadioButton" classname="practice.elementsTests.RadioButtonTest" time="0.0">
    <skipped message="&#10;Parameter &apos;browser&apos; is required by BeforeTest on method launch but has not been marked @Optional or defined&#10;"/>
  </testcase>
  <testcase name="launch" classname="practice.elementsTests.TextBoxTest" time="0.0">
    <skipped/>
  </testcase>
  <testcase name="clickOnClose" classname="practice.elementsTests.TextBoxTest" time="0.0">
    <skipped message="&#10;Parameter &apos;browser&apos; is required by BeforeTest on method launch but has not been marked @Optional or defined&#10;"/>
  </testcase>
  <testcase name="clickOnPractice" classname="practice.elementsTests.TextBoxTest" time="0.0">
    <skipped message="&#10;Parameter &apos;browser&apos; is required by BeforeTest on method launch but has not been marked @Optional or defined&#10;"/>
  </testcase>
  <testcase name="clickOnElements" classname="practice.elementsTests.TextBoxTest" time="0.0">
    <skipped message="&#10;Parameter &apos;browser&apos; is required by BeforeTest on method launch but has not been marked @Optional or defined&#10;"/>
  </testcase>
  <testcase name="clickOnTextBox" classname="practice.elementsTests.TextBoxTest" time="0.0">
    <skipped message="&#10;Parameter &apos;browser&apos; is required by BeforeTest on method launch but has not been marked @Optional or defined&#10;"/>
  </testcase>
  <testcase name="formFillUp" classname="practice.elementsTests.TextBoxTest" time="0.0">
    <skipped message="&#10;Parameter &apos;browser&apos; is required by BeforeTest on method launch but has not been marked @Optional or defined&#10;"/>
  </testcase>
  <testcase name="launch" classname="practice.elementsTests.UploadAndDownloadTest" time="0.0">
    <skipped/>
  </testcase>
  <testcase name="clickOnClose" classname="practice.elementsTests.UploadAndDownloadTest" time="0.0">
    <skipped message="&#10;Parameter &apos;browser&apos; is required by BeforeTest on method launch but has not been marked @Optional or defined&#10;"/>
  </testcase>
  <testcase name="clickOnPractice" classname="practice.elementsTests.UploadAndDownloadTest" time="0.0">
    <skipped message="&#10;Parameter &apos;browser&apos; is required by BeforeTest on method launch but has not been marked @Optional or defined&#10;"/>
  </testcase>
  <testcase name="clickOnElements" classname="practice.elementsTests.UploadAndDownloadTest" time="0.0">
    <skipped message="&#10;Parameter &apos;browser&apos; is required by BeforeTest on method launch but has not been marked @Optional or defined&#10;"/>
  </testcase>
  <testcase name="clickOnUploadAndDownloadButton" classname="practice.elementsTests.UploadAndDownloadTest" time="0.0">
    <skipped message="&#10;Parameter &apos;browser&apos; is required by BeforeTest on method launch but has not been marked @Optional or defined&#10;"/>
  </testcase>
  <testcase name="performUpload" classname="practice.elementsTests.UploadAndDownloadTest" time="0.0">
    <skipped message="&#10;Parameter &apos;browser&apos; is required by BeforeTest on method launch but has not been marked @Optional or defined&#10;"/>
  </testcase>
  <testcase name="launch" classname="practice.elementsTests.WebTableTest" time="0.0">
    <skipped/>
  </testcase>
  <testcase name="clickOnClose" classname="practice.elementsTests.WebTableTest" time="0.0">
    <skipped message="&#10;Parameter &apos;browser&apos; is required by BeforeTest on method launch but has not been marked @Optional or defined&#10;"/>
  </testcase>
  <testcase name="clickOnPractice" classname="practice.elementsTests.WebTableTest" time="0.0">
    <skipped message="Method practice.elementsTests.WebTableTest.clickOnPractice() on instance practice.elementsTests.WebTableTest@121314f7 depends on not successfully finished methods &#10;[practice.elementsTests.WebTableTest.clickOnClose() on instance practice.elementsTests.WebTableTest@121314f7]"/>
  </testcase>
  <testcase name="clickOnElements" classname="practice.elementsTests.WebTableTest" time="0.0">
    <skipped message="Method practice.elementsTests.WebTableTest.clickOnElements() on instance practice.elementsTests.WebTableTest@121314f7 depends on not successfully finished methods &#10;[practice.elementsTests.WebTableTest.clickOnPractice() on instance practice.elementsTests.WebTableTest@121314f7]"/>
  </testcase>
  <testcase name="clickOnWebTable" classname="practice.elementsTests.WebTableTest" time="0.0">
    <skipped message="&#10;Parameter &apos;browser&apos; is required by BeforeTest on method launch but has not been marked @Optional or defined&#10;"/>
  </testcase>
  <testcase name="enterDataInWebTable" classname="practice.elementsTests.WebTableTest" time="0.0">
    <skipped message="&#10;Parameter &apos;browser&apos; is required by BeforeTest on method launch but has not been marked @Optional or defined&#10;"/>
  </testcase>
  <testcase name="clickOnEdit" classname="practice.elementsTests.WebTableTest" time="0.0">
    <skipped message="Method practice.elementsTests.WebTableTest.clickOnEdit() on instance practice.elementsTests.WebTableTest@121314f7 depends on not successfully finished methods &#10;[practice.elementsTests.WebTableTest.enterDataInWebTable() on instance practice.elementsTests.WebTableTest@121314f7]"/>
  </testcase>
  <testcase name="clicOnCancel" classname="practice.elementsTests.WebTableTest" time="0.0">
    <skipped message="Method practice.elementsTests.WebTableTest.clicOnCancel() on instance practice.elementsTests.WebTableTest@121314f7 depends on not successfully finished methods &#10;[practice.elementsTests.WebTableTest.enterDataInWebTable() on instance practice.elementsTests.WebTableTest@121314f7]"/>
  </testcase>
  <testcase name="launch" classname="practice.widgetsTests.MenuTest" time="0.0">
    <skipped/>
  </testcase>
  <testcase name="clickOnClose" classname="practice.widgetsTests.MenuTest" time="0.0">
    <skipped message="&#10;Parameter &apos;browser&apos; is required by BeforeTest on method launch but has not been marked @Optional or defined&#10;"/>
  </testcase>
  <testcase name="clickOnPractice" classname="practice.widgetsTests.MenuTest" time="0.0">
    <skipped message="Method practice.widgetsTests.MenuTest.clickOnPractice() on instance practice.widgetsTests.MenuTest@130c12b7 depends on not successfully finished methods &#10;[practice.widgetsTests.MenuTest.clickOnClose() on instance practice.widgetsTests.MenuTest@130c12b7]"/>
  </testcase>
  <testcase name="clickOnWidgets" classname="practice.widgetsTests.MenuTest" time="0.0">
    <skipped message="Method practice.widgetsTests.MenuTest.clickOnWidgets() on instance practice.widgetsTests.MenuTest@130c12b7 depends on not successfully finished methods &#10;[practice.widgetsTests.MenuTest.clickOnPractice() on instance practice.widgetsTests.MenuTest@130c12b7]"/>
  </testcase>
  <testcase name="clickOnMenu" classname="practice.widgetsTests.MenuTest" time="0.0">
    <skipped message="Method practice.widgetsTests.MenuTest.clickOnMenu() on instance practice.widgetsTests.MenuTest@130c12b7 depends on not successfully finished methods &#10;[practice.widgetsTests.MenuTest.clickOnWidgets() on instance practice.widgetsTests.MenuTest@130c12b7]"/>
  </testcase>
  <testcase name="chooseServicesUITest" classname="practice.widgetsTests.MenuTest" time="0.0">
    <skipped message="Method practice.widgetsTests.MenuTest.chooseServicesUITest() on instance practice.widgetsTests.MenuTest@130c12b7 depends on not successfully finished methods &#10;[practice.widgetsTests.MenuTest.clickOnMenu() on instance practice.widgetsTests.MenuTest@130c12b7]"/>
  </testcase>
  <testcase name="launch" classname="practice.widgetsTests.SelectMenuTest" time="0.0">
    <skipped/>
  </testcase>
  <testcase name="clickOnClose" classname="practice.widgetsTests.SelectMenuTest" time="0.0">
    <skipped message="&#10;Parameter &apos;browser&apos; is required by BeforeTest on method launch but has not been marked @Optional or defined&#10;"/>
  </testcase>
  <testcase name="clickOnPractice" classname="practice.widgetsTests.SelectMenuTest" time="0.0">
    <skipped message="Method practice.widgetsTests.SelectMenuTest.clickOnPractice() on instance practice.widgetsTests.SelectMenuTest@5e600dd5 depends on not successfully finished methods &#10;[practice.widgetsTests.SelectMenuTest.clickOnClose() on instance practice.widgetsTests.SelectMenuTest@5e600dd5]"/>
  </testcase>
  <testcase name="clickOnWidgets" classname="practice.widgetsTests.SelectMenuTest" time="0.0">
    <skipped message="Method practice.widgetsTests.SelectMenuTest.clickOnWidgets() on instance practice.widgetsTests.SelectMenuTest@5e600dd5 depends on not successfully finished methods &#10;[practice.widgetsTests.SelectMenuTest.clickOnPractice() on instance practice.widgetsTests.SelectMenuTest@5e600dd5]"/>
  </testcase>
  <testcase name="clickOnSelectMenu" classname="practice.widgetsTests.SelectMenuTest" time="0.0">
    <skipped message="Method practice.widgetsTests.SelectMenuTest.clickOnSelectMenu() on instance practice.widgetsTests.SelectMenuTest@5e600dd5 depends on not successfully finished methods &#10;[practice.widgetsTests.SelectMenuTest.clickOnWidgets() on instance practice.widgetsTests.SelectMenuTest@5e600dd5]"/>
  </testcase>
  <testcase name="chooseSelectValueOptions" classname="practice.widgetsTests.SelectMenuTest" time="0.0">
    <skipped message="Method practice.widgetsTests.SelectMenuTest.chooseSelectValueOptions() on instance practice.widgetsTests.SelectMenuTest@5e600dd5 depends on not successfully finished methods &#10;[practice.widgetsTests.SelectMenuTest.clickOnSelectMenu() on instance practice.widgetsTests.SelectMenuTest@5e600dd5]"/>
  </testcase>
  <testcase name="chooseSelectOneOption" classname="practice.widgetsTests.SelectMenuTest" time="0.0">
    <skipped message="Method practice.widgetsTests.SelectMenuTest.chooseSelectOneOption() on instance practice.widgetsTests.SelectMenuTest@5e600dd5 depends on not successfully finished methods &#10;[practice.widgetsTests.SelectMenuTest.clickOnSelectMenu() on instance practice.widgetsTests.SelectMenuTest@5e600dd5]"/>
  </testcase>
  <testcase name="chooseMultipleOptions" classname="practice.widgetsTests.SelectMenuTest" time="0.0">
    <skipped message="Method practice.widgetsTests.SelectMenuTest.chooseMultipleOptions() on instance practice.widgetsTests.SelectMenuTest@5e600dd5 depends on not successfully finished methods &#10;[practice.widgetsTests.SelectMenuTest.clickOnSelectMenu() on instance practice.widgetsTests.SelectMenuTest@5e600dd5]"/>
  </testcase>
  <testcase name="launch" classname="practice.widgetsTests.SliderTest" time="0.0">
    <skipped/>
  </testcase>
  <testcase name="clickOnClose" classname="practice.widgetsTests.SliderTest" time="0.0">
    <skipped message="&#10;Parameter &apos;browser&apos; is required by BeforeTest on method launch but has not been marked @Optional or defined&#10;"/>
  </testcase>
  <testcase name="clickOnPractice" classname="practice.widgetsTests.SliderTest" time="0.0">
    <skipped message="Method practice.widgetsTests.SliderTest.clickOnPractice() on instance practice.widgetsTests.SliderTest@576d5deb depends on not successfully finished methods &#10;[practice.widgetsTests.SliderTest.clickOnClose() on instance practice.widgetsTests.SliderTest@576d5deb]"/>
  </testcase>
  <testcase name="clickOnWidgets" classname="practice.widgetsTests.SliderTest" time="0.0">
    <skipped message="Method practice.widgetsTests.SliderTest.clickOnWidgets() on instance practice.widgetsTests.SliderTest@576d5deb depends on not successfully finished methods &#10;[practice.widgetsTests.SliderTest.clickOnPractice() on instance practice.widgetsTests.SliderTest@576d5deb]"/>
  </testcase>
  <testcase name="clickOnSlider" classname="practice.widgetsTests.SliderTest" time="0.0">
    <skipped message="Method practice.widgetsTests.SliderTest.clickOnSlider() on instance practice.widgetsTests.SliderTest@576d5deb depends on not successfully finished methods &#10;[practice.widgetsTests.SliderTest.clickOnWidgets() on instance practice.widgetsTests.SliderTest@576d5deb]"/>
  </testcase>
  <testcase name="slidePointer" classname="practice.widgetsTests.SliderTest" time="0.0">
    <skipped message="Method practice.widgetsTests.SliderTest.slidePointer() on instance practice.widgetsTests.SliderTest@576d5deb depends on not successfully finished methods &#10;[practice.widgetsTests.SliderTest.clickOnSlider() on instance practice.widgetsTests.SliderTest@576d5deb]"/>
  </testcase>
  <testcase name="colorSlide" classname="practice.widgetsTests.SliderTest" time="0.0">
    <skipped message="&#10;Parameter &apos;browser&apos; is required by BeforeTest on method launch but has not been marked @Optional or defined&#10;"/>
  </testcase>
  <testcase name="clickOnClose" classname="practice.alertsFrameAndWindowsTests.AlertsTest" time="0.0">
    <skipped message="&#10;Parameter &apos;browser&apos; is required by BeforeTest on method launch but has not been marked @Optional or defined&#10;"/>
  </testcase>
  <testcase name="clickOnPractice" classname="practice.alertsFrameAndWindowsTests.AlertsTest" time="0.0">
    <skipped message="Method practice.alertsFrameAndWindowsTests.AlertsTest.clickOnPractice() on instance practice.alertsFrameAndWindowsTests.AlertsTest@52b1beb6 depends on not successfully finished methods &#10;[practice.alertsFrameAndWindowsTests.AlertsTest.clickOnClose() on instance practice.alertsFrameAndWindowsTests.AlertsTest@52b1beb6]"/>
  </testcase>
  <testcase name="clickOnAlertsFrameAndWindows" classname="practice.alertsFrameAndWindowsTests.AlertsTest" time="0.0">
    <skipped message="Method practice.alertsFrameAndWindowsTests.AlertsTest.clickOnAlertsFrameAndWindows() on instance practice.alertsFrameAndWindowsTests.AlertsTest@52b1beb6 depends on not successfully finished methods &#10;[practice.alertsFrameAndWindowsTests.AlertsTest.clickOnPractice() on instance practice.alertsFrameAndWindowsTests.AlertsTest@52b1beb6]"/>
  </testcase>
  <testcase name="clickOnAlerts" classname="practice.alertsFrameAndWindowsTests.AlertsTest" time="0.0">
    <skipped message="Method practice.alertsFrameAndWindowsTests.AlertsTest.clickOnAlerts() on instance practice.alertsFrameAndWindowsTests.AlertsTest@52b1beb6 depends on not successfully finished methods &#10;[practice.alertsFrameAndWindowsTests.AlertsTest.clickOnAlertsFrameAndWindows() on instance practice.alertsFrameAndWindowsTests.AlertsTest@52b1beb6]"/>
  </testcase>
  <testcase name="clickOnSeeAlertAndAcceptButton" classname="practice.alertsFrameAndWindowsTests.AlertsTest" time="0.0">
    <skipped message="&#10;Parameter &apos;browser&apos; is required by BeforeTest on method launch but has not been marked @Optional or defined&#10;"/>
  </testcase>
  <testcase name="clickOnWaitAlertAndAcceptButton" classname="practice.alertsFrameAndWindowsTests.AlertsTest" time="0.0">
    <skipped message="&#10;Parameter &apos;browser&apos; is required by BeforeTest on method launch but has not been marked @Optional or defined&#10;"/>
  </testcase>
  <testcase name="clickOnAlertAndAcceptButton" classname="practice.alertsFrameAndWindowsTests.AlertsTest" time="0.0">
    <skipped message="&#10;Parameter &apos;browser&apos; is required by BeforeTest on method launch but has not been marked @Optional or defined&#10;"/>
  </testcase>
  <testcase name="clickOnAlertAndCancelButton" classname="practice.alertsFrameAndWindowsTests.AlertsTest" time="0.0">
    <skipped message="&#10;Parameter &apos;browser&apos; is required by BeforeTest on method launch but has not been marked @Optional or defined&#10;"/>
  </testcase>
  <testcase name="clickOnPromptInputAndAccept" classname="practice.alertsFrameAndWindowsTests.AlertsTest" time="0.0">
    <skipped message="&#10;Parameter &apos;browser&apos; is required by BeforeTest on method launch but has not been marked @Optional or defined&#10;"/>
  </testcase>
  <testcase name="clickOnPromptAndCancel" classname="practice.alertsFrameAndWindowsTests.AlertsTest" time="0.0">
    <skipped message="&#10;Parameter &apos;browser&apos; is required by BeforeTest on method launch but has not been marked @Optional or defined&#10;"/>
  </testcase>
  <testcase name="clickOnClose" classname="practice.alertsFrameAndWindowsTests.BrowserWindowsTest" time="0.0">
    <skipped message="&#10;Parameter &apos;browser&apos; is required by BeforeTest on method launch but has not been marked @Optional or defined&#10;"/>
  </testcase>
  <testcase name="clickOnPractice" classname="practice.alertsFrameAndWindowsTests.BrowserWindowsTest" time="0.0">
    <skipped message="Method practice.alertsFrameAndWindowsTests.BrowserWindowsTest.clickOnPractice() on instance practice.alertsFrameAndWindowsTests.BrowserWindowsTest@771a660 depends on not successfully finished methods &#10;[practice.alertsFrameAndWindowsTests.BrowserWindowsTest.clickOnClose() on instance practice.alertsFrameAndWindowsTests.BrowserWindowsTest@771a660]"/>
  </testcase>
  <testcase name="clickOnAlertsFrameAndWindows" classname="practice.alertsFrameAndWindowsTests.BrowserWindowsTest" time="0.0">
    <skipped message="Method practice.alertsFrameAndWindowsTests.BrowserWindowsTest.clickOnAlertsFrameAndWindows() on instance practice.alertsFrameAndWindowsTests.BrowserWindowsTest@771a660 depends on not successfully finished methods &#10;[practice.alertsFrameAndWindowsTests.BrowserWindowsTest.clickOnPractice() on instance practice.alertsFrameAndWindowsTests.BrowserWindowsTest@771a660]"/>
  </testcase>
  <testcase name="clickOnAlerts" classname="practice.alertsFrameAndWindowsTests.BrowserWindowsTest" time="0.0">
    <skipped message="Method practice.alertsFrameAndWindowsTests.BrowserWindowsTest.clickOnAlerts() on instance practice.alertsFrameAndWindowsTests.BrowserWindowsTest@771a660 depends on not successfully finished methods &#10;[practice.alertsFrameAndWindowsTests.BrowserWindowsTest.clickOnAlertsFrameAndWindows() on instance practice.alertsFrameAndWindowsTests.BrowserWindowsTest@771a660]"/>
  </testcase>
  <testcase name="clickOnNewTabButton" classname="practice.alertsFrameAndWindowsTests.BrowserWindowsTest" time="0.0">
    <skipped message="&#10;Parameter &apos;browser&apos; is required by BeforeTest on method launch but has not been marked @Optional or defined&#10;"/>
  </testcase>
  <testcase name="clickOnNewWindowButton" classname="practice.alertsFrameAndWindowsTests.BrowserWindowsTest" time="0.0">
    <skipped message="&#10;Parameter &apos;browser&apos; is required by BeforeTest on method launch but has not been marked @Optional or defined&#10;"/>
  </testcase>
  <testcase name="clickOnNewWindowMessageButton" classname="practice.alertsFrameAndWindowsTests.BrowserWindowsTest" time="0.0">
    <skipped message="&#10;Parameter &apos;browser&apos; is required by BeforeTest on method launch but has not been marked @Optional or defined&#10;"/>
  </testcase>
  <testcase name="clickOnClose" classname="practice.alertsFrameAndWindowsTests.FramesTest" time="0.0">
    <skipped message="&#10;Parameter &apos;browser&apos; is required by BeforeTest on method launch but has not been marked @Optional or defined&#10;"/>
  </testcase>
  <testcase name="clickOnPractice" classname="practice.alertsFrameAndWindowsTests.FramesTest" time="0.0">
    <skipped message="Method practice.alertsFrameAndWindowsTests.FramesTest.clickOnPractice() on instance practice.alertsFrameAndWindowsTests.FramesTest@2d52216b depends on not successfully finished methods &#10;[practice.alertsFrameAndWindowsTests.FramesTest.clickOnClose() on instance practice.alertsFrameAndWindowsTests.FramesTest@2d52216b]"/>
  </testcase>
  <testcase name="clickOnAlertsFrameAndWindows" classname="practice.alertsFrameAndWindowsTests.FramesTest" time="0.0">
    <skipped message="Method practice.alertsFrameAndWindowsTests.FramesTest.clickOnAlertsFrameAndWindows() on instance practice.alertsFrameAndWindowsTests.FramesTest@2d52216b depends on not successfully finished methods &#10;[practice.alertsFrameAndWindowsTests.FramesTest.clickOnPractice() on instance practice.alertsFrameAndWindowsTests.FramesTest@2d52216b]"/>
  </testcase>
  <testcase name="clickOnAlerts" classname="practice.alertsFrameAndWindowsTests.FramesTest" time="0.0">
    <skipped message="Method practice.alertsFrameAndWindowsTests.FramesTest.clickOnAlerts() on instance practice.alertsFrameAndWindowsTests.FramesTest@2d52216b depends on not successfully finished methods &#10;[practice.alertsFrameAndWindowsTests.FramesTest.clickOnAlertsFrameAndWindows() on instance practice.alertsFrameAndWindowsTests.FramesTest@2d52216b]"/>
  </testcase>
  <testcase name="enterInFrame1" classname="practice.alertsFrameAndWindowsTests.FramesTest" time="0.0">
    <skipped message="&#10;Parameter &apos;browser&apos; is required by BeforeTest on method launch but has not been marked @Optional or defined&#10;"/>
  </testcase>
  <testcase name="enterInFrame2" classname="practice.alertsFrameAndWindowsTests.FramesTest" time="0.0">
    <skipped message="&#10;Parameter &apos;browser&apos; is required by BeforeTest on method launch but has not been marked @Optional or defined&#10;"/>
  </testcase>
  <testcase name="clickOnClose" classname="practice.alertsFrameAndWindowsTests.ModalDialogsTest" time="0.0">
    <skipped message="&#10;Parameter &apos;browser&apos; is required by BeforeTest on method launch but has not been marked @Optional or defined&#10;"/>
  </testcase>
  <testcase name="clickOnPractice" classname="practice.alertsFrameAndWindowsTests.ModalDialogsTest" time="0.0">
    <skipped message="Method practice.alertsFrameAndWindowsTests.ModalDialogsTest.clickOnPractice() on instance practice.alertsFrameAndWindowsTests.ModalDialogsTest@242b836 depends on not successfully finished methods &#10;[practice.alertsFrameAndWindowsTests.ModalDialogsTest.clickOnClose() on instance practice.alertsFrameAndWindowsTests.ModalDialogsTest@242b836]"/>
  </testcase>
  <testcase name="clickOnAlertsFrameAndWindows" classname="practice.alertsFrameAndWindowsTests.ModalDialogsTest" time="0.0">
    <skipped message="Method practice.alertsFrameAndWindowsTests.ModalDialogsTest.clickOnAlertsFrameAndWindows() on instance practice.alertsFrameAndWindowsTests.ModalDialogsTest@242b836 depends on not successfully finished methods &#10;[practice.alertsFrameAndWindowsTests.ModalDialogsTest.clickOnPractice() on instance practice.alertsFrameAndWindowsTests.ModalDialogsTest@242b836]"/>
  </testcase>
  <testcase name="clickOnModalDialogs" classname="practice.alertsFrameAndWindowsTests.ModalDialogsTest" time="0.0">
    <skipped message="Method practice.alertsFrameAndWindowsTests.ModalDialogsTest.clickOnModalDialogs() on instance practice.alertsFrameAndWindowsTests.ModalDialogsTest@242b836 depends on not successfully finished methods &#10;[practice.alertsFrameAndWindowsTests.ModalDialogsTest.clickOnAlertsFrameAndWindows() on instance practice.alertsFrameAndWindowsTests.ModalDialogsTest@242b836]"/>
  </testcase>
  <testcase name="smallDialogModal" classname="practice.alertsFrameAndWindowsTests.ModalDialogsTest" time="0.0">
    <skipped message="Method practice.alertsFrameAndWindowsTests.ModalDialogsTest.smallDialogModal() on instance practice.alertsFrameAndWindowsTests.ModalDialogsTest@242b836 depends on not successfully finished methods &#10;[practice.alertsFrameAndWindowsTests.ModalDialogsTest.clickOnModalDialogs() on instance practice.alertsFrameAndWindowsTests.ModalDialogsTest@242b836]"/>
  </testcase>
  <testcase name="largeDialogModal" classname="practice.alertsFrameAndWindowsTests.ModalDialogsTest" time="0.0">
    <skipped message="&#10;Parameter &apos;browser&apos; is required by BeforeTest on method launch but has not been marked @Optional or defined&#10;"/>
  </testcase>
  <testcase name="clickOnClose" classname="practice.alertsFrameAndWindowsTests.NestedFramesTest" time="0.0">
    <skipped message="&#10;Parameter &apos;browser&apos; is required by BeforeTest on method launch but has not been marked @Optional or defined&#10;"/>
  </testcase>
  <testcase name="clickOnPractice" classname="practice.alertsFrameAndWindowsTests.NestedFramesTest" time="0.0">
    <skipped message="Method practice.alertsFrameAndWindowsTests.NestedFramesTest.clickOnPractice() on instance practice.alertsFrameAndWindowsTests.NestedFramesTest@3f6f6701 depends on not successfully finished methods &#10;[practice.alertsFrameAndWindowsTests.NestedFramesTest.clickOnClose() on instance practice.alertsFrameAndWindowsTests.NestedFramesTest@3f6f6701]"/>
  </testcase>
  <testcase name="clickOnAlertsFrameAndWindows" classname="practice.alertsFrameAndWindowsTests.NestedFramesTest" time="0.0">
    <skipped message="Method practice.alertsFrameAndWindowsTests.NestedFramesTest.clickOnAlertsFrameAndWindows() on instance practice.alertsFrameAndWindowsTests.NestedFramesTest@3f6f6701 depends on not successfully finished methods &#10;[practice.alertsFrameAndWindowsTests.NestedFramesTest.clickOnPractice() on instance practice.alertsFrameAndWindowsTests.NestedFramesTest@3f6f6701]"/>
  </testcase>
  <testcase name="clickOnNestedFrames" classname="practice.alertsFrameAndWindowsTests.NestedFramesTest" time="0.0">
    <skipped message="Method practice.alertsFrameAndWindowsTests.NestedFramesTest.clickOnNestedFrames() on instance practice.alertsFrameAndWindowsTests.NestedFramesTest@3f6f6701 depends on not successfully finished methods &#10;[practice.alertsFrameAndWindowsTests.NestedFramesTest.clickOnAlertsFrameAndWindows() on instance practice.alertsFrameAndWindowsTests.NestedFramesTest@3f6f6701]"/>
  </testcase>
  <testcase name="getInnerFrameText" classname="practice.alertsFrameAndWindowsTests.NestedFramesTest" time="0.0">
    <skipped message="Method practice.alertsFrameAndWindowsTests.NestedFramesTest.getInnerFrameText() on instance practice.alertsFrameAndWindowsTests.NestedFramesTest@3f6f6701 depends on not successfully finished methods &#10;[practice.alertsFrameAndWindowsTests.NestedFramesTest.clickOnNestedFrames() on instance practice.alertsFrameAndWindowsTests.NestedFramesTest@3f6f6701]"/>
  </testcase>
</testsuite>